ADMIN logged in successfully on Mon Feb 25 12:19:37 GMT 2013
ADMIN Added application "Solr Monitoring" on Mon Feb 25 12:25:56 GMT 2013
ADMIN Added solr/archive:id=org.apache.solr.handler.component.SearchHandler,type=standard to application Solr Monitoring on Mon Feb 25 12:26:54 GMT 2013
ADMIN Added solr/alfresco:id=org.apache.solr.handler.component.SearchHandler,type=/afts to application Solr Monitoring on Mon Feb 25 12:33:30 GMT 2013
ADMIN logged in successfully on Mon Feb 25 13:01:41 GMT 2013
ADMIN logged in successfully on Mon Feb 25 14:24:28 GMT 2013
ADMIN logged in successfully on Mon Feb 25 16:18:43 GMT 2013
ADMIN logged in successfully on Mon Feb 25 16:19:18 GMT 2013
ADMIN logged in successfully on Mon Feb 25 18:21:08 GMT 2013
ADMIN logged in successfully on Mon Feb 25 18:27:44 GMT 2013
ADMIN Added application "Alfresco" on Mon Feb 25 18:28:50 GMT 2013
ADMIN Updated application "Alfresco" on Mon Feb 25 18:30:23 GMT 2013
ADMIN Updated application "Alfresco" on Mon Feb 25 18:30:51 GMT 2013
ADMIN Added Alfresco:Name=ConnectionPool to application Alfresco on Mon Feb 25 18:32:30 GMT 2013
ADMIN Performed getNumActive on Alfresco:Name=ConnectionPool in application Alfresco on Mon Feb 25 18:32:55 GMT 2013
ADMIN logged in successfully on Mon Feb 25 18:36:54 GMT 2013
ADMIN logged in successfully on Mon Feb 25 22:02:14 GMT 2013
ADMIN logged in successfully on Tue Feb 26 10:39:22 GMT 2013
ADMIN logged in successfully on Tue Feb 26 11:30:31 GMT 2013
ADMIN logged in successfully on Tue Feb 26 11:50:22 GMT 2013
ADMIN logged in successfully on Tue Feb 26 11:51:35 GMT 2013
ADMIN logged in successfully on Tue Feb 26 11:52:46 GMT 2013
ADMIN logged in successfully on Tue Feb 26 11:53:11 GMT 2013
ADMIN logged in successfully on Tue Feb 26 11:54:10 GMT 2013
ADMIN logged in successfully on Tue Feb 26 12:15:30 GMT 2013
ADMIN logged in successfully on Tue Feb 26 12:42:41 GMT 2013
ADMIN logged in successfully on Tue Feb 26 12:49:46 GMT 2013
ADMIN Added solr/archive:id=org.apache.solr.handler.component.QueryComponent,type=org.apache.solr.handler.component.QueryComponent to application Solr Monitoring on Tue Feb 26 12:59:17 GMT 2013
ADMIN Added solr/archive:id=org.apache.solr.search.LRUCache,type=queryResultCache to application Solr Monitoring on Tue Feb 26 12:59:52 GMT 2013
ADMIN Removed mbean solr/archive:id=org.apache.solr.handler.component.SearchHandler,type=standard from application Solr Monitoring on Tue Feb 26 13:00:30 GMT 2013
ADMIN Removed mbean solr/archive:id=org.apache.solr.handler.component.QueryComponent,type=org.apache.solr.handler.component.QueryComponent from application Solr Monitoring on Tue Feb 26 13:01:08 GMT 2013
ADMIN Removed mbean solr/archive:id=org.apache.solr.search.LRUCache,type=queryResultCache from application Solr Monitoring on Tue Feb 26 13:01:19 GMT 2013
ADMIN Added solr/alfresco:id=org.apache.solr.handler.component.QueryComponent,type=org.apache.solr.handler.component.QueryComponent to application Solr Monitoring on Tue Feb 26 13:02:00 GMT 2013
ADMIN Added solr/alfresco:id=org.apache.solr.search.LRUCache,type=queryResultCache to application Solr Monitoring on Tue Feb 26 13:02:58 GMT 2013
ADMIN Added solr/alfresco:id=org.apache.solr.handler.component.SearchHandler,type=tvrh to application Solr Monitoring on Tue Feb 26 13:03:44 GMT 2013
ADMIN Added solr/alfresco:id=org.apache.solr.handler.component.SearchHandler,type=/alfresco to application Solr Monitoring on Tue Feb 26 13:05:08 GMT 2013
ADMIN Added solr/alfresco:id=org.apache.solr.search.FastLRUCache,type=alfrescoAuthorityCache to application Solr Monitoring on Tue Feb 26 13:06:14 GMT 2013
ADMIN Removed mbean solr/alfresco:id=org.apache.solr.search.FastLRUCache,type=alfrescoAuthorityCache from application Solr Monitoring on Tue Feb 26 13:06:52 GMT 2013
ADMIN Added solr/alfresco:id=org.apache.solr.search.FastLRUCache,type=alfrescoAuthorityCache to application Solr Monitoring on Tue Feb 26 13:07:45 GMT 2013
ADMIN Added solr/alfresco:id=org.apache.solr.search.FastLRUCache,type=alfrescoCache to application Solr Monitoring on Tue Feb 26 13:08:07 GMT 2013
ADMIN Added solr/alfresco:id=org.apache.solr.search.FastLRUCache,type=alfrescoPathCache to application Solr Monitoring on Tue Feb 26 13:08:23 GMT 2013
ADMIN Added solr/alfresco:id=org.apache.solr.search.LRUCache,type=documentCache to application Solr Monitoring on Tue Feb 26 13:08:46 GMT 2013
ADMIN Added solr/alfresco:id=org.apache.solr.search.FastLRUCache,type=fieldValueCache to application Solr Monitoring on Tue Feb 26 13:09:12 GMT 2013
ADMIN Added solr/alfresco:id=org.apache.solr.search.FastLRUCache,type=filterCache to application Solr Monitoring on Tue Feb 26 13:09:25 GMT 2013
ADMIN logged in successfully on Tue Feb 26 13:13:05 GMT 2013
ADMIN logged in successfully on Tue Feb 26 13:52:37 GMT 2013
ADMIN Deleted application "Alfresco" on Tue Feb 26 13:52:41 GMT 2013
ADMIN logged in successfully on Tue Feb 26 14:54:58 GMT 2013
