Fev 08, 2013 1:30:25 PM org.apache.catalina.core.AprLifecycleListener init
INFO: The APR based Apache Tomcat Native library which allows optimal performance in production environments was not found on the java.library.path: /Users/lcabaceira/Library/Java/Extensions:/Library/Java/Extensions:/Network/Library/Java/Extensions:/System/Library/Java/Extensions:/usr/lib/java:.
Fev 08, 2013 1:30:25 PM org.apache.coyote.http11.Http11Protocol init
INFO: Initializing Coyote HTTP/1.1 on http-9080
Fev 08, 2013 1:30:25 PM org.apache.catalina.startup.Catalina load
INFO: Initialization processed in 493 ms
Fev 08, 2013 1:30:25 PM org.apache.catalina.core.StandardService start
INFO: Starting service Catalina
Fev 08, 2013 1:30:25 PM org.apache.catalina.core.StandardEngine start
INFO: Starting Servlet Engine: Apache Tomcat/6.0.26
Fev 08, 2013 1:30:25 PM org.apache.catalina.startup.HostConfig deployDescriptor
INFO: Deploying configuration descriptor alfresco.xml
Fev 08, 2013 1:30:25 PM org.apache.catalina.core.StandardContext resourcesStart
SEVERE: Error starting static Resources
java.lang.IllegalArgumentException: Document base /Users/lcabaceira/Alfresco/Training/ACA/Hands_on_Experience/DrAlf/tomcat/webapps/alfresco does not exist or is not a readable directory
	at org.apache.naming.resources.FileDirContext.setDocBase(FileDirContext.java:142)
	at org.apache.catalina.core.StandardContext.resourcesStart(StandardContext.java:4086)
	at org.apache.catalina.core.StandardContext.start(StandardContext.java:4255)
	at org.apache.catalina.core.ContainerBase.addChildInternal(ContainerBase.java:791)
	at org.apache.catalina.core.ContainerBase.addChild(ContainerBase.java:771)
	at org.apache.catalina.core.StandardHost.addChild(StandardHost.java:546)
	at org.apache.catalina.startup.HostConfig.deployDescriptor(HostConfig.java:637)
	at org.apache.catalina.startup.HostConfig.deployDescriptors(HostConfig.java:563)
	at org.apache.catalina.startup.HostConfig.deployApps(HostConfig.java:498)
	at org.apache.catalina.startup.HostConfig.start(HostConfig.java:1277)
	at org.apache.catalina.startup.HostConfig.lifecycleEvent(HostConfig.java:321)
	at org.apache.catalina.util.LifecycleSupport.fireLifecycleEvent(LifecycleSupport.java:119)
	at org.apache.catalina.core.ContainerBase.start(ContainerBase.java:1053)
	at org.apache.catalina.core.StandardHost.start(StandardHost.java:785)
	at org.apache.catalina.core.ContainerBase.start(ContainerBase.java:1045)
	at org.apache.catalina.core.StandardEngine.start(StandardEngine.java:443)
	at org.apache.catalina.core.StandardService.start(StandardService.java:519)
	at org.apache.catalina.core.StandardServer.start(StandardServer.java:710)
	at org.apache.catalina.startup.Catalina.start(Catalina.java:581)
	at sun.reflect.NativeMethodAccessorImpl.invoke0(Native Method)
	at sun.reflect.NativeMethodAccessorImpl.invoke(NativeMethodAccessorImpl.java:57)
	at sun.reflect.DelegatingMethodAccessorImpl.invoke(DelegatingMethodAccessorImpl.java:43)
	at java.lang.reflect.Method.invoke(Method.java:601)
	at org.apache.catalina.startup.Bootstrap.start(Bootstrap.java:289)
	at org.apache.catalina.startup.Bootstrap.main(Bootstrap.java:414)

Fev 08, 2013 1:30:25 PM org.apache.catalina.core.StandardContext start
SEVERE: Error in resourceStart()
Fev 08, 2013 1:30:25 PM org.apache.catalina.core.StandardContext start
SEVERE: Error getConfigured
Fev 08, 2013 1:30:25 PM org.apache.catalina.core.StandardContext start
SEVERE: Context [/alfresco] startup failed due to previous errors
Fev 08, 2013 1:30:25 PM org.apache.catalina.core.StandardContext stop
INFO: Container org.apache.catalina.core.ContainerBase.[Catalina].[localhost].[/alfresco] has not been started
Fev 08, 2013 1:30:25 PM org.apache.catalina.startup.HostConfig deployDescriptor
INFO: Deploying configuration descriptor host-manager.xml
Fev 08, 2013 1:30:25 PM org.apache.catalina.startup.HostConfig deployDescriptor
INFO: Deploying configuration descriptor manager.xml
Fev 08, 2013 1:30:25 PM org.apache.catalina.startup.HostConfig deployDirectory
INFO: Deploying web application directory docs
Fev 08, 2013 1:30:25 PM org.apache.catalina.startup.HostConfig deployDirectory
INFO: Deploying web application directory dralf
Fev 08, 2013 1:30:25 PM org.apache.catalina.startup.HostConfig deployDirectory
INFO: Deploying web application directory examples
Fev 08, 2013 1:30:25 PM org.apache.catalina.startup.HostConfig deployDirectory
INFO: Deploying web application directory ROOT
Fev 08, 2013 1:30:25 PM org.apache.coyote.http11.Http11Protocol start
INFO: Starting Coyote HTTP/1.1 on http-9080
Fev 08, 2013 1:30:26 PM org.apache.jk.common.ChannelSocket init
INFO: JK: ajp13 listening on /0.0.0.0:9009
Fev 08, 2013 1:30:26 PM org.apache.jk.server.JkMain start
INFO: Jk running ID=0 time=0/18  config=null
Fev 08, 2013 1:30:26 PM org.apache.catalina.startup.Catalina start
INFO: Server startup in 644 ms
Fev 08, 2013 1:30:26 PM org.apache.catalina.core.StandardServer await
SEVERE: StandardServer.await: create[7005]: 
java.net.BindException: Address already in use
	at java.net.PlainSocketImpl.socketBind(Native Method)
	at java.net.AbstractPlainSocketImpl.bind(AbstractPlainSocketImpl.java:376)
	at java.net.ServerSocket.bind(ServerSocket.java:376)
	at java.net.ServerSocket.<init>(ServerSocket.java:237)
	at org.apache.catalina.core.StandardServer.await(StandardServer.java:373)
	at org.apache.catalina.startup.Catalina.await(Catalina.java:662)
	at org.apache.catalina.startup.Catalina.start(Catalina.java:614)
	at sun.reflect.NativeMethodAccessorImpl.invoke0(Native Method)
	at sun.reflect.NativeMethodAccessorImpl.invoke(NativeMethodAccessorImpl.java:57)
	at sun.reflect.DelegatingMethodAccessorImpl.invoke(DelegatingMethodAccessorImpl.java:43)
	at java.lang.reflect.Method.invoke(Method.java:601)
	at org.apache.catalina.startup.Bootstrap.start(Bootstrap.java:289)
	at org.apache.catalina.startup.Bootstrap.main(Bootstrap.java:414)

Fev 08, 2013 1:30:26 PM org.apache.coyote.http11.Http11Protocol pause
INFO: Pausing Coyote HTTP/1.1 on http-9080
Fev 08, 2013 1:30:27 PM org.apache.catalina.core.StandardService stop
INFO: Stopping service Catalina
Fev 08, 2013 1:30:27 PM org.apache.catalina.loader.WebappClassLoader clearReferencesThreads
SEVERE: A web application appears to have started a thread named [Abandoned connection cleanup thread] but has failed to stop it. This is very likely to create a memory leak.
Fev 08, 2013 1:30:27 PM org.apache.coyote.http11.Http11Protocol destroy
INFO: Stopping Coyote HTTP/1.1 on http-9080
Fev 08, 2013 1:31:37 PM org.apache.catalina.core.AprLifecycleListener init
INFO: The APR based Apache Tomcat Native library which allows optimal performance in production environments was not found on the java.library.path: /Users/lcabaceira/Library/Java/Extensions:/Library/Java/Extensions:/Network/Library/Java/Extensions:/System/Library/Java/Extensions:/usr/lib/java:.
Fev 08, 2013 1:31:37 PM org.apache.coyote.http11.Http11Protocol init
INFO: Initializing Coyote HTTP/1.1 on http-9080
Fev 08, 2013 1:31:37 PM org.apache.catalina.startup.Catalina load
INFO: Initialization processed in 390 ms
Fev 08, 2013 1:31:37 PM org.apache.catalina.core.StandardService start
INFO: Starting service Catalina
Fev 08, 2013 1:31:37 PM org.apache.catalina.core.StandardEngine start
INFO: Starting Servlet Engine: Apache Tomcat/6.0.26
Fev 08, 2013 1:31:37 PM org.apache.catalina.startup.HostConfig deployDescriptor
INFO: Deploying configuration descriptor alfresco.xml
Fev 08, 2013 1:31:37 PM org.apache.catalina.core.StandardContext resourcesStart
SEVERE: Error starting static Resources
java.lang.IllegalArgumentException: Document base /Users/lcabaceira/Alfresco/Training/ACA/Hands_on_Experience/DrAlf/tomcat/webapps/alfresco does not exist or is not a readable directory
	at org.apache.naming.resources.FileDirContext.setDocBase(FileDirContext.java:142)
	at org.apache.catalina.core.StandardContext.resourcesStart(StandardContext.java:4086)
	at org.apache.catalina.core.StandardContext.start(StandardContext.java:4255)
	at org.apache.catalina.core.ContainerBase.addChildInternal(ContainerBase.java:791)
	at org.apache.catalina.core.ContainerBase.addChild(ContainerBase.java:771)
	at org.apache.catalina.core.StandardHost.addChild(StandardHost.java:546)
	at org.apache.catalina.startup.HostConfig.deployDescriptor(HostConfig.java:637)
	at org.apache.catalina.startup.HostConfig.deployDescriptors(HostConfig.java:563)
	at org.apache.catalina.startup.HostConfig.deployApps(HostConfig.java:498)
	at org.apache.catalina.startup.HostConfig.start(HostConfig.java:1277)
	at org.apache.catalina.startup.HostConfig.lifecycleEvent(HostConfig.java:321)
	at org.apache.catalina.util.LifecycleSupport.fireLifecycleEvent(LifecycleSupport.java:119)
	at org.apache.catalina.core.ContainerBase.start(ContainerBase.java:1053)
	at org.apache.catalina.core.StandardHost.start(StandardHost.java:785)
	at org.apache.catalina.core.ContainerBase.start(ContainerBase.java:1045)
	at org.apache.catalina.core.StandardEngine.start(StandardEngine.java:443)
	at org.apache.catalina.core.StandardService.start(StandardService.java:519)
	at org.apache.catalina.core.StandardServer.start(StandardServer.java:710)
	at org.apache.catalina.startup.Catalina.start(Catalina.java:581)
	at sun.reflect.NativeMethodAccessorImpl.invoke0(Native Method)
	at sun.reflect.NativeMethodAccessorImpl.invoke(NativeMethodAccessorImpl.java:57)
	at sun.reflect.DelegatingMethodAccessorImpl.invoke(DelegatingMethodAccessorImpl.java:43)
	at java.lang.reflect.Method.invoke(Method.java:601)
	at org.apache.catalina.startup.Bootstrap.start(Bootstrap.java:289)
	at org.apache.catalina.startup.Bootstrap.main(Bootstrap.java:414)

Fev 08, 2013 1:31:37 PM org.apache.catalina.core.StandardContext start
SEVERE: Error in resourceStart()
Fev 08, 2013 1:31:37 PM org.apache.catalina.core.StandardContext start
SEVERE: Error getConfigured
Fev 08, 2013 1:31:37 PM org.apache.catalina.core.StandardContext start
SEVERE: Context [/alfresco] startup failed due to previous errors
Fev 08, 2013 1:31:37 PM org.apache.catalina.core.StandardContext stop
INFO: Container org.apache.catalina.core.ContainerBase.[Catalina].[localhost].[/alfresco] has not been started
Fev 08, 2013 1:31:37 PM org.apache.catalina.startup.HostConfig deployDescriptor
INFO: Deploying configuration descriptor host-manager.xml
Fev 08, 2013 1:31:37 PM org.apache.catalina.startup.HostConfig deployDescriptor
INFO: Deploying configuration descriptor manager.xml
Fev 08, 2013 1:31:37 PM org.apache.catalina.startup.HostConfig deployDirectory
INFO: Deploying web application directory docs
Fev 08, 2013 1:31:37 PM org.apache.catalina.startup.HostConfig deployDirectory
INFO: Deploying web application directory dralf
Fev 08, 2013 1:31:37 PM org.apache.catalina.startup.HostConfig deployDirectory
INFO: Deploying web application directory examples
Fev 08, 2013 1:31:37 PM org.apache.catalina.startup.HostConfig deployDirectory
INFO: Deploying web application directory ROOT
Fev 08, 2013 1:31:37 PM org.apache.coyote.http11.Http11Protocol start
INFO: Starting Coyote HTTP/1.1 on http-9080
Fev 08, 2013 1:31:37 PM org.apache.jk.common.ChannelSocket init
INFO: JK: ajp13 listening on /0.0.0.0:9009
Fev 08, 2013 1:31:37 PM org.apache.jk.server.JkMain start
INFO: Jk running ID=0 time=0/15  config=null
Fev 08, 2013 1:31:37 PM org.apache.catalina.startup.Catalina start
INFO: Server startup in 576 ms
Fev 08, 2013 2:55:48 PM org.apache.coyote.http11.Http11Protocol pause
INFO: Pausing Coyote HTTP/1.1 on http-9080
Fev 08, 2013 2:55:49 PM org.apache.catalina.core.StandardService stop
INFO: Stopping service Catalina
Fev 08, 2013 2:55:49 PM org.apache.catalina.loader.WebappClassLoader clearReferencesThreads
SEVERE: A web application appears to have started a thread named [Abandoned connection cleanup thread] but has failed to stop it. This is very likely to create a memory leak.
Fev 08, 2013 2:55:49 PM org.apache.coyote.http11.Http11Protocol destroy
INFO: Stopping Coyote HTTP/1.1 on http-9080
Fev 08, 2013 2:55:56 PM org.apache.catalina.core.AprLifecycleListener init
INFO: The APR based Apache Tomcat Native library which allows optimal performance in production environments was not found on the java.library.path: /Users/lcabaceira/Library/Java/Extensions:/Library/Java/Extensions:/Network/Library/Java/Extensions:/System/Library/Java/Extensions:/usr/lib/java:.
Fev 08, 2013 2:55:56 PM org.apache.coyote.http11.Http11Protocol init
INFO: Initializing Coyote HTTP/1.1 on http-9080
Fev 08, 2013 2:55:56 PM org.apache.catalina.startup.Catalina load
INFO: Initialization processed in 368 ms
Fev 08, 2013 2:55:56 PM org.apache.catalina.core.StandardService start
INFO: Starting service Catalina
Fev 08, 2013 2:55:56 PM org.apache.catalina.core.StandardEngine start
INFO: Starting Servlet Engine: Apache Tomcat/6.0.26
Fev 08, 2013 2:55:56 PM org.apache.catalina.startup.HostConfig deployDescriptor
INFO: Deploying configuration descriptor alfresco.xml
Fev 08, 2013 2:55:56 PM org.apache.catalina.core.StandardContext resourcesStart
SEVERE: Error starting static Resources
java.lang.IllegalArgumentException: Document base /Users/lcabaceira/Alfresco/Training/ACA/Hands_on_Experience/DrAlf/tomcat/webapps/alfresco does not exist or is not a readable directory
	at org.apache.naming.resources.FileDirContext.setDocBase(FileDirContext.java:142)
	at org.apache.catalina.core.StandardContext.resourcesStart(StandardContext.java:4086)
	at org.apache.catalina.core.StandardContext.start(StandardContext.java:4255)
	at org.apache.catalina.core.ContainerBase.addChildInternal(ContainerBase.java:791)
	at org.apache.catalina.core.ContainerBase.addChild(ContainerBase.java:771)
	at org.apache.catalina.core.StandardHost.addChild(StandardHost.java:546)
	at org.apache.catalina.startup.HostConfig.deployDescriptor(HostConfig.java:637)
	at org.apache.catalina.startup.HostConfig.deployDescriptors(HostConfig.java:563)
	at org.apache.catalina.startup.HostConfig.deployApps(HostConfig.java:498)
	at org.apache.catalina.startup.HostConfig.start(HostConfig.java:1277)
	at org.apache.catalina.startup.HostConfig.lifecycleEvent(HostConfig.java:321)
	at org.apache.catalina.util.LifecycleSupport.fireLifecycleEvent(LifecycleSupport.java:119)
	at org.apache.catalina.core.ContainerBase.start(ContainerBase.java:1053)
	at org.apache.catalina.core.StandardHost.start(StandardHost.java:785)
	at org.apache.catalina.core.ContainerBase.start(ContainerBase.java:1045)
	at org.apache.catalina.core.StandardEngine.start(StandardEngine.java:443)
	at org.apache.catalina.core.StandardService.start(StandardService.java:519)
	at org.apache.catalina.core.StandardServer.start(StandardServer.java:710)
	at org.apache.catalina.startup.Catalina.start(Catalina.java:581)
	at sun.reflect.NativeMethodAccessorImpl.invoke0(Native Method)
	at sun.reflect.NativeMethodAccessorImpl.invoke(NativeMethodAccessorImpl.java:57)
	at sun.reflect.DelegatingMethodAccessorImpl.invoke(DelegatingMethodAccessorImpl.java:43)
	at java.lang.reflect.Method.invoke(Method.java:601)
	at org.apache.catalina.startup.Bootstrap.start(Bootstrap.java:289)
	at org.apache.catalina.startup.Bootstrap.main(Bootstrap.java:414)

Fev 08, 2013 2:55:56 PM org.apache.catalina.core.StandardContext start
SEVERE: Error in resourceStart()
Fev 08, 2013 2:55:56 PM org.apache.catalina.core.StandardContext start
SEVERE: Error getConfigured
Fev 08, 2013 2:55:56 PM org.apache.catalina.core.StandardContext start
SEVERE: Context [/alfresco] startup failed due to previous errors
Fev 08, 2013 2:55:56 PM org.apache.catalina.core.StandardContext stop
INFO: Container org.apache.catalina.core.ContainerBase.[Catalina].[localhost].[/alfresco] has not been started
Fev 08, 2013 2:55:56 PM org.apache.catalina.startup.HostConfig deployDescriptor
INFO: Deploying configuration descriptor host-manager.xml
Fev 08, 2013 2:55:56 PM org.apache.catalina.startup.HostConfig deployDescriptor
INFO: Deploying configuration descriptor manager.xml
Fev 08, 2013 2:55:56 PM org.apache.catalina.startup.HostConfig deployDirectory
INFO: Deploying web application directory docs
Fev 08, 2013 2:55:56 PM org.apache.catalina.startup.HostConfig deployDirectory
INFO: Deploying web application directory dralf
Fev 08, 2013 2:55:56 PM org.apache.catalina.startup.HostConfig deployDirectory
INFO: Deploying web application directory examples
Fev 08, 2013 2:55:56 PM org.apache.catalina.startup.HostConfig deployDirectory
INFO: Deploying web application directory ROOT
Fev 08, 2013 2:55:57 PM org.apache.coyote.http11.Http11Protocol start
INFO: Starting Coyote HTTP/1.1 on http-9080
Fev 08, 2013 2:55:57 PM org.apache.jk.common.ChannelSocket init
INFO: JK: ajp13 listening on /0.0.0.0:9009
Fev 08, 2013 2:55:57 PM org.apache.jk.server.JkMain start
INFO: Jk running ID=0 time=0/15  config=null
Fev 08, 2013 2:55:57 PM org.apache.catalina.startup.Catalina start
INFO: Server startup in 580 ms
Fev 08, 2013 3:04:28 PM org.apache.coyote.http11.Http11Protocol pause
INFO: Pausing Coyote HTTP/1.1 on http-9080
Fev 08, 2013 3:04:29 PM org.apache.catalina.core.StandardService stop
INFO: Stopping service Catalina
Fev 08, 2013 3:04:29 PM org.apache.catalina.loader.WebappClassLoader clearReferencesThreads
SEVERE: A web application appears to have started a thread named [Abandoned connection cleanup thread] but has failed to stop it. This is very likely to create a memory leak.
Fev 08, 2013 3:04:29 PM org.apache.coyote.http11.Http11Protocol destroy
INFO: Stopping Coyote HTTP/1.1 on http-9080
Fev 08, 2013 3:07:00 PM org.apache.catalina.core.AprLifecycleListener init
INFO: The APR based Apache Tomcat Native library which allows optimal performance in production environments was not found on the java.library.path: /Users/lcabaceira/Library/Java/Extensions:/Library/Java/Extensions:/Network/Library/Java/Extensions:/System/Library/Java/Extensions:/usr/lib/java:.
Fev 08, 2013 3:07:00 PM org.apache.coyote.http11.Http11Protocol init
INFO: Initializing Coyote HTTP/1.1 on http-9080
Fev 08, 2013 3:07:00 PM org.apache.catalina.startup.Catalina load
INFO: Initialization processed in 514 ms
Fev 08, 2013 3:07:00 PM org.apache.catalina.core.StandardService start
INFO: Starting service Catalina
Fev 08, 2013 3:07:00 PM org.apache.catalina.core.StandardEngine start
INFO: Starting Servlet Engine: Apache Tomcat/6.0.26
Fev 08, 2013 3:07:00 PM org.apache.catalina.startup.HostConfig deployDescriptor
INFO: Deploying configuration descriptor alfresco.xml
Fev 08, 2013 3:07:00 PM org.apache.catalina.core.StandardContext resourcesStart
SEVERE: Error starting static Resources
java.lang.IllegalArgumentException: Document base /Users/lcabaceira/Alfresco/Training/ACA/Hands_on_Experience/DrAlf/tomcat/webapps/alfresco does not exist or is not a readable directory
	at org.apache.naming.resources.FileDirContext.setDocBase(FileDirContext.java:142)
	at org.apache.catalina.core.StandardContext.resourcesStart(StandardContext.java:4086)
	at org.apache.catalina.core.StandardContext.start(StandardContext.java:4255)
	at org.apache.catalina.core.ContainerBase.addChildInternal(ContainerBase.java:791)
	at org.apache.catalina.core.ContainerBase.addChild(ContainerBase.java:771)
	at org.apache.catalina.core.StandardHost.addChild(StandardHost.java:546)
	at org.apache.catalina.startup.HostConfig.deployDescriptor(HostConfig.java:637)
	at org.apache.catalina.startup.HostConfig.deployDescriptors(HostConfig.java:563)
	at org.apache.catalina.startup.HostConfig.deployApps(HostConfig.java:498)
	at org.apache.catalina.startup.HostConfig.start(HostConfig.java:1277)
	at org.apache.catalina.startup.HostConfig.lifecycleEvent(HostConfig.java:321)
	at org.apache.catalina.util.LifecycleSupport.fireLifecycleEvent(LifecycleSupport.java:119)
	at org.apache.catalina.core.ContainerBase.start(ContainerBase.java:1053)
	at org.apache.catalina.core.StandardHost.start(StandardHost.java:785)
	at org.apache.catalina.core.ContainerBase.start(ContainerBase.java:1045)
	at org.apache.catalina.core.StandardEngine.start(StandardEngine.java:443)
	at org.apache.catalina.core.StandardService.start(StandardService.java:519)
	at org.apache.catalina.core.StandardServer.start(StandardServer.java:710)
	at org.apache.catalina.startup.Catalina.start(Catalina.java:581)
	at sun.reflect.NativeMethodAccessorImpl.invoke0(Native Method)
	at sun.reflect.NativeMethodAccessorImpl.invoke(NativeMethodAccessorImpl.java:57)
	at sun.reflect.DelegatingMethodAccessorImpl.invoke(DelegatingMethodAccessorImpl.java:43)
	at java.lang.reflect.Method.invoke(Method.java:601)
	at org.apache.catalina.startup.Bootstrap.start(Bootstrap.java:289)
	at org.apache.catalina.startup.Bootstrap.main(Bootstrap.java:414)

Fev 08, 2013 3:07:00 PM org.apache.catalina.core.StandardContext start
SEVERE: Error in resourceStart()
Fev 08, 2013 3:07:00 PM org.apache.catalina.core.StandardContext start
SEVERE: Error getConfigured
Fev 08, 2013 3:07:00 PM org.apache.catalina.core.StandardContext start
SEVERE: Context [/alfresco] startup failed due to previous errors
Fev 08, 2013 3:07:00 PM org.apache.catalina.core.StandardContext stop
INFO: Container org.apache.catalina.core.ContainerBase.[Catalina].[localhost].[/alfresco] has not been started
Fev 08, 2013 3:07:00 PM org.apache.catalina.startup.HostConfig deployDescriptor
INFO: Deploying configuration descriptor host-manager.xml
Fev 08, 2013 3:07:00 PM org.apache.catalina.startup.HostConfig deployDescriptor
INFO: Deploying configuration descriptor manager.xml
Fev 08, 2013 3:07:00 PM org.apache.catalina.startup.HostConfig deployDirectory
INFO: Deploying web application directory docs
Fev 08, 2013 3:07:00 PM org.apache.catalina.startup.HostConfig deployDirectory
INFO: Deploying web application directory dralf
Fev 08, 2013 3:07:01 PM org.apache.catalina.startup.HostConfig deployDirectory
INFO: Deploying web application directory examples
Fev 08, 2013 3:07:01 PM org.apache.catalina.startup.HostConfig deployDirectory
INFO: Deploying web application directory ROOT
Fev 08, 2013 3:07:01 PM org.apache.coyote.http11.Http11Protocol start
INFO: Starting Coyote HTTP/1.1 on http-9080
Fev 08, 2013 3:07:01 PM org.apache.jk.common.ChannelSocket init
INFO: JK: ajp13 listening on /0.0.0.0:9009
Fev 08, 2013 3:07:01 PM org.apache.jk.server.JkMain start
INFO: Jk running ID=0 time=0/19  config=null
Fev 08, 2013 3:07:01 PM org.apache.catalina.startup.Catalina start
INFO: Server startup in 669 ms
Fev 08, 2013 3:25:51 PM org.apache.catalina.startup.HostConfig checkResources
INFO: Undeploying context []
Fev 08, 2013 3:25:51 PM org.apache.catalina.session.StandardManager doUnload
SEVERE: IOException while saving persisted sessions: java.io.FileNotFoundException: /Users/lcabaceira/Alfresco/Training/ACA/Hands_on_Experience/DrAlf/tomcat/work/Catalina/localhost/_/SESSIONS.ser (No such file or directory)
java.io.FileNotFoundException: /Users/lcabaceira/Alfresco/Training/ACA/Hands_on_Experience/DrAlf/tomcat/work/Catalina/localhost/_/SESSIONS.ser (No such file or directory)
	at java.io.FileOutputStream.open(Native Method)
	at java.io.FileOutputStream.<init>(FileOutputStream.java:218)
	at java.io.FileOutputStream.<init>(FileOutputStream.java:110)
	at org.apache.catalina.session.StandardManager.doUnload(StandardManager.java:489)
	at org.apache.catalina.session.StandardManager.unload(StandardManager.java:463)
	at org.apache.catalina.session.StandardManager.stop(StandardManager.java:667)
	at org.apache.catalina.core.StandardContext.stop(StandardContext.java:4611)
	at org.apache.catalina.core.ContainerBase.removeChild(ContainerBase.java:924)
	at org.apache.catalina.startup.HostConfig.checkResources(HostConfig.java:1174)
	at org.apache.catalina.startup.HostConfig.check(HostConfig.java:1342)
	at org.apache.catalina.startup.HostConfig.lifecycleEvent(HostConfig.java:303)
	at org.apache.catalina.util.LifecycleSupport.fireLifecycleEvent(LifecycleSupport.java:119)
	at org.apache.catalina.core.ContainerBase.backgroundProcess(ContainerBase.java:1337)
	at org.apache.catalina.core.ContainerBase$ContainerBackgroundProcessor.processChildren(ContainerBase.java:1601)
	at org.apache.catalina.core.ContainerBase$ContainerBackgroundProcessor.processChildren(ContainerBase.java:1610)
	at org.apache.catalina.core.ContainerBase$ContainerBackgroundProcessor.run(ContainerBase.java:1590)
	at java.lang.Thread.run(Thread.java:722)

Fev 08, 2013 3:25:51 PM org.apache.catalina.session.StandardManager stop
SEVERE: Exception unloading sessions to persistent storage
java.io.FileNotFoundException: /Users/lcabaceira/Alfresco/Training/ACA/Hands_on_Experience/DrAlf/tomcat/work/Catalina/localhost/_/SESSIONS.ser (No such file or directory)
	at java.io.FileOutputStream.open(Native Method)
	at java.io.FileOutputStream.<init>(FileOutputStream.java:218)
	at java.io.FileOutputStream.<init>(FileOutputStream.java:110)
	at org.apache.catalina.session.StandardManager.doUnload(StandardManager.java:489)
	at org.apache.catalina.session.StandardManager.unload(StandardManager.java:463)
	at org.apache.catalina.session.StandardManager.stop(StandardManager.java:667)
	at org.apache.catalina.core.StandardContext.stop(StandardContext.java:4611)
	at org.apache.catalina.core.ContainerBase.removeChild(ContainerBase.java:924)
	at org.apache.catalina.startup.HostConfig.checkResources(HostConfig.java:1174)
	at org.apache.catalina.startup.HostConfig.check(HostConfig.java:1342)
	at org.apache.catalina.startup.HostConfig.lifecycleEvent(HostConfig.java:303)
	at org.apache.catalina.util.LifecycleSupport.fireLifecycleEvent(LifecycleSupport.java:119)
	at org.apache.catalina.core.ContainerBase.backgroundProcess(ContainerBase.java:1337)
	at org.apache.catalina.core.ContainerBase$ContainerBackgroundProcessor.processChildren(ContainerBase.java:1601)
	at org.apache.catalina.core.ContainerBase$ContainerBackgroundProcessor.processChildren(ContainerBase.java:1610)
	at org.apache.catalina.core.ContainerBase$ContainerBackgroundProcessor.run(ContainerBase.java:1590)
	at java.lang.Thread.run(Thread.java:722)

Fev 08, 2013 3:25:51 PM org.apache.catalina.loader.WebappClassLoader clearReferencesJdbc
WARNING: JDBC driver de-registration failed
java.lang.NullPointerException
	at org.apache.catalina.loader.WebappClassLoader.clearReferencesJdbc(WebappClassLoader.java:1804)
	at org.apache.catalina.loader.WebappClassLoader.clearReferences(WebappClassLoader.java:1740)
	at org.apache.catalina.loader.WebappClassLoader.stop(WebappClassLoader.java:1658)
	at org.apache.catalina.loader.WebappLoader.stop(WebappLoader.java:710)
	at org.apache.catalina.core.StandardContext.stop(StandardContext.java:4649)
	at org.apache.catalina.core.ContainerBase.removeChild(ContainerBase.java:924)
	at org.apache.catalina.startup.HostConfig.checkResources(HostConfig.java:1174)
	at org.apache.catalina.startup.HostConfig.check(HostConfig.java:1342)
	at org.apache.catalina.startup.HostConfig.lifecycleEvent(HostConfig.java:303)
	at org.apache.catalina.util.LifecycleSupport.fireLifecycleEvent(LifecycleSupport.java:119)
	at org.apache.catalina.core.ContainerBase.backgroundProcess(ContainerBase.java:1337)
	at org.apache.catalina.core.ContainerBase$ContainerBackgroundProcessor.processChildren(ContainerBase.java:1601)
	at org.apache.catalina.core.ContainerBase$ContainerBackgroundProcessor.processChildren(ContainerBase.java:1610)
	at org.apache.catalina.core.ContainerBase$ContainerBackgroundProcessor.run(ContainerBase.java:1590)
	at java.lang.Thread.run(Thread.java:722)

Fev 08, 2013 3:25:52 PM org.apache.catalina.startup.HostConfig checkResources
INFO: Undeploying context [/manager]
Fev 08, 2013 3:25:52 PM org.apache.catalina.session.StandardManager doUnload
SEVERE: IOException while saving persisted sessions: java.io.FileNotFoundException: /Users/lcabaceira/Alfresco/Training/ACA/Hands_on_Experience/DrAlf/tomcat/work/Catalina/localhost/manager/SESSIONS.ser (No such file or directory)
java.io.FileNotFoundException: /Users/lcabaceira/Alfresco/Training/ACA/Hands_on_Experience/DrAlf/tomcat/work/Catalina/localhost/manager/SESSIONS.ser (No such file or directory)
	at java.io.FileOutputStream.open(Native Method)
	at java.io.FileOutputStream.<init>(FileOutputStream.java:218)
	at java.io.FileOutputStream.<init>(FileOutputStream.java:110)
	at org.apache.catalina.session.StandardManager.doUnload(StandardManager.java:489)
	at org.apache.catalina.session.StandardManager.unload(StandardManager.java:463)
	at org.apache.catalina.session.StandardManager.stop(StandardManager.java:667)
	at org.apache.catalina.core.StandardContext.stop(StandardContext.java:4611)
	at org.apache.catalina.core.ContainerBase.removeChild(ContainerBase.java:924)
	at org.apache.catalina.startup.HostConfig.checkResources(HostConfig.java:1174)
	at org.apache.catalina.startup.HostConfig.check(HostConfig.java:1342)
	at org.apache.catalina.startup.HostConfig.lifecycleEvent(HostConfig.java:303)
	at org.apache.catalina.util.LifecycleSupport.fireLifecycleEvent(LifecycleSupport.java:119)
	at org.apache.catalina.core.ContainerBase.backgroundProcess(ContainerBase.java:1337)
	at org.apache.catalina.core.ContainerBase$ContainerBackgroundProcessor.processChildren(ContainerBase.java:1601)
	at org.apache.catalina.core.ContainerBase$ContainerBackgroundProcessor.processChildren(ContainerBase.java:1610)
	at org.apache.catalina.core.ContainerBase$ContainerBackgroundProcessor.run(ContainerBase.java:1590)
	at java.lang.Thread.run(Thread.java:722)

Fev 08, 2013 3:25:52 PM org.apache.catalina.session.StandardManager stop
SEVERE: Exception unloading sessions to persistent storage
java.io.FileNotFoundException: /Users/lcabaceira/Alfresco/Training/ACA/Hands_on_Experience/DrAlf/tomcat/work/Catalina/localhost/manager/SESSIONS.ser (No such file or directory)
	at java.io.FileOutputStream.open(Native Method)
	at java.io.FileOutputStream.<init>(FileOutputStream.java:218)
	at java.io.FileOutputStream.<init>(FileOutputStream.java:110)
	at org.apache.catalina.session.StandardManager.doUnload(StandardManager.java:489)
	at org.apache.catalina.session.StandardManager.unload(StandardManager.java:463)
	at org.apache.catalina.session.StandardManager.stop(StandardManager.java:667)
	at org.apache.catalina.core.StandardContext.stop(StandardContext.java:4611)
	at org.apache.catalina.core.ContainerBase.removeChild(ContainerBase.java:924)
	at org.apache.catalina.startup.HostConfig.checkResources(HostConfig.java:1174)
	at org.apache.catalina.startup.HostConfig.check(HostConfig.java:1342)
	at org.apache.catalina.startup.HostConfig.lifecycleEvent(HostConfig.java:303)
	at org.apache.catalina.util.LifecycleSupport.fireLifecycleEvent(LifecycleSupport.java:119)
	at org.apache.catalina.core.ContainerBase.backgroundProcess(ContainerBase.java:1337)
	at org.apache.catalina.core.ContainerBase$ContainerBackgroundProcessor.processChildren(ContainerBase.java:1601)
	at org.apache.catalina.core.ContainerBase$ContainerBackgroundProcessor.processChildren(ContainerBase.java:1610)
	at org.apache.catalina.core.ContainerBase$ContainerBackgroundProcessor.run(ContainerBase.java:1590)
	at java.lang.Thread.run(Thread.java:722)

Fev 08, 2013 3:25:52 PM org.apache.catalina.loader.WebappClassLoader clearReferencesJdbc
WARNING: JDBC driver de-registration failed
java.lang.NullPointerException
	at org.apache.catalina.loader.WebappClassLoader.clearReferencesJdbc(WebappClassLoader.java:1804)
	at org.apache.catalina.loader.WebappClassLoader.clearReferences(WebappClassLoader.java:1740)
	at org.apache.catalina.loader.WebappClassLoader.stop(WebappClassLoader.java:1658)
	at org.apache.catalina.loader.WebappLoader.stop(WebappLoader.java:710)
	at org.apache.catalina.core.StandardContext.stop(StandardContext.java:4649)
	at org.apache.catalina.core.ContainerBase.removeChild(ContainerBase.java:924)
	at org.apache.catalina.startup.HostConfig.checkResources(HostConfig.java:1174)
	at org.apache.catalina.startup.HostConfig.check(HostConfig.java:1342)
	at org.apache.catalina.startup.HostConfig.lifecycleEvent(HostConfig.java:303)
	at org.apache.catalina.util.LifecycleSupport.fireLifecycleEvent(LifecycleSupport.java:119)
	at org.apache.catalina.core.ContainerBase.backgroundProcess(ContainerBase.java:1337)
	at org.apache.catalina.core.ContainerBase$ContainerBackgroundProcessor.processChildren(ContainerBase.java:1601)
	at org.apache.catalina.core.ContainerBase$ContainerBackgroundProcessor.processChildren(ContainerBase.java:1610)
	at org.apache.catalina.core.ContainerBase$ContainerBackgroundProcessor.run(ContainerBase.java:1590)
	at java.lang.Thread.run(Thread.java:722)

Fev 08, 2013 3:25:53 PM org.apache.catalina.startup.HostConfig checkResources
INFO: Undeploying context [/dralf]
Fev 08, 2013 3:25:53 PM org.apache.catalina.session.StandardManager doUnload
SEVERE: IOException while saving persisted sessions: java.io.FileNotFoundException: /Users/lcabaceira/Alfresco/Training/ACA/Hands_on_Experience/DrAlf/tomcat/work/Catalina/localhost/dralf/SESSIONS.ser (No such file or directory)
java.io.FileNotFoundException: /Users/lcabaceira/Alfresco/Training/ACA/Hands_on_Experience/DrAlf/tomcat/work/Catalina/localhost/dralf/SESSIONS.ser (No such file or directory)
	at java.io.FileOutputStream.open(Native Method)
	at java.io.FileOutputStream.<init>(FileOutputStream.java:218)
	at java.io.FileOutputStream.<init>(FileOutputStream.java:110)
	at org.apache.catalina.session.StandardManager.doUnload(StandardManager.java:489)
	at org.apache.catalina.session.StandardManager.unload(StandardManager.java:463)
	at org.apache.catalina.session.StandardManager.stop(StandardManager.java:667)
	at org.apache.catalina.core.StandardContext.stop(StandardContext.java:4611)
	at org.apache.catalina.core.ContainerBase.removeChild(ContainerBase.java:924)
	at org.apache.catalina.startup.HostConfig.checkResources(HostConfig.java:1174)
	at org.apache.catalina.startup.HostConfig.check(HostConfig.java:1342)
	at org.apache.catalina.startup.HostConfig.lifecycleEvent(HostConfig.java:303)
	at org.apache.catalina.util.LifecycleSupport.fireLifecycleEvent(LifecycleSupport.java:119)
	at org.apache.catalina.core.ContainerBase.backgroundProcess(ContainerBase.java:1337)
	at org.apache.catalina.core.ContainerBase$ContainerBackgroundProcessor.processChildren(ContainerBase.java:1601)
	at org.apache.catalina.core.ContainerBase$ContainerBackgroundProcessor.processChildren(ContainerBase.java:1610)
	at org.apache.catalina.core.ContainerBase$ContainerBackgroundProcessor.run(ContainerBase.java:1590)
	at java.lang.Thread.run(Thread.java:722)

Fev 08, 2013 3:25:53 PM org.apache.catalina.session.StandardManager stop
SEVERE: Exception unloading sessions to persistent storage
java.io.FileNotFoundException: /Users/lcabaceira/Alfresco/Training/ACA/Hands_on_Experience/DrAlf/tomcat/work/Catalina/localhost/dralf/SESSIONS.ser (No such file or directory)
	at java.io.FileOutputStream.open(Native Method)
	at java.io.FileOutputStream.<init>(FileOutputStream.java:218)
	at java.io.FileOutputStream.<init>(FileOutputStream.java:110)
	at org.apache.catalina.session.StandardManager.doUnload(StandardManager.java:489)
	at org.apache.catalina.session.StandardManager.unload(StandardManager.java:463)
	at org.apache.catalina.session.StandardManager.stop(StandardManager.java:667)
	at org.apache.catalina.core.StandardContext.stop(StandardContext.java:4611)
	at org.apache.catalina.core.ContainerBase.removeChild(ContainerBase.java:924)
	at org.apache.catalina.startup.HostConfig.checkResources(HostConfig.java:1174)
	at org.apache.catalina.startup.HostConfig.check(HostConfig.java:1342)
	at org.apache.catalina.startup.HostConfig.lifecycleEvent(HostConfig.java:303)
	at org.apache.catalina.util.LifecycleSupport.fireLifecycleEvent(LifecycleSupport.java:119)
	at org.apache.catalina.core.ContainerBase.backgroundProcess(ContainerBase.java:1337)
	at org.apache.catalina.core.ContainerBase$ContainerBackgroundProcessor.processChildren(ContainerBase.java:1601)
	at org.apache.catalina.core.ContainerBase$ContainerBackgroundProcessor.processChildren(ContainerBase.java:1610)
	at org.apache.catalina.core.ContainerBase$ContainerBackgroundProcessor.run(ContainerBase.java:1590)
	at java.lang.Thread.run(Thread.java:722)

Fev 08, 2013 3:25:53 PM org.apache.catalina.loader.WebappClassLoader clearReferencesJdbc
WARNING: JDBC driver de-registration failed
java.lang.NullPointerException
	at org.apache.catalina.loader.WebappClassLoader.clearReferencesJdbc(WebappClassLoader.java:1804)
	at org.apache.catalina.loader.WebappClassLoader.clearReferences(WebappClassLoader.java:1740)
	at org.apache.catalina.loader.WebappClassLoader.stop(WebappClassLoader.java:1658)
	at org.apache.catalina.loader.WebappLoader.stop(WebappLoader.java:710)
	at org.apache.catalina.core.StandardContext.stop(StandardContext.java:4649)
	at org.apache.catalina.core.ContainerBase.removeChild(ContainerBase.java:924)
	at org.apache.catalina.startup.HostConfig.checkResources(HostConfig.java:1174)
	at org.apache.catalina.startup.HostConfig.check(HostConfig.java:1342)
	at org.apache.catalina.startup.HostConfig.lifecycleEvent(HostConfig.java:303)
	at org.apache.catalina.util.LifecycleSupport.fireLifecycleEvent(LifecycleSupport.java:119)
	at org.apache.catalina.core.ContainerBase.backgroundProcess(ContainerBase.java:1337)
	at org.apache.catalina.core.ContainerBase$ContainerBackgroundProcessor.processChildren(ContainerBase.java:1601)
	at org.apache.catalina.core.ContainerBase$ContainerBackgroundProcessor.processChildren(ContainerBase.java:1610)
	at org.apache.catalina.core.ContainerBase$ContainerBackgroundProcessor.run(ContainerBase.java:1590)
	at java.lang.Thread.run(Thread.java:722)

Fev 08, 2013 3:25:53 PM org.apache.catalina.startup.HostConfig checkResources
INFO: Undeploying context [/docs]
Fev 08, 2013 3:25:53 PM org.apache.catalina.session.StandardManager doUnload
SEVERE: IOException while saving persisted sessions: java.io.FileNotFoundException: /Users/lcabaceira/Alfresco/Training/ACA/Hands_on_Experience/DrAlf/tomcat/work/Catalina/localhost/docs/SESSIONS.ser (No such file or directory)
java.io.FileNotFoundException: /Users/lcabaceira/Alfresco/Training/ACA/Hands_on_Experience/DrAlf/tomcat/work/Catalina/localhost/docs/SESSIONS.ser (No such file or directory)
	at java.io.FileOutputStream.open(Native Method)
	at java.io.FileOutputStream.<init>(FileOutputStream.java:218)
	at java.io.FileOutputStream.<init>(FileOutputStream.java:110)
	at org.apache.catalina.session.StandardManager.doUnload(StandardManager.java:489)
	at org.apache.catalina.session.StandardManager.unload(StandardManager.java:463)
	at org.apache.catalina.session.StandardManager.stop(StandardManager.java:667)
	at org.apache.catalina.core.StandardContext.stop(StandardContext.java:4611)
	at org.apache.catalina.core.ContainerBase.removeChild(ContainerBase.java:924)
	at org.apache.catalina.startup.HostConfig.checkResources(HostConfig.java:1174)
	at org.apache.catalina.startup.HostConfig.check(HostConfig.java:1342)
	at org.apache.catalina.startup.HostConfig.lifecycleEvent(HostConfig.java:303)
	at org.apache.catalina.util.LifecycleSupport.fireLifecycleEvent(LifecycleSupport.java:119)
	at org.apache.catalina.core.ContainerBase.backgroundProcess(ContainerBase.java:1337)
	at org.apache.catalina.core.ContainerBase$ContainerBackgroundProcessor.processChildren(ContainerBase.java:1601)
	at org.apache.catalina.core.ContainerBase$ContainerBackgroundProcessor.processChildren(ContainerBase.java:1610)
	at org.apache.catalina.core.ContainerBase$ContainerBackgroundProcessor.run(ContainerBase.java:1590)
	at java.lang.Thread.run(Thread.java:722)

Fev 08, 2013 3:25:53 PM org.apache.catalina.session.StandardManager stop
SEVERE: Exception unloading sessions to persistent storage
java.io.FileNotFoundException: /Users/lcabaceira/Alfresco/Training/ACA/Hands_on_Experience/DrAlf/tomcat/work/Catalina/localhost/docs/SESSIONS.ser (No such file or directory)
	at java.io.FileOutputStream.open(Native Method)
	at java.io.FileOutputStream.<init>(FileOutputStream.java:218)
	at java.io.FileOutputStream.<init>(FileOutputStream.java:110)
	at org.apache.catalina.session.StandardManager.doUnload(StandardManager.java:489)
	at org.apache.catalina.session.StandardManager.unload(StandardManager.java:463)
	at org.apache.catalina.session.StandardManager.stop(StandardManager.java:667)
	at org.apache.catalina.core.StandardContext.stop(StandardContext.java:4611)
	at org.apache.catalina.core.ContainerBase.removeChild(ContainerBase.java:924)
	at org.apache.catalina.startup.HostConfig.checkResources(HostConfig.java:1174)
	at org.apache.catalina.startup.HostConfig.check(HostConfig.java:1342)
	at org.apache.catalina.startup.HostConfig.lifecycleEvent(HostConfig.java:303)
	at org.apache.catalina.util.LifecycleSupport.fireLifecycleEvent(LifecycleSupport.java:119)
	at org.apache.catalina.core.ContainerBase.backgroundProcess(ContainerBase.java:1337)
	at org.apache.catalina.core.ContainerBase$ContainerBackgroundProcessor.processChildren(ContainerBase.java:1601)
	at org.apache.catalina.core.ContainerBase$ContainerBackgroundProcessor.processChildren(ContainerBase.java:1610)
	at org.apache.catalina.core.ContainerBase$ContainerBackgroundProcessor.run(ContainerBase.java:1590)
	at java.lang.Thread.run(Thread.java:722)

Fev 08, 2013 3:25:53 PM org.apache.catalina.loader.WebappClassLoader clearReferencesJdbc
WARNING: JDBC driver de-registration failed
java.lang.NullPointerException
	at org.apache.catalina.loader.WebappClassLoader.clearReferencesJdbc(WebappClassLoader.java:1804)
	at org.apache.catalina.loader.WebappClassLoader.clearReferences(WebappClassLoader.java:1740)
	at org.apache.catalina.loader.WebappClassLoader.stop(WebappClassLoader.java:1658)
	at org.apache.catalina.loader.WebappLoader.stop(WebappLoader.java:710)
	at org.apache.catalina.core.StandardContext.stop(StandardContext.java:4649)
	at org.apache.catalina.core.ContainerBase.removeChild(ContainerBase.java:924)
	at org.apache.catalina.startup.HostConfig.checkResources(HostConfig.java:1174)
	at org.apache.catalina.startup.HostConfig.check(HostConfig.java:1342)
	at org.apache.catalina.startup.HostConfig.lifecycleEvent(HostConfig.java:303)
	at org.apache.catalina.util.LifecycleSupport.fireLifecycleEvent(LifecycleSupport.java:119)
	at org.apache.catalina.core.ContainerBase.backgroundProcess(ContainerBase.java:1337)
	at org.apache.catalina.core.ContainerBase$ContainerBackgroundProcessor.processChildren(ContainerBase.java:1601)
	at org.apache.catalina.core.ContainerBase$ContainerBackgroundProcessor.processChildren(ContainerBase.java:1610)
	at org.apache.catalina.core.ContainerBase$ContainerBackgroundProcessor.run(ContainerBase.java:1590)
	at java.lang.Thread.run(Thread.java:722)

Fev 08, 2013 3:25:54 PM org.apache.catalina.startup.HostConfig checkResources
INFO: Undeploying context [/examples]
Fev 08, 2013 3:25:54 PM org.apache.catalina.session.StandardManager doUnload
SEVERE: IOException while saving persisted sessions: java.io.FileNotFoundException: /Users/lcabaceira/Alfresco/Training/ACA/Hands_on_Experience/DrAlf/tomcat/work/Catalina/localhost/examples/SESSIONS.ser (No such file or directory)
java.io.FileNotFoundException: /Users/lcabaceira/Alfresco/Training/ACA/Hands_on_Experience/DrAlf/tomcat/work/Catalina/localhost/examples/SESSIONS.ser (No such file or directory)
	at java.io.FileOutputStream.open(Native Method)
	at java.io.FileOutputStream.<init>(FileOutputStream.java:218)
	at java.io.FileOutputStream.<init>(FileOutputStream.java:110)
	at org.apache.catalina.session.StandardManager.doUnload(StandardManager.java:489)
	at org.apache.catalina.session.StandardManager.unload(StandardManager.java:463)
	at org.apache.catalina.session.StandardManager.stop(StandardManager.java:667)
	at org.apache.catalina.core.StandardContext.stop(StandardContext.java:4611)
	at org.apache.catalina.core.ContainerBase.removeChild(ContainerBase.java:924)
	at org.apache.catalina.startup.HostConfig.checkResources(HostConfig.java:1174)
	at org.apache.catalina.startup.HostConfig.check(HostConfig.java:1342)
	at org.apache.catalina.startup.HostConfig.lifecycleEvent(HostConfig.java:303)
	at org.apache.catalina.util.LifecycleSupport.fireLifecycleEvent(LifecycleSupport.java:119)
	at org.apache.catalina.core.ContainerBase.backgroundProcess(ContainerBase.java:1337)
	at org.apache.catalina.core.ContainerBase$ContainerBackgroundProcessor.processChildren(ContainerBase.java:1601)
	at org.apache.catalina.core.ContainerBase$ContainerBackgroundProcessor.processChildren(ContainerBase.java:1610)
	at org.apache.catalina.core.ContainerBase$ContainerBackgroundProcessor.run(ContainerBase.java:1590)
	at java.lang.Thread.run(Thread.java:722)

Fev 08, 2013 3:25:54 PM org.apache.catalina.session.StandardManager stop
SEVERE: Exception unloading sessions to persistent storage
java.io.FileNotFoundException: /Users/lcabaceira/Alfresco/Training/ACA/Hands_on_Experience/DrAlf/tomcat/work/Catalina/localhost/examples/SESSIONS.ser (No such file or directory)
	at java.io.FileOutputStream.open(Native Method)
	at java.io.FileOutputStream.<init>(FileOutputStream.java:218)
	at java.io.FileOutputStream.<init>(FileOutputStream.java:110)
	at org.apache.catalina.session.StandardManager.doUnload(StandardManager.java:489)
	at org.apache.catalina.session.StandardManager.unload(StandardManager.java:463)
	at org.apache.catalina.session.StandardManager.stop(StandardManager.java:667)
	at org.apache.catalina.core.StandardContext.stop(StandardContext.java:4611)
	at org.apache.catalina.core.ContainerBase.removeChild(ContainerBase.java:924)
	at org.apache.catalina.startup.HostConfig.checkResources(HostConfig.java:1174)
	at org.apache.catalina.startup.HostConfig.check(HostConfig.java:1342)
	at org.apache.catalina.startup.HostConfig.lifecycleEvent(HostConfig.java:303)
	at org.apache.catalina.util.LifecycleSupport.fireLifecycleEvent(LifecycleSupport.java:119)
	at org.apache.catalina.core.ContainerBase.backgroundProcess(ContainerBase.java:1337)
	at org.apache.catalina.core.ContainerBase$ContainerBackgroundProcessor.processChildren(ContainerBase.java:1601)
	at org.apache.catalina.core.ContainerBase$ContainerBackgroundProcessor.processChildren(ContainerBase.java:1610)
	at org.apache.catalina.core.ContainerBase$ContainerBackgroundProcessor.run(ContainerBase.java:1590)
	at java.lang.Thread.run(Thread.java:722)

Fev 08, 2013 3:25:54 PM org.apache.catalina.loader.WebappClassLoader clearReferencesJdbc
WARNING: JDBC driver de-registration failed
java.lang.NullPointerException
	at org.apache.catalina.loader.WebappClassLoader.clearReferencesJdbc(WebappClassLoader.java:1804)
	at org.apache.catalina.loader.WebappClassLoader.clearReferences(WebappClassLoader.java:1740)
	at org.apache.catalina.loader.WebappClassLoader.stop(WebappClassLoader.java:1658)
	at org.apache.catalina.loader.WebappLoader.stop(WebappLoader.java:710)
	at org.apache.catalina.core.StandardContext.stop(StandardContext.java:4649)
	at org.apache.catalina.core.ContainerBase.removeChild(ContainerBase.java:924)
	at org.apache.catalina.startup.HostConfig.checkResources(HostConfig.java:1174)
	at org.apache.catalina.startup.HostConfig.check(HostConfig.java:1342)
	at org.apache.catalina.startup.HostConfig.lifecycleEvent(HostConfig.java:303)
	at org.apache.catalina.util.LifecycleSupport.fireLifecycleEvent(LifecycleSupport.java:119)
	at org.apache.catalina.core.ContainerBase.backgroundProcess(ContainerBase.java:1337)
	at org.apache.catalina.core.ContainerBase$ContainerBackgroundProcessor.processChildren(ContainerBase.java:1601)
	at org.apache.catalina.core.ContainerBase$ContainerBackgroundProcessor.processChildren(ContainerBase.java:1610)
	at org.apache.catalina.core.ContainerBase$ContainerBackgroundProcessor.run(ContainerBase.java:1590)
	at java.lang.Thread.run(Thread.java:722)

Fev 08, 2013 3:25:54 PM org.apache.catalina.startup.HostConfig checkResources
INFO: Undeploying context [/host-manager]
Fev 08, 2013 3:25:54 PM org.apache.catalina.session.StandardManager doUnload
SEVERE: IOException while saving persisted sessions: java.io.FileNotFoundException: /Users/lcabaceira/Alfresco/Training/ACA/Hands_on_Experience/DrAlf/tomcat/work/Catalina/localhost/host-manager/SESSIONS.ser (No such file or directory)
java.io.FileNotFoundException: /Users/lcabaceira/Alfresco/Training/ACA/Hands_on_Experience/DrAlf/tomcat/work/Catalina/localhost/host-manager/SESSIONS.ser (No such file or directory)
	at java.io.FileOutputStream.open(Native Method)
	at java.io.FileOutputStream.<init>(FileOutputStream.java:218)
	at java.io.FileOutputStream.<init>(FileOutputStream.java:110)
	at org.apache.catalina.session.StandardManager.doUnload(StandardManager.java:489)
	at org.apache.catalina.session.StandardManager.unload(StandardManager.java:463)
	at org.apache.catalina.session.StandardManager.stop(StandardManager.java:667)
	at org.apache.catalina.core.StandardContext.stop(StandardContext.java:4611)
	at org.apache.catalina.core.ContainerBase.removeChild(ContainerBase.java:924)
	at org.apache.catalina.startup.HostConfig.checkResources(HostConfig.java:1174)
	at org.apache.catalina.startup.HostConfig.check(HostConfig.java:1342)
	at org.apache.catalina.startup.HostConfig.lifecycleEvent(HostConfig.java:303)
	at org.apache.catalina.util.LifecycleSupport.fireLifecycleEvent(LifecycleSupport.java:119)
	at org.apache.catalina.core.ContainerBase.backgroundProcess(ContainerBase.java:1337)
	at org.apache.catalina.core.ContainerBase$ContainerBackgroundProcessor.processChildren(ContainerBase.java:1601)
	at org.apache.catalina.core.ContainerBase$ContainerBackgroundProcessor.processChildren(ContainerBase.java:1610)
	at org.apache.catalina.core.ContainerBase$ContainerBackgroundProcessor.run(ContainerBase.java:1590)
	at java.lang.Thread.run(Thread.java:722)

Fev 08, 2013 3:25:54 PM org.apache.catalina.session.StandardManager stop
SEVERE: Exception unloading sessions to persistent storage
java.io.FileNotFoundException: /Users/lcabaceira/Alfresco/Training/ACA/Hands_on_Experience/DrAlf/tomcat/work/Catalina/localhost/host-manager/SESSIONS.ser (No such file or directory)
	at java.io.FileOutputStream.open(Native Method)
	at java.io.FileOutputStream.<init>(FileOutputStream.java:218)
	at java.io.FileOutputStream.<init>(FileOutputStream.java:110)
	at org.apache.catalina.session.StandardManager.doUnload(StandardManager.java:489)
	at org.apache.catalina.session.StandardManager.unload(StandardManager.java:463)
	at org.apache.catalina.session.StandardManager.stop(StandardManager.java:667)
	at org.apache.catalina.core.StandardContext.stop(StandardContext.java:4611)
	at org.apache.catalina.core.ContainerBase.removeChild(ContainerBase.java:924)
	at org.apache.catalina.startup.HostConfig.checkResources(HostConfig.java:1174)
	at org.apache.catalina.startup.HostConfig.check(HostConfig.java:1342)
	at org.apache.catalina.startup.HostConfig.lifecycleEvent(HostConfig.java:303)
	at org.apache.catalina.util.LifecycleSupport.fireLifecycleEvent(LifecycleSupport.java:119)
	at org.apache.catalina.core.ContainerBase.backgroundProcess(ContainerBase.java:1337)
	at org.apache.catalina.core.ContainerBase$ContainerBackgroundProcessor.processChildren(ContainerBase.java:1601)
	at org.apache.catalina.core.ContainerBase$ContainerBackgroundProcessor.processChildren(ContainerBase.java:1610)
	at org.apache.catalina.core.ContainerBase$ContainerBackgroundProcessor.run(ContainerBase.java:1590)
	at java.lang.Thread.run(Thread.java:722)

Fev 08, 2013 3:25:54 PM org.apache.catalina.loader.WebappClassLoader clearReferencesJdbc
WARNING: JDBC driver de-registration failed
java.lang.NullPointerException
	at org.apache.catalina.loader.WebappClassLoader.clearReferencesJdbc(WebappClassLoader.java:1804)
	at org.apache.catalina.loader.WebappClassLoader.clearReferences(WebappClassLoader.java:1740)
	at org.apache.catalina.loader.WebappClassLoader.stop(WebappClassLoader.java:1658)
	at org.apache.catalina.loader.WebappLoader.stop(WebappLoader.java:710)
	at org.apache.catalina.core.StandardContext.stop(StandardContext.java:4649)
	at org.apache.catalina.core.ContainerBase.removeChild(ContainerBase.java:924)
	at org.apache.catalina.startup.HostConfig.checkResources(HostConfig.java:1174)
	at org.apache.catalina.startup.HostConfig.check(HostConfig.java:1342)
	at org.apache.catalina.startup.HostConfig.lifecycleEvent(HostConfig.java:303)
	at org.apache.catalina.util.LifecycleSupport.fireLifecycleEvent(LifecycleSupport.java:119)
	at org.apache.catalina.core.ContainerBase.backgroundProcess(ContainerBase.java:1337)
	at org.apache.catalina.core.ContainerBase$ContainerBackgroundProcessor.processChildren(ContainerBase.java:1601)
	at org.apache.catalina.core.ContainerBase$ContainerBackgroundProcessor.processChildren(ContainerBase.java:1610)
	at org.apache.catalina.core.ContainerBase$ContainerBackgroundProcessor.run(ContainerBase.java:1590)
	at java.lang.Thread.run(Thread.java:722)

Fev 08, 2013 3:25:55 PM org.apache.catalina.startup.HostConfig checkResources
INFO: Undeploying context [/alfresco]
Fev 08, 2013 3:26:27 PM org.apache.coyote.http11.Http11Protocol pause
INFO: Pausing Coyote HTTP/1.1 on http-9080
Fev 08, 2013 3:26:28 PM org.apache.catalina.core.StandardService stop
INFO: Stopping service Catalina
Fev 08, 2013 3:26:28 PM org.apache.coyote.http11.Http11Protocol destroy
INFO: Stopping Coyote HTTP/1.1 on http-9080
Fev 08, 2013 3:27:31 PM org.apache.catalina.core.AprLifecycleListener init
INFO: The APR based Apache Tomcat Native library which allows optimal performance in production environments was not found on the java.library.path: /Users/lcabaceira/Library/Java/Extensions:/Library/Java/Extensions:/Network/Library/Java/Extensions:/System/Library/Java/Extensions:/usr/lib/java:.
Fev 08, 2013 3:27:32 PM org.apache.coyote.http11.Http11Protocol init
INFO: Initializing Coyote HTTP/1.1 on http-9080
Fev 08, 2013 3:27:32 PM org.apache.catalina.startup.Catalina load
INFO: Initialization processed in 350 ms
Fev 08, 2013 3:27:32 PM org.apache.catalina.core.StandardService start
INFO: Starting service Catalina
Fev 08, 2013 3:27:32 PM org.apache.catalina.core.StandardEngine start
INFO: Starting Servlet Engine: Apache Tomcat/6.0.26
Fev 08, 2013 3:27:32 PM org.apache.catalina.startup.HostConfig deployDescriptor
INFO: Deploying configuration descriptor alfresco.xml
Fev 08, 2013 3:27:32 PM org.apache.catalina.core.StandardContext resourcesStart
SEVERE: Error starting static Resources
java.lang.IllegalArgumentException: Document base /Users/lcabaceira/Alfresco/Training/ACA/Hands_on_Experience/DrAlfresco Shell/tomcat/webapps/alfresco does not exist or is not a readable directory
	at org.apache.naming.resources.FileDirContext.setDocBase(FileDirContext.java:142)
	at org.apache.catalina.core.StandardContext.resourcesStart(StandardContext.java:4086)
	at org.apache.catalina.core.StandardContext.start(StandardContext.java:4255)
	at org.apache.catalina.core.ContainerBase.addChildInternal(ContainerBase.java:791)
	at org.apache.catalina.core.ContainerBase.addChild(ContainerBase.java:771)
	at org.apache.catalina.core.StandardHost.addChild(StandardHost.java:546)
	at org.apache.catalina.startup.HostConfig.deployDescriptor(HostConfig.java:637)
	at org.apache.catalina.startup.HostConfig.deployDescriptors(HostConfig.java:563)
	at org.apache.catalina.startup.HostConfig.deployApps(HostConfig.java:498)
	at org.apache.catalina.startup.HostConfig.start(HostConfig.java:1277)
	at org.apache.catalina.startup.HostConfig.lifecycleEvent(HostConfig.java:321)
	at org.apache.catalina.util.LifecycleSupport.fireLifecycleEvent(LifecycleSupport.java:119)
	at org.apache.catalina.core.ContainerBase.start(ContainerBase.java:1053)
	at org.apache.catalina.core.StandardHost.start(StandardHost.java:785)
	at org.apache.catalina.core.ContainerBase.start(ContainerBase.java:1045)
	at org.apache.catalina.core.StandardEngine.start(StandardEngine.java:443)
	at org.apache.catalina.core.StandardService.start(StandardService.java:519)
	at org.apache.catalina.core.StandardServer.start(StandardServer.java:710)
	at org.apache.catalina.startup.Catalina.start(Catalina.java:581)
	at sun.reflect.NativeMethodAccessorImpl.invoke0(Native Method)
	at sun.reflect.NativeMethodAccessorImpl.invoke(NativeMethodAccessorImpl.java:57)
	at sun.reflect.DelegatingMethodAccessorImpl.invoke(DelegatingMethodAccessorImpl.java:43)
	at java.lang.reflect.Method.invoke(Method.java:601)
	at org.apache.catalina.startup.Bootstrap.start(Bootstrap.java:289)
	at org.apache.catalina.startup.Bootstrap.main(Bootstrap.java:414)

Fev 08, 2013 3:27:32 PM org.apache.catalina.core.StandardContext start
SEVERE: Error in resourceStart()
Fev 08, 2013 3:27:32 PM org.apache.catalina.core.StandardContext start
SEVERE: Error getConfigured
Fev 08, 2013 3:27:32 PM org.apache.catalina.core.StandardContext start
SEVERE: Context [/alfresco] startup failed due to previous errors
Fev 08, 2013 3:27:32 PM org.apache.catalina.core.StandardContext stop
INFO: Container org.apache.catalina.core.ContainerBase.[Catalina].[localhost].[/alfresco] has not been started
Fev 08, 2013 3:27:32 PM org.apache.catalina.startup.HostConfig deployDescriptor
INFO: Deploying configuration descriptor host-manager.xml
Fev 08, 2013 3:27:32 PM org.apache.catalina.startup.HostConfig deployDescriptor
INFO: Deploying configuration descriptor manager.xml
Fev 08, 2013 3:27:32 PM org.apache.catalina.startup.HostConfig deployDirectory
INFO: Deploying web application directory docs
Fev 08, 2013 3:27:32 PM org.apache.catalina.startup.HostConfig deployDirectory
INFO: Deploying web application directory dralf
Fev 08, 2013 3:27:32 PM org.apache.catalina.startup.HostConfig deployDirectory
INFO: Deploying web application directory examples
Fev 08, 2013 3:27:32 PM org.apache.catalina.startup.HostConfig deployDirectory
INFO: Deploying web application directory ROOT
Fev 08, 2013 3:27:32 PM org.apache.coyote.http11.Http11Protocol start
INFO: Starting Coyote HTTP/1.1 on http-9080
Fev 08, 2013 3:27:32 PM org.apache.jk.common.ChannelSocket init
INFO: JK: ajp13 listening on /0.0.0.0:9009
Fev 08, 2013 3:27:32 PM org.apache.jk.server.JkMain start
INFO: Jk running ID=0 time=0/16  config=null
Fev 08, 2013 3:27:32 PM org.apache.catalina.startup.Catalina start
INFO: Server startup in 540 ms
Fev 08, 2013 3:28:43 PM org.apache.catalina.startup.HostConfig checkResources
INFO: Undeploying context []
Fev 08, 2013 3:28:43 PM org.apache.catalina.session.StandardManager doUnload
SEVERE: IOException while saving persisted sessions: java.io.FileNotFoundException: /Users/lcabaceira/Alfresco/Training/ACA/Hands_on_Experience/DrAlfresco Shell/tomcat/work/Catalina/localhost/_/SESSIONS.ser (No such file or directory)
java.io.FileNotFoundException: /Users/lcabaceira/Alfresco/Training/ACA/Hands_on_Experience/DrAlfresco Shell/tomcat/work/Catalina/localhost/_/SESSIONS.ser (No such file or directory)
	at java.io.FileOutputStream.open(Native Method)
	at java.io.FileOutputStream.<init>(FileOutputStream.java:218)
	at java.io.FileOutputStream.<init>(FileOutputStream.java:110)
	at org.apache.catalina.session.StandardManager.doUnload(StandardManager.java:489)
	at org.apache.catalina.session.StandardManager.unload(StandardManager.java:463)
	at org.apache.catalina.session.StandardManager.stop(StandardManager.java:667)
	at org.apache.catalina.core.StandardContext.stop(StandardContext.java:4611)
	at org.apache.catalina.core.ContainerBase.removeChild(ContainerBase.java:924)
	at org.apache.catalina.startup.HostConfig.checkResources(HostConfig.java:1174)
	at org.apache.catalina.startup.HostConfig.check(HostConfig.java:1342)
	at org.apache.catalina.startup.HostConfig.lifecycleEvent(HostConfig.java:303)
	at org.apache.catalina.util.LifecycleSupport.fireLifecycleEvent(LifecycleSupport.java:119)
	at org.apache.catalina.core.ContainerBase.backgroundProcess(ContainerBase.java:1337)
	at org.apache.catalina.core.ContainerBase$ContainerBackgroundProcessor.processChildren(ContainerBase.java:1601)
	at org.apache.catalina.core.ContainerBase$ContainerBackgroundProcessor.processChildren(ContainerBase.java:1610)
	at org.apache.catalina.core.ContainerBase$ContainerBackgroundProcessor.run(ContainerBase.java:1590)
	at java.lang.Thread.run(Thread.java:722)

Fev 08, 2013 3:28:43 PM org.apache.catalina.session.StandardManager stop
SEVERE: Exception unloading sessions to persistent storage
java.io.FileNotFoundException: /Users/lcabaceira/Alfresco/Training/ACA/Hands_on_Experience/DrAlfresco Shell/tomcat/work/Catalina/localhost/_/SESSIONS.ser (No such file or directory)
	at java.io.FileOutputStream.open(Native Method)
	at java.io.FileOutputStream.<init>(FileOutputStream.java:218)
	at java.io.FileOutputStream.<init>(FileOutputStream.java:110)
	at org.apache.catalina.session.StandardManager.doUnload(StandardManager.java:489)
	at org.apache.catalina.session.StandardManager.unload(StandardManager.java:463)
	at org.apache.catalina.session.StandardManager.stop(StandardManager.java:667)
	at org.apache.catalina.core.StandardContext.stop(StandardContext.java:4611)
	at org.apache.catalina.core.ContainerBase.removeChild(ContainerBase.java:924)
	at org.apache.catalina.startup.HostConfig.checkResources(HostConfig.java:1174)
	at org.apache.catalina.startup.HostConfig.check(HostConfig.java:1342)
	at org.apache.catalina.startup.HostConfig.lifecycleEvent(HostConfig.java:303)
	at org.apache.catalina.util.LifecycleSupport.fireLifecycleEvent(LifecycleSupport.java:119)
	at org.apache.catalina.core.ContainerBase.backgroundProcess(ContainerBase.java:1337)
	at org.apache.catalina.core.ContainerBase$ContainerBackgroundProcessor.processChildren(ContainerBase.java:1601)
	at org.apache.catalina.core.ContainerBase$ContainerBackgroundProcessor.processChildren(ContainerBase.java:1610)
	at org.apache.catalina.core.ContainerBase$ContainerBackgroundProcessor.run(ContainerBase.java:1590)
	at java.lang.Thread.run(Thread.java:722)

Fev 08, 2013 3:28:43 PM org.apache.catalina.loader.WebappClassLoader clearReferencesJdbc
WARNING: JDBC driver de-registration failed
java.lang.NullPointerException
	at org.apache.catalina.loader.WebappClassLoader.clearReferencesJdbc(WebappClassLoader.java:1804)
	at org.apache.catalina.loader.WebappClassLoader.clearReferences(WebappClassLoader.java:1740)
	at org.apache.catalina.loader.WebappClassLoader.stop(WebappClassLoader.java:1658)
	at org.apache.catalina.loader.WebappLoader.stop(WebappLoader.java:710)
	at org.apache.catalina.core.StandardContext.stop(StandardContext.java:4649)
	at org.apache.catalina.core.ContainerBase.removeChild(ContainerBase.java:924)
	at org.apache.catalina.startup.HostConfig.checkResources(HostConfig.java:1174)
	at org.apache.catalina.startup.HostConfig.check(HostConfig.java:1342)
	at org.apache.catalina.startup.HostConfig.lifecycleEvent(HostConfig.java:303)
	at org.apache.catalina.util.LifecycleSupport.fireLifecycleEvent(LifecycleSupport.java:119)
	at org.apache.catalina.core.ContainerBase.backgroundProcess(ContainerBase.java:1337)
	at org.apache.catalina.core.ContainerBase$ContainerBackgroundProcessor.processChildren(ContainerBase.java:1601)
	at org.apache.catalina.core.ContainerBase$ContainerBackgroundProcessor.processChildren(ContainerBase.java:1610)
	at org.apache.catalina.core.ContainerBase$ContainerBackgroundProcessor.run(ContainerBase.java:1590)
	at java.lang.Thread.run(Thread.java:722)

Fev 08, 2013 3:28:43 PM org.apache.catalina.startup.HostConfig checkResources
INFO: Undeploying context [/manager]
Fev 08, 2013 3:28:43 PM org.apache.catalina.session.StandardManager doUnload
SEVERE: IOException while saving persisted sessions: java.io.FileNotFoundException: /Users/lcabaceira/Alfresco/Training/ACA/Hands_on_Experience/DrAlfresco Shell/tomcat/work/Catalina/localhost/manager/SESSIONS.ser (No such file or directory)
java.io.FileNotFoundException: /Users/lcabaceira/Alfresco/Training/ACA/Hands_on_Experience/DrAlfresco Shell/tomcat/work/Catalina/localhost/manager/SESSIONS.ser (No such file or directory)
	at java.io.FileOutputStream.open(Native Method)
	at java.io.FileOutputStream.<init>(FileOutputStream.java:218)
	at java.io.FileOutputStream.<init>(FileOutputStream.java:110)
	at org.apache.catalina.session.StandardManager.doUnload(StandardManager.java:489)
	at org.apache.catalina.session.StandardManager.unload(StandardManager.java:463)
	at org.apache.catalina.session.StandardManager.stop(StandardManager.java:667)
	at org.apache.catalina.core.StandardContext.stop(StandardContext.java:4611)
	at org.apache.catalina.core.ContainerBase.removeChild(ContainerBase.java:924)
	at org.apache.catalina.startup.HostConfig.checkResources(HostConfig.java:1174)
	at org.apache.catalina.startup.HostConfig.check(HostConfig.java:1342)
	at org.apache.catalina.startup.HostConfig.lifecycleEvent(HostConfig.java:303)
	at org.apache.catalina.util.LifecycleSupport.fireLifecycleEvent(LifecycleSupport.java:119)
	at org.apache.catalina.core.ContainerBase.backgroundProcess(ContainerBase.java:1337)
	at org.apache.catalina.core.ContainerBase$ContainerBackgroundProcessor.processChildren(ContainerBase.java:1601)
	at org.apache.catalina.core.ContainerBase$ContainerBackgroundProcessor.processChildren(ContainerBase.java:1610)
	at org.apache.catalina.core.ContainerBase$ContainerBackgroundProcessor.run(ContainerBase.java:1590)
	at java.lang.Thread.run(Thread.java:722)

Fev 08, 2013 3:28:43 PM org.apache.catalina.session.StandardManager stop
SEVERE: Exception unloading sessions to persistent storage
java.io.FileNotFoundException: /Users/lcabaceira/Alfresco/Training/ACA/Hands_on_Experience/DrAlfresco Shell/tomcat/work/Catalina/localhost/manager/SESSIONS.ser (No such file or directory)
	at java.io.FileOutputStream.open(Native Method)
	at java.io.FileOutputStream.<init>(FileOutputStream.java:218)
	at java.io.FileOutputStream.<init>(FileOutputStream.java:110)
	at org.apache.catalina.session.StandardManager.doUnload(StandardManager.java:489)
	at org.apache.catalina.session.StandardManager.unload(StandardManager.java:463)
	at org.apache.catalina.session.StandardManager.stop(StandardManager.java:667)
	at org.apache.catalina.core.StandardContext.stop(StandardContext.java:4611)
	at org.apache.catalina.core.ContainerBase.removeChild(ContainerBase.java:924)
	at org.apache.catalina.startup.HostConfig.checkResources(HostConfig.java:1174)
	at org.apache.catalina.startup.HostConfig.check(HostConfig.java:1342)
	at org.apache.catalina.startup.HostConfig.lifecycleEvent(HostConfig.java:303)
	at org.apache.catalina.util.LifecycleSupport.fireLifecycleEvent(LifecycleSupport.java:119)
	at org.apache.catalina.core.ContainerBase.backgroundProcess(ContainerBase.java:1337)
	at org.apache.catalina.core.ContainerBase$ContainerBackgroundProcessor.processChildren(ContainerBase.java:1601)
	at org.apache.catalina.core.ContainerBase$ContainerBackgroundProcessor.processChildren(ContainerBase.java:1610)
	at org.apache.catalina.core.ContainerBase$ContainerBackgroundProcessor.run(ContainerBase.java:1590)
	at java.lang.Thread.run(Thread.java:722)

Fev 08, 2013 3:28:43 PM org.apache.catalina.loader.WebappClassLoader clearReferencesJdbc
WARNING: JDBC driver de-registration failed
java.lang.NullPointerException
	at org.apache.catalina.loader.WebappClassLoader.clearReferencesJdbc(WebappClassLoader.java:1804)
	at org.apache.catalina.loader.WebappClassLoader.clearReferences(WebappClassLoader.java:1740)
	at org.apache.catalina.loader.WebappClassLoader.stop(WebappClassLoader.java:1658)
	at org.apache.catalina.loader.WebappLoader.stop(WebappLoader.java:710)
	at org.apache.catalina.core.StandardContext.stop(StandardContext.java:4649)
	at org.apache.catalina.core.ContainerBase.removeChild(ContainerBase.java:924)
	at org.apache.catalina.startup.HostConfig.checkResources(HostConfig.java:1174)
	at org.apache.catalina.startup.HostConfig.check(HostConfig.java:1342)
	at org.apache.catalina.startup.HostConfig.lifecycleEvent(HostConfig.java:303)
	at org.apache.catalina.util.LifecycleSupport.fireLifecycleEvent(LifecycleSupport.java:119)
	at org.apache.catalina.core.ContainerBase.backgroundProcess(ContainerBase.java:1337)
	at org.apache.catalina.core.ContainerBase$ContainerBackgroundProcessor.processChildren(ContainerBase.java:1601)
	at org.apache.catalina.core.ContainerBase$ContainerBackgroundProcessor.processChildren(ContainerBase.java:1610)
	at org.apache.catalina.core.ContainerBase$ContainerBackgroundProcessor.run(ContainerBase.java:1590)
	at java.lang.Thread.run(Thread.java:722)

Fev 08, 2013 3:28:44 PM org.apache.catalina.startup.HostConfig checkResources
INFO: Undeploying context [/dralf]
Fev 08, 2013 3:28:44 PM org.apache.catalina.session.StandardManager doUnload
SEVERE: IOException while saving persisted sessions: java.io.FileNotFoundException: /Users/lcabaceira/Alfresco/Training/ACA/Hands_on_Experience/DrAlfresco Shell/tomcat/work/Catalina/localhost/dralf/SESSIONS.ser (No such file or directory)
java.io.FileNotFoundException: /Users/lcabaceira/Alfresco/Training/ACA/Hands_on_Experience/DrAlfresco Shell/tomcat/work/Catalina/localhost/dralf/SESSIONS.ser (No such file or directory)
	at java.io.FileOutputStream.open(Native Method)
	at java.io.FileOutputStream.<init>(FileOutputStream.java:218)
	at java.io.FileOutputStream.<init>(FileOutputStream.java:110)
	at org.apache.catalina.session.StandardManager.doUnload(StandardManager.java:489)
	at org.apache.catalina.session.StandardManager.unload(StandardManager.java:463)
	at org.apache.catalina.session.StandardManager.stop(StandardManager.java:667)
	at org.apache.catalina.core.StandardContext.stop(StandardContext.java:4611)
	at org.apache.catalina.core.ContainerBase.removeChild(ContainerBase.java:924)
	at org.apache.catalina.startup.HostConfig.checkResources(HostConfig.java:1174)
	at org.apache.catalina.startup.HostConfig.check(HostConfig.java:1342)
	at org.apache.catalina.startup.HostConfig.lifecycleEvent(HostConfig.java:303)
	at org.apache.catalina.util.LifecycleSupport.fireLifecycleEvent(LifecycleSupport.java:119)
	at org.apache.catalina.core.ContainerBase.backgroundProcess(ContainerBase.java:1337)
	at org.apache.catalina.core.ContainerBase$ContainerBackgroundProcessor.processChildren(ContainerBase.java:1601)
	at org.apache.catalina.core.ContainerBase$ContainerBackgroundProcessor.processChildren(ContainerBase.java:1610)
	at org.apache.catalina.core.ContainerBase$ContainerBackgroundProcessor.run(ContainerBase.java:1590)
	at java.lang.Thread.run(Thread.java:722)

Fev 08, 2013 3:28:44 PM org.apache.catalina.session.StandardManager stop
SEVERE: Exception unloading sessions to persistent storage
java.io.FileNotFoundException: /Users/lcabaceira/Alfresco/Training/ACA/Hands_on_Experience/DrAlfresco Shell/tomcat/work/Catalina/localhost/dralf/SESSIONS.ser (No such file or directory)
	at java.io.FileOutputStream.open(Native Method)
	at java.io.FileOutputStream.<init>(FileOutputStream.java:218)
	at java.io.FileOutputStream.<init>(FileOutputStream.java:110)
	at org.apache.catalina.session.StandardManager.doUnload(StandardManager.java:489)
	at org.apache.catalina.session.StandardManager.unload(StandardManager.java:463)
	at org.apache.catalina.session.StandardManager.stop(StandardManager.java:667)
	at org.apache.catalina.core.StandardContext.stop(StandardContext.java:4611)
	at org.apache.catalina.core.ContainerBase.removeChild(ContainerBase.java:924)
	at org.apache.catalina.startup.HostConfig.checkResources(HostConfig.java:1174)
	at org.apache.catalina.startup.HostConfig.check(HostConfig.java:1342)
	at org.apache.catalina.startup.HostConfig.lifecycleEvent(HostConfig.java:303)
	at org.apache.catalina.util.LifecycleSupport.fireLifecycleEvent(LifecycleSupport.java:119)
	at org.apache.catalina.core.ContainerBase.backgroundProcess(ContainerBase.java:1337)
	at org.apache.catalina.core.ContainerBase$ContainerBackgroundProcessor.processChildren(ContainerBase.java:1601)
	at org.apache.catalina.core.ContainerBase$ContainerBackgroundProcessor.processChildren(ContainerBase.java:1610)
	at org.apache.catalina.core.ContainerBase$ContainerBackgroundProcessor.run(ContainerBase.java:1590)
	at java.lang.Thread.run(Thread.java:722)

Fev 08, 2013 3:28:44 PM org.apache.catalina.loader.WebappClassLoader clearReferencesJdbc
WARNING: JDBC driver de-registration failed
java.lang.NullPointerException
	at org.apache.catalina.loader.WebappClassLoader.clearReferencesJdbc(WebappClassLoader.java:1804)
	at org.apache.catalina.loader.WebappClassLoader.clearReferences(WebappClassLoader.java:1740)
	at org.apache.catalina.loader.WebappClassLoader.stop(WebappClassLoader.java:1658)
	at org.apache.catalina.loader.WebappLoader.stop(WebappLoader.java:710)
	at org.apache.catalina.core.StandardContext.stop(StandardContext.java:4649)
	at org.apache.catalina.core.ContainerBase.removeChild(ContainerBase.java:924)
	at org.apache.catalina.startup.HostConfig.checkResources(HostConfig.java:1174)
	at org.apache.catalina.startup.HostConfig.check(HostConfig.java:1342)
	at org.apache.catalina.startup.HostConfig.lifecycleEvent(HostConfig.java:303)
	at org.apache.catalina.util.LifecycleSupport.fireLifecycleEvent(LifecycleSupport.java:119)
	at org.apache.catalina.core.ContainerBase.backgroundProcess(ContainerBase.java:1337)
	at org.apache.catalina.core.ContainerBase$ContainerBackgroundProcessor.processChildren(ContainerBase.java:1601)
	at org.apache.catalina.core.ContainerBase$ContainerBackgroundProcessor.processChildren(ContainerBase.java:1610)
	at org.apache.catalina.core.ContainerBase$ContainerBackgroundProcessor.run(ContainerBase.java:1590)
	at java.lang.Thread.run(Thread.java:722)

Fev 08, 2013 3:28:44 PM org.apache.catalina.startup.HostConfig checkResources
INFO: Undeploying context [/docs]
Fev 08, 2013 3:28:44 PM org.apache.catalina.session.StandardManager doUnload
SEVERE: IOException while saving persisted sessions: java.io.FileNotFoundException: /Users/lcabaceira/Alfresco/Training/ACA/Hands_on_Experience/DrAlfresco Shell/tomcat/work/Catalina/localhost/docs/SESSIONS.ser (No such file or directory)
java.io.FileNotFoundException: /Users/lcabaceira/Alfresco/Training/ACA/Hands_on_Experience/DrAlfresco Shell/tomcat/work/Catalina/localhost/docs/SESSIONS.ser (No such file or directory)
	at java.io.FileOutputStream.open(Native Method)
	at java.io.FileOutputStream.<init>(FileOutputStream.java:218)
	at java.io.FileOutputStream.<init>(FileOutputStream.java:110)
	at org.apache.catalina.session.StandardManager.doUnload(StandardManager.java:489)
	at org.apache.catalina.session.StandardManager.unload(StandardManager.java:463)
	at org.apache.catalina.session.StandardManager.stop(StandardManager.java:667)
	at org.apache.catalina.core.StandardContext.stop(StandardContext.java:4611)
	at org.apache.catalina.core.ContainerBase.removeChild(ContainerBase.java:924)
	at org.apache.catalina.startup.HostConfig.checkResources(HostConfig.java:1174)
	at org.apache.catalina.startup.HostConfig.check(HostConfig.java:1342)
	at org.apache.catalina.startup.HostConfig.lifecycleEvent(HostConfig.java:303)
	at org.apache.catalina.util.LifecycleSupport.fireLifecycleEvent(LifecycleSupport.java:119)
	at org.apache.catalina.core.ContainerBase.backgroundProcess(ContainerBase.java:1337)
	at org.apache.catalina.core.ContainerBase$ContainerBackgroundProcessor.processChildren(ContainerBase.java:1601)
	at org.apache.catalina.core.ContainerBase$ContainerBackgroundProcessor.processChildren(ContainerBase.java:1610)
	at org.apache.catalina.core.ContainerBase$ContainerBackgroundProcessor.run(ContainerBase.java:1590)
	at java.lang.Thread.run(Thread.java:722)

Fev 08, 2013 3:28:44 PM org.apache.catalina.session.StandardManager stop
SEVERE: Exception unloading sessions to persistent storage
java.io.FileNotFoundException: /Users/lcabaceira/Alfresco/Training/ACA/Hands_on_Experience/DrAlfresco Shell/tomcat/work/Catalina/localhost/docs/SESSIONS.ser (No such file or directory)
	at java.io.FileOutputStream.open(Native Method)
	at java.io.FileOutputStream.<init>(FileOutputStream.java:218)
	at java.io.FileOutputStream.<init>(FileOutputStream.java:110)
	at org.apache.catalina.session.StandardManager.doUnload(StandardManager.java:489)
	at org.apache.catalina.session.StandardManager.unload(StandardManager.java:463)
	at org.apache.catalina.session.StandardManager.stop(StandardManager.java:667)
	at org.apache.catalina.core.StandardContext.stop(StandardContext.java:4611)
	at org.apache.catalina.core.ContainerBase.removeChild(ContainerBase.java:924)
	at org.apache.catalina.startup.HostConfig.checkResources(HostConfig.java:1174)
	at org.apache.catalina.startup.HostConfig.check(HostConfig.java:1342)
	at org.apache.catalina.startup.HostConfig.lifecycleEvent(HostConfig.java:303)
	at org.apache.catalina.util.LifecycleSupport.fireLifecycleEvent(LifecycleSupport.java:119)
	at org.apache.catalina.core.ContainerBase.backgroundProcess(ContainerBase.java:1337)
	at org.apache.catalina.core.ContainerBase$ContainerBackgroundProcessor.processChildren(ContainerBase.java:1601)
	at org.apache.catalina.core.ContainerBase$ContainerBackgroundProcessor.processChildren(ContainerBase.java:1610)
	at org.apache.catalina.core.ContainerBase$ContainerBackgroundProcessor.run(ContainerBase.java:1590)
	at java.lang.Thread.run(Thread.java:722)

Fev 08, 2013 3:28:44 PM org.apache.catalina.loader.WebappClassLoader clearReferencesJdbc
WARNING: JDBC driver de-registration failed
java.lang.NullPointerException
	at org.apache.catalina.loader.WebappClassLoader.clearReferencesJdbc(WebappClassLoader.java:1804)
	at org.apache.catalina.loader.WebappClassLoader.clearReferences(WebappClassLoader.java:1740)
	at org.apache.catalina.loader.WebappClassLoader.stop(WebappClassLoader.java:1658)
	at org.apache.catalina.loader.WebappLoader.stop(WebappLoader.java:710)
	at org.apache.catalina.core.StandardContext.stop(StandardContext.java:4649)
	at org.apache.catalina.core.ContainerBase.removeChild(ContainerBase.java:924)
	at org.apache.catalina.startup.HostConfig.checkResources(HostConfig.java:1174)
	at org.apache.catalina.startup.HostConfig.check(HostConfig.java:1342)
	at org.apache.catalina.startup.HostConfig.lifecycleEvent(HostConfig.java:303)
	at org.apache.catalina.util.LifecycleSupport.fireLifecycleEvent(LifecycleSupport.java:119)
	at org.apache.catalina.core.ContainerBase.backgroundProcess(ContainerBase.java:1337)
	at org.apache.catalina.core.ContainerBase$ContainerBackgroundProcessor.processChildren(ContainerBase.java:1601)
	at org.apache.catalina.core.ContainerBase$ContainerBackgroundProcessor.processChildren(ContainerBase.java:1610)
	at org.apache.catalina.core.ContainerBase$ContainerBackgroundProcessor.run(ContainerBase.java:1590)
	at java.lang.Thread.run(Thread.java:722)

Fev 08, 2013 3:28:45 PM org.apache.catalina.startup.HostConfig checkResources
INFO: Undeploying context [/examples]
Fev 08, 2013 3:28:45 PM org.apache.catalina.session.StandardManager doUnload
SEVERE: IOException while saving persisted sessions: java.io.FileNotFoundException: /Users/lcabaceira/Alfresco/Training/ACA/Hands_on_Experience/DrAlfresco Shell/tomcat/work/Catalina/localhost/examples/SESSIONS.ser (No such file or directory)
java.io.FileNotFoundException: /Users/lcabaceira/Alfresco/Training/ACA/Hands_on_Experience/DrAlfresco Shell/tomcat/work/Catalina/localhost/examples/SESSIONS.ser (No such file or directory)
	at java.io.FileOutputStream.open(Native Method)
	at java.io.FileOutputStream.<init>(FileOutputStream.java:218)
	at java.io.FileOutputStream.<init>(FileOutputStream.java:110)
	at org.apache.catalina.session.StandardManager.doUnload(StandardManager.java:489)
	at org.apache.catalina.session.StandardManager.unload(StandardManager.java:463)
	at org.apache.catalina.session.StandardManager.stop(StandardManager.java:667)
	at org.apache.catalina.core.StandardContext.stop(StandardContext.java:4611)
	at org.apache.catalina.core.ContainerBase.removeChild(ContainerBase.java:924)
	at org.apache.catalina.startup.HostConfig.checkResources(HostConfig.java:1174)
	at org.apache.catalina.startup.HostConfig.check(HostConfig.java:1342)
	at org.apache.catalina.startup.HostConfig.lifecycleEvent(HostConfig.java:303)
	at org.apache.catalina.util.LifecycleSupport.fireLifecycleEvent(LifecycleSupport.java:119)
	at org.apache.catalina.core.ContainerBase.backgroundProcess(ContainerBase.java:1337)
	at org.apache.catalina.core.ContainerBase$ContainerBackgroundProcessor.processChildren(ContainerBase.java:1601)
	at org.apache.catalina.core.ContainerBase$ContainerBackgroundProcessor.processChildren(ContainerBase.java:1610)
	at org.apache.catalina.core.ContainerBase$ContainerBackgroundProcessor.run(ContainerBase.java:1590)
	at java.lang.Thread.run(Thread.java:722)

Fev 08, 2013 3:28:45 PM org.apache.catalina.session.StandardManager stop
SEVERE: Exception unloading sessions to persistent storage
java.io.FileNotFoundException: /Users/lcabaceira/Alfresco/Training/ACA/Hands_on_Experience/DrAlfresco Shell/tomcat/work/Catalina/localhost/examples/SESSIONS.ser (No such file or directory)
	at java.io.FileOutputStream.open(Native Method)
	at java.io.FileOutputStream.<init>(FileOutputStream.java:218)
	at java.io.FileOutputStream.<init>(FileOutputStream.java:110)
	at org.apache.catalina.session.StandardManager.doUnload(StandardManager.java:489)
	at org.apache.catalina.session.StandardManager.unload(StandardManager.java:463)
	at org.apache.catalina.session.StandardManager.stop(StandardManager.java:667)
	at org.apache.catalina.core.StandardContext.stop(StandardContext.java:4611)
	at org.apache.catalina.core.ContainerBase.removeChild(ContainerBase.java:924)
	at org.apache.catalina.startup.HostConfig.checkResources(HostConfig.java:1174)
	at org.apache.catalina.startup.HostConfig.check(HostConfig.java:1342)
	at org.apache.catalina.startup.HostConfig.lifecycleEvent(HostConfig.java:303)
	at org.apache.catalina.util.LifecycleSupport.fireLifecycleEvent(LifecycleSupport.java:119)
	at org.apache.catalina.core.ContainerBase.backgroundProcess(ContainerBase.java:1337)
	at org.apache.catalina.core.ContainerBase$ContainerBackgroundProcessor.processChildren(ContainerBase.java:1601)
	at org.apache.catalina.core.ContainerBase$ContainerBackgroundProcessor.processChildren(ContainerBase.java:1610)
	at org.apache.catalina.core.ContainerBase$ContainerBackgroundProcessor.run(ContainerBase.java:1590)
	at java.lang.Thread.run(Thread.java:722)

Fev 08, 2013 3:28:45 PM org.apache.catalina.loader.WebappClassLoader clearReferencesJdbc
WARNING: JDBC driver de-registration failed
java.lang.NullPointerException
	at org.apache.catalina.loader.WebappClassLoader.clearReferencesJdbc(WebappClassLoader.java:1804)
	at org.apache.catalina.loader.WebappClassLoader.clearReferences(WebappClassLoader.java:1740)
	at org.apache.catalina.loader.WebappClassLoader.stop(WebappClassLoader.java:1658)
	at org.apache.catalina.loader.WebappLoader.stop(WebappLoader.java:710)
	at org.apache.catalina.core.StandardContext.stop(StandardContext.java:4649)
	at org.apache.catalina.core.ContainerBase.removeChild(ContainerBase.java:924)
	at org.apache.catalina.startup.HostConfig.checkResources(HostConfig.java:1174)
	at org.apache.catalina.startup.HostConfig.check(HostConfig.java:1342)
	at org.apache.catalina.startup.HostConfig.lifecycleEvent(HostConfig.java:303)
	at org.apache.catalina.util.LifecycleSupport.fireLifecycleEvent(LifecycleSupport.java:119)
	at org.apache.catalina.core.ContainerBase.backgroundProcess(ContainerBase.java:1337)
	at org.apache.catalina.core.ContainerBase$ContainerBackgroundProcessor.processChildren(ContainerBase.java:1601)
	at org.apache.catalina.core.ContainerBase$ContainerBackgroundProcessor.processChildren(ContainerBase.java:1610)
	at org.apache.catalina.core.ContainerBase$ContainerBackgroundProcessor.run(ContainerBase.java:1590)
	at java.lang.Thread.run(Thread.java:722)

Fev 08, 2013 3:28:45 PM org.apache.catalina.startup.HostConfig checkResources
INFO: Undeploying context [/host-manager]
Fev 08, 2013 3:28:45 PM org.apache.catalina.session.StandardManager doUnload
SEVERE: IOException while saving persisted sessions: java.io.FileNotFoundException: /Users/lcabaceira/Alfresco/Training/ACA/Hands_on_Experience/DrAlfresco Shell/tomcat/work/Catalina/localhost/host-manager/SESSIONS.ser (No such file or directory)
java.io.FileNotFoundException: /Users/lcabaceira/Alfresco/Training/ACA/Hands_on_Experience/DrAlfresco Shell/tomcat/work/Catalina/localhost/host-manager/SESSIONS.ser (No such file or directory)
	at java.io.FileOutputStream.open(Native Method)
	at java.io.FileOutputStream.<init>(FileOutputStream.java:218)
	at java.io.FileOutputStream.<init>(FileOutputStream.java:110)
	at org.apache.catalina.session.StandardManager.doUnload(StandardManager.java:489)
	at org.apache.catalina.session.StandardManager.unload(StandardManager.java:463)
	at org.apache.catalina.session.StandardManager.stop(StandardManager.java:667)
	at org.apache.catalina.core.StandardContext.stop(StandardContext.java:4611)
	at org.apache.catalina.core.ContainerBase.removeChild(ContainerBase.java:924)
	at org.apache.catalina.startup.HostConfig.checkResources(HostConfig.java:1174)
	at org.apache.catalina.startup.HostConfig.check(HostConfig.java:1342)
	at org.apache.catalina.startup.HostConfig.lifecycleEvent(HostConfig.java:303)
	at org.apache.catalina.util.LifecycleSupport.fireLifecycleEvent(LifecycleSupport.java:119)
	at org.apache.catalina.core.ContainerBase.backgroundProcess(ContainerBase.java:1337)
	at org.apache.catalina.core.ContainerBase$ContainerBackgroundProcessor.processChildren(ContainerBase.java:1601)
	at org.apache.catalina.core.ContainerBase$ContainerBackgroundProcessor.processChildren(ContainerBase.java:1610)
	at org.apache.catalina.core.ContainerBase$ContainerBackgroundProcessor.run(ContainerBase.java:1590)
	at java.lang.Thread.run(Thread.java:722)

Fev 08, 2013 3:28:45 PM org.apache.catalina.session.StandardManager stop
SEVERE: Exception unloading sessions to persistent storage
java.io.FileNotFoundException: /Users/lcabaceira/Alfresco/Training/ACA/Hands_on_Experience/DrAlfresco Shell/tomcat/work/Catalina/localhost/host-manager/SESSIONS.ser (No such file or directory)
	at java.io.FileOutputStream.open(Native Method)
	at java.io.FileOutputStream.<init>(FileOutputStream.java:218)
	at java.io.FileOutputStream.<init>(FileOutputStream.java:110)
	at org.apache.catalina.session.StandardManager.doUnload(StandardManager.java:489)
	at org.apache.catalina.session.StandardManager.unload(StandardManager.java:463)
	at org.apache.catalina.session.StandardManager.stop(StandardManager.java:667)
	at org.apache.catalina.core.StandardContext.stop(StandardContext.java:4611)
	at org.apache.catalina.core.ContainerBase.removeChild(ContainerBase.java:924)
	at org.apache.catalina.startup.HostConfig.checkResources(HostConfig.java:1174)
	at org.apache.catalina.startup.HostConfig.check(HostConfig.java:1342)
	at org.apache.catalina.startup.HostConfig.lifecycleEvent(HostConfig.java:303)
	at org.apache.catalina.util.LifecycleSupport.fireLifecycleEvent(LifecycleSupport.java:119)
	at org.apache.catalina.core.ContainerBase.backgroundProcess(ContainerBase.java:1337)
	at org.apache.catalina.core.ContainerBase$ContainerBackgroundProcessor.processChildren(ContainerBase.java:1601)
	at org.apache.catalina.core.ContainerBase$ContainerBackgroundProcessor.processChildren(ContainerBase.java:1610)
	at org.apache.catalina.core.ContainerBase$ContainerBackgroundProcessor.run(ContainerBase.java:1590)
	at java.lang.Thread.run(Thread.java:722)

Fev 08, 2013 3:28:45 PM org.apache.catalina.loader.WebappClassLoader clearReferencesJdbc
WARNING: JDBC driver de-registration failed
java.lang.NullPointerException
	at org.apache.catalina.loader.WebappClassLoader.clearReferencesJdbc(WebappClassLoader.java:1804)
	at org.apache.catalina.loader.WebappClassLoader.clearReferences(WebappClassLoader.java:1740)
	at org.apache.catalina.loader.WebappClassLoader.stop(WebappClassLoader.java:1658)
	at org.apache.catalina.loader.WebappLoader.stop(WebappLoader.java:710)
	at org.apache.catalina.core.StandardContext.stop(StandardContext.java:4649)
	at org.apache.catalina.core.ContainerBase.removeChild(ContainerBase.java:924)
	at org.apache.catalina.startup.HostConfig.checkResources(HostConfig.java:1174)
	at org.apache.catalina.startup.HostConfig.check(HostConfig.java:1342)
	at org.apache.catalina.startup.HostConfig.lifecycleEvent(HostConfig.java:303)
	at org.apache.catalina.util.LifecycleSupport.fireLifecycleEvent(LifecycleSupport.java:119)
	at org.apache.catalina.core.ContainerBase.backgroundProcess(ContainerBase.java:1337)
	at org.apache.catalina.core.ContainerBase$ContainerBackgroundProcessor.processChildren(ContainerBase.java:1601)
	at org.apache.catalina.core.ContainerBase$ContainerBackgroundProcessor.processChildren(ContainerBase.java:1610)
	at org.apache.catalina.core.ContainerBase$ContainerBackgroundProcessor.run(ContainerBase.java:1590)
	at java.lang.Thread.run(Thread.java:722)

Fev 08, 2013 3:28:46 PM org.apache.catalina.startup.HostConfig checkResources
INFO: Undeploying context [/alfresco]
