Fev 06, 2013 11:05:15 PM org.apache.catalina.core.AprLifecycleListener init
INFO: The APR based Apache Tomcat Native library which allows optimal performance in production environments was not found on the java.library.path: /Users/lcabaceira/Library/Java/Extensions:/Library/Java/Extensions:/Network/Library/Java/Extensions:/System/Library/Java/Extensions:/usr/lib/java:.
Fev 06, 2013 11:05:15 PM org.apache.coyote.http11.Http11Protocol init
INFO: Initializing Coyote HTTP/1.1 on http-7080
Fev 06, 2013 11:05:15 PM org.apache.catalina.startup.Catalina load
INFO: Initialization processed in 362 ms
Fev 06, 2013 11:05:15 PM org.apache.catalina.core.StandardService start
INFO: Starting service Catalina
Fev 06, 2013 11:05:15 PM org.apache.catalina.core.StandardEngine start
INFO: Starting Servlet Engine: Apache Tomcat/6.0.26
Fev 06, 2013 11:05:15 PM org.apache.catalina.startup.HostConfig deployDescriptor
INFO: Deploying configuration descriptor alfresco.xml
Fev 06, 2013 11:05:16 PM org.apache.catalina.core.StandardContext addApplicationListener
INFO: The listener "org.apache.myfaces.webapp.StartupServletContextListener" is already configured for this context. The duplicate definition has been ignored.
Fev 06, 2013 11:05:59 PM org.apache.catalina.startup.HostConfig deployDescriptor
INFO: Deploying configuration descriptor host-manager.xml
Fev 06, 2013 11:05:59 PM org.apache.catalina.startup.HostConfig deployDescriptor
INFO: Deploying configuration descriptor manager.xml
Fev 06, 2013 11:05:59 PM org.apache.catalina.startup.HostConfig deployWAR
INFO: Deploying web application archive share.war
Fev 06, 2013 11:06:05 PM org.apache.catalina.startup.HostConfig deployDirectory
INFO: Deploying web application directory docs
Fev 06, 2013 11:06:05 PM org.apache.catalina.startup.HostConfig deployDirectory
INFO: Deploying web application directory examples
Fev 06, 2013 11:06:05 PM org.apache.catalina.startup.HostConfig deployDirectory
INFO: Deploying web application directory ROOT
Fev 06, 2013 11:06:05 PM org.apache.coyote.http11.Http11Protocol start
INFO: Starting Coyote HTTP/1.1 on http-7080
Fev 06, 2013 11:06:05 PM org.apache.jk.common.ChannelSocket init
INFO: JK: ajp13 listening on /0.0.0.0:7009
Fev 06, 2013 11:06:05 PM org.apache.jk.server.JkMain start
INFO: Jk running ID=0 time=0/14  config=null
Fev 06, 2013 11:06:05 PM org.apache.catalina.startup.Catalina start
INFO: Server startup in 49939 ms
