Fev 08, 2013 1:30:25 PM org.apache.catalina.core.ApplicationContext log
INFO: ContextListener: contextInitialized()
Fev 08, 2013 1:30:25 PM org.apache.catalina.core.ApplicationContext log
INFO: SessionListener: contextInitialized()
Fev 08, 2013 1:30:27 PM org.apache.catalina.core.ApplicationContext log
INFO: SessionListener: contextDestroyed()
Fev 08, 2013 1:30:27 PM org.apache.catalina.core.ApplicationContext log
INFO: ContextListener: contextDestroyed()
Fev 08, 2013 1:31:37 PM org.apache.catalina.core.ApplicationContext log
INFO: ContextListener: contextInitialized()
Fev 08, 2013 1:31:37 PM org.apache.catalina.core.ApplicationContext log
INFO: SessionListener: contextInitialized()
Fev 08, 2013 2:55:49 PM org.apache.catalina.core.ApplicationContext log
INFO: SessionListener: contextDestroyed()
Fev 08, 2013 2:55:49 PM org.apache.catalina.core.ApplicationContext log
INFO: ContextListener: contextDestroyed()
Fev 08, 2013 2:55:56 PM org.apache.catalina.core.ApplicationContext log
INFO: ContextListener: contextInitialized()
Fev 08, 2013 2:55:56 PM org.apache.catalina.core.ApplicationContext log
INFO: SessionListener: contextInitialized()
Fev 08, 2013 3:04:29 PM org.apache.catalina.core.ApplicationContext log
INFO: SessionListener: contextDestroyed()
Fev 08, 2013 3:04:29 PM org.apache.catalina.core.ApplicationContext log
INFO: ContextListener: contextDestroyed()
Fev 08, 2013 3:07:01 PM org.apache.catalina.core.ApplicationContext log
INFO: ContextListener: contextInitialized()
Fev 08, 2013 3:07:01 PM org.apache.catalina.core.ApplicationContext log
INFO: SessionListener: contextInitialized()
Fev 08, 2013 3:25:54 PM org.apache.catalina.core.ApplicationContext log
INFO: SessionListener: contextDestroyed()
Fev 08, 2013 3:25:54 PM org.apache.catalina.core.ApplicationContext log
INFO: ContextListener: contextDestroyed()
Fev 08, 2013 3:27:32 PM org.apache.catalina.core.ApplicationContext log
INFO: ContextListener: contextInitialized()
Fev 08, 2013 3:27:32 PM org.apache.catalina.core.ApplicationContext log
INFO: SessionListener: contextInitialized()
Fev 08, 2013 3:28:45 PM org.apache.catalina.core.ApplicationContext log
INFO: SessionListener: contextDestroyed()
Fev 08, 2013 3:28:45 PM org.apache.catalina.core.ApplicationContext log
INFO: ContextListener: contextDestroyed()
