Fev 05, 2013 8:03:30 PM org.apache.catalina.core.ApplicationContext log
INFO: Initializing Spring root WebApplicationContext
Fev 05, 2013 8:03:34 PM org.apache.catalina.core.ApplicationContext log
INFO: org.tuckey.web.filters.urlrewrite.UrlRewriteFilter INFO: loaded (conf ok)
Fev 05, 2013 8:03:34 PM org.apache.catalina.core.ApplicationContext log
INFO: Initializing Spring FrameworkServlet 'Spring Surf Dispatcher Servlet'
Fev 05, 2013 8:03:35 PM org.apache.catalina.core.ApplicationContext log
INFO: ContextListener: contextInitialized()
Fev 05, 2013 8:03:35 PM org.apache.catalina.core.ApplicationContext log
INFO: SessionListener: contextInitialized()
Fev 05, 2013 8:16:49 PM org.apache.catalina.core.ApplicationContext log
INFO: Destroying Spring FrameworkServlet 'Spring Surf Dispatcher Servlet'
Fev 05, 2013 8:16:49 PM org.apache.catalina.core.ApplicationContext log
INFO: org.tuckey.web.filters.urlrewrite.UrlRewriteFilter INFO: destroy called
Fev 05, 2013 8:16:49 PM org.apache.catalina.core.ApplicationContext log
INFO: Closing Spring root WebApplicationContext
Fev 05, 2013 8:16:50 PM org.apache.catalina.core.ApplicationContext log
INFO: SessionListener: contextDestroyed()
Fev 05, 2013 8:16:50 PM org.apache.catalina.core.ApplicationContext log
INFO: ContextListener: contextDestroyed()
Fev 05, 2013 8:18:23 PM org.apache.catalina.core.ApplicationContext log
INFO: Initializing Spring root WebApplicationContext
Fev 05, 2013 8:18:28 PM org.apache.catalina.core.ApplicationContext log
INFO: org.tuckey.web.filters.urlrewrite.UrlRewriteFilter INFO: loaded (conf ok)
Fev 05, 2013 8:18:28 PM org.apache.catalina.core.ApplicationContext log
INFO: Initializing Spring FrameworkServlet 'Spring Surf Dispatcher Servlet'
Fev 05, 2013 8:18:29 PM org.apache.catalina.core.ApplicationContext log
INFO: ContextListener: contextInitialized()
Fev 05, 2013 8:18:29 PM org.apache.catalina.core.ApplicationContext log
INFO: SessionListener: contextInitialized()
Fev 05, 2013 8:20:12 PM org.apache.catalina.core.ApplicationContext log
INFO: Destroying Spring FrameworkServlet 'Spring Surf Dispatcher Servlet'
Fev 05, 2013 8:20:12 PM org.apache.catalina.core.ApplicationContext log
INFO: org.tuckey.web.filters.urlrewrite.UrlRewriteFilter INFO: destroy called
Fev 05, 2013 8:20:12 PM org.apache.catalina.core.ApplicationContext log
INFO: Closing Spring root WebApplicationContext
Fev 05, 2013 8:20:13 PM org.apache.catalina.core.ApplicationContext log
INFO: SessionListener: contextDestroyed()
Fev 05, 2013 8:20:13 PM org.apache.catalina.core.ApplicationContext log
INFO: ContextListener: contextDestroyed()
Fev 05, 2013 8:22:48 PM org.apache.catalina.core.ApplicationContext log
INFO: Initializing Spring root WebApplicationContext
Fev 05, 2013 8:22:53 PM org.apache.catalina.core.ApplicationContext log
INFO: org.tuckey.web.filters.urlrewrite.UrlRewriteFilter INFO: loaded (conf ok)
Fev 05, 2013 8:22:53 PM org.apache.catalina.core.ApplicationContext log
INFO: Initializing Spring FrameworkServlet 'Spring Surf Dispatcher Servlet'
Fev 05, 2013 8:22:53 PM org.apache.catalina.core.ApplicationContext log
INFO: ContextListener: contextInitialized()
Fev 05, 2013 8:22:53 PM org.apache.catalina.core.ApplicationContext log
INFO: SessionListener: contextInitialized()
Fev 05, 2013 8:23:18 PM org.apache.catalina.core.ApplicationContext log
INFO: Destroying Spring FrameworkServlet 'Spring Surf Dispatcher Servlet'
Fev 05, 2013 8:23:18 PM org.apache.catalina.core.ApplicationContext log
INFO: org.tuckey.web.filters.urlrewrite.UrlRewriteFilter INFO: destroy called
Fev 05, 2013 8:23:18 PM org.apache.catalina.core.ApplicationContext log
INFO: Closing Spring root WebApplicationContext
Fev 05, 2013 8:23:18 PM org.apache.catalina.core.ApplicationContext log
INFO: SessionListener: contextDestroyed()
Fev 05, 2013 8:23:18 PM org.apache.catalina.core.ApplicationContext log
INFO: ContextListener: contextDestroyed()
Fev 05, 2013 8:26:12 PM org.apache.catalina.core.ApplicationContext log
INFO: Initializing Spring root WebApplicationContext
Fev 05, 2013 8:26:17 PM org.apache.catalina.core.ApplicationContext log
INFO: org.tuckey.web.filters.urlrewrite.UrlRewriteFilter INFO: loaded (conf ok)
Fev 05, 2013 8:26:17 PM org.apache.catalina.core.ApplicationContext log
INFO: Initializing Spring FrameworkServlet 'Spring Surf Dispatcher Servlet'
Fev 05, 2013 8:26:17 PM org.apache.catalina.core.ApplicationContext log
INFO: ContextListener: contextInitialized()
Fev 05, 2013 8:26:17 PM org.apache.catalina.core.ApplicationContext log
INFO: SessionListener: contextInitialized()
