Fev 07, 2013 1:18:34 PM org.apache.catalina.core.ApplicationContext log
INFO: Destroying Spring FrameworkServlet 'Spring Surf Dispatcher Servlet'
Fev 07, 2013 1:18:34 PM org.apache.catalina.core.ApplicationContext log
INFO: org.tuckey.web.filters.urlrewrite.UrlRewriteFilter INFO: destroy called
Fev 07, 2013 1:18:34 PM org.apache.catalina.core.ApplicationContext log
INFO: Closing Spring root WebApplicationContext
Fev 07, 2013 1:18:34 PM org.apache.catalina.core.ApplicationContext log
INFO: SessionListener: contextDestroyed()
Fev 07, 2013 1:18:34 PM org.apache.catalina.core.ApplicationContext log
INFO: ContextListener: contextDestroyed()
Fev 07, 2013 1:19:39 PM org.apache.catalina.core.ApplicationContext log
INFO: Initializing Spring root WebApplicationContext
Fev 07, 2013 1:19:45 PM org.apache.catalina.core.ApplicationContext log
INFO: org.tuckey.web.filters.urlrewrite.UrlRewriteFilter INFO: loaded (conf ok)
Fev 07, 2013 1:19:45 PM org.apache.catalina.core.ApplicationContext log
INFO: Initializing Spring FrameworkServlet 'Spring Surf Dispatcher Servlet'
Fev 07, 2013 1:19:45 PM org.apache.catalina.core.ApplicationContext log
INFO: ContextListener: contextInitialized()
Fev 07, 2013 1:19:45 PM org.apache.catalina.core.ApplicationContext log
INFO: SessionListener: contextInitialized()
Fev 07, 2013 1:24:08 PM org.apache.catalina.core.ApplicationContext log
INFO: Destroying Spring FrameworkServlet 'Spring Surf Dispatcher Servlet'
Fev 07, 2013 1:24:10 PM org.apache.catalina.core.ApplicationContext log
INFO: org.tuckey.web.filters.urlrewrite.UrlRewriteFilter INFO: destroy called
Fev 07, 2013 1:24:10 PM org.apache.catalina.core.ApplicationContext log
INFO: Closing Spring root WebApplicationContext
Fev 07, 2013 1:24:11 PM org.apache.catalina.core.ApplicationContext log
INFO: SessionListener: contextDestroyed()
Fev 07, 2013 1:24:11 PM org.apache.catalina.core.ApplicationContext log
INFO: ContextListener: contextDestroyed()
Fev 07, 2013 1:24:37 PM org.apache.catalina.core.ApplicationContext log
INFO: Initializing Spring root WebApplicationContext
Fev 07, 2013 1:24:44 PM org.apache.catalina.core.ApplicationContext log
INFO: org.tuckey.web.filters.urlrewrite.UrlRewriteFilter INFO: loaded (conf ok)
Fev 07, 2013 1:24:44 PM org.apache.catalina.core.ApplicationContext log
INFO: Initializing Spring FrameworkServlet 'Spring Surf Dispatcher Servlet'
Fev 07, 2013 1:24:44 PM org.apache.catalina.core.ApplicationContext log
INFO: ContextListener: contextInitialized()
Fev 07, 2013 1:24:44 PM org.apache.catalina.core.ApplicationContext log
INFO: SessionListener: contextInitialized()
Fev 07, 2013 1:26:54 PM org.apache.catalina.core.ApplicationContext log
INFO: Destroying Spring FrameworkServlet 'Spring Surf Dispatcher Servlet'
Fev 07, 2013 1:26:54 PM org.apache.catalina.core.ApplicationContext log
INFO: org.tuckey.web.filters.urlrewrite.UrlRewriteFilter INFO: destroy called
Fev 07, 2013 1:26:54 PM org.apache.catalina.core.ApplicationContext log
INFO: Closing Spring root WebApplicationContext
Fev 07, 2013 1:26:54 PM org.apache.catalina.core.ApplicationContext log
INFO: SessionListener: contextDestroyed()
Fev 07, 2013 1:26:54 PM org.apache.catalina.core.ApplicationContext log
INFO: ContextListener: contextDestroyed()
Fev 07, 2013 1:29:27 PM org.apache.catalina.core.ApplicationContext log
INFO: Initializing Spring root WebApplicationContext
Fev 07, 2013 1:29:32 PM org.apache.catalina.core.ApplicationContext log
INFO: org.tuckey.web.filters.urlrewrite.UrlRewriteFilter INFO: loaded (conf ok)
Fev 07, 2013 1:29:32 PM org.apache.catalina.core.ApplicationContext log
INFO: Initializing Spring FrameworkServlet 'Spring Surf Dispatcher Servlet'
Fev 07, 2013 1:29:32 PM org.apache.catalina.core.ApplicationContext log
INFO: ContextListener: contextInitialized()
Fev 07, 2013 1:29:32 PM org.apache.catalina.core.ApplicationContext log
INFO: SessionListener: contextInitialized()
Fev 07, 2013 1:43:14 PM org.apache.catalina.core.ApplicationContext log
INFO: Destroying Spring FrameworkServlet 'Spring Surf Dispatcher Servlet'
Fev 07, 2013 1:43:14 PM org.apache.catalina.core.ApplicationContext log
INFO: org.tuckey.web.filters.urlrewrite.UrlRewriteFilter INFO: destroy called
Fev 07, 2013 1:43:14 PM org.apache.catalina.core.ApplicationContext log
INFO: Closing Spring root WebApplicationContext
Fev 07, 2013 1:43:14 PM org.apache.catalina.core.ApplicationContext log
INFO: SessionListener: contextDestroyed()
Fev 07, 2013 1:43:14 PM org.apache.catalina.core.ApplicationContext log
INFO: ContextListener: contextDestroyed()
Fev 07, 2013 1:44:18 PM org.apache.catalina.core.ApplicationContext log
INFO: Initializing Spring root WebApplicationContext
Fev 07, 2013 1:44:23 PM org.apache.catalina.core.ApplicationContext log
INFO: org.tuckey.web.filters.urlrewrite.UrlRewriteFilter INFO: loaded (conf ok)
Fev 07, 2013 1:44:23 PM org.apache.catalina.core.ApplicationContext log
INFO: Initializing Spring FrameworkServlet 'Spring Surf Dispatcher Servlet'
Fev 07, 2013 1:44:23 PM org.apache.catalina.core.ApplicationContext log
INFO: ContextListener: contextInitialized()
Fev 07, 2013 1:44:23 PM org.apache.catalina.core.ApplicationContext log
INFO: SessionListener: contextInitialized()
Fev 07, 2013 2:53:12 PM org.apache.catalina.core.ApplicationContext log
INFO: Destroying Spring FrameworkServlet 'Spring Surf Dispatcher Servlet'
Fev 07, 2013 2:53:12 PM org.apache.catalina.core.ApplicationContext log
INFO: org.tuckey.web.filters.urlrewrite.UrlRewriteFilter INFO: destroy called
Fev 07, 2013 2:53:12 PM org.apache.catalina.core.ApplicationContext log
INFO: Closing Spring root WebApplicationContext
Fev 07, 2013 2:53:12 PM org.apache.catalina.core.ApplicationContext log
INFO: SessionListener: contextDestroyed()
Fev 07, 2013 2:53:12 PM org.apache.catalina.core.ApplicationContext log
INFO: ContextListener: contextDestroyed()
Fev 07, 2013 2:56:58 PM org.apache.catalina.core.ApplicationContext log
INFO: Initializing Spring root WebApplicationContext
Fev 07, 2013 2:57:03 PM org.apache.catalina.core.ApplicationContext log
INFO: org.tuckey.web.filters.urlrewrite.UrlRewriteFilter INFO: loaded (conf ok)
Fev 07, 2013 2:57:03 PM org.apache.catalina.core.ApplicationContext log
INFO: Initializing Spring FrameworkServlet 'Spring Surf Dispatcher Servlet'
Fev 07, 2013 2:57:03 PM org.apache.catalina.core.ApplicationContext log
INFO: ContextListener: contextInitialized()
Fev 07, 2013 2:57:03 PM org.apache.catalina.core.ApplicationContext log
INFO: SessionListener: contextInitialized()
Fev 07, 2013 2:59:53 PM org.apache.catalina.core.ApplicationContext log
INFO: Destroying Spring FrameworkServlet 'Spring Surf Dispatcher Servlet'
Fev 07, 2013 2:59:53 PM org.apache.catalina.core.ApplicationContext log
INFO: org.tuckey.web.filters.urlrewrite.UrlRewriteFilter INFO: destroy called
Fev 07, 2013 2:59:53 PM org.apache.catalina.core.ApplicationContext log
INFO: Closing Spring root WebApplicationContext
Fev 07, 2013 2:59:54 PM org.apache.catalina.core.ApplicationContext log
INFO: SessionListener: contextDestroyed()
Fev 07, 2013 2:59:54 PM org.apache.catalina.core.ApplicationContext log
INFO: ContextListener: contextDestroyed()
Fev 07, 2013 3:00:58 PM org.apache.catalina.core.ApplicationContext log
INFO: Initializing Spring root WebApplicationContext
Fev 07, 2013 3:01:03 PM org.apache.catalina.core.ApplicationContext log
INFO: org.tuckey.web.filters.urlrewrite.UrlRewriteFilter INFO: loaded (conf ok)
Fev 07, 2013 3:01:03 PM org.apache.catalina.core.ApplicationContext log
INFO: Initializing Spring FrameworkServlet 'Spring Surf Dispatcher Servlet'
Fev 07, 2013 3:01:03 PM org.apache.catalina.core.ApplicationContext log
INFO: ContextListener: contextInitialized()
Fev 07, 2013 3:01:03 PM org.apache.catalina.core.ApplicationContext log
INFO: SessionListener: contextInitialized()
Fev 07, 2013 6:15:46 PM org.apache.catalina.core.ApplicationContext log
INFO: Destroying Spring FrameworkServlet 'Spring Surf Dispatcher Servlet'
Fev 07, 2013 6:15:46 PM org.apache.catalina.core.ApplicationContext log
INFO: org.tuckey.web.filters.urlrewrite.UrlRewriteFilter INFO: destroy called
Fev 07, 2013 6:15:46 PM org.apache.catalina.core.ApplicationContext log
INFO: Closing Spring root WebApplicationContext
Fev 07, 2013 6:15:46 PM org.apache.catalina.core.ApplicationContext log
INFO: SessionListener: contextDestroyed()
Fev 07, 2013 6:15:46 PM org.apache.catalina.core.ApplicationContext log
INFO: ContextListener: contextDestroyed()
Fev 07, 2013 6:16:51 PM org.apache.catalina.core.ApplicationContext log
INFO: Initializing Spring root WebApplicationContext
Fev 07, 2013 6:16:56 PM org.apache.catalina.core.ApplicationContext log
INFO: org.tuckey.web.filters.urlrewrite.UrlRewriteFilter INFO: loaded (conf ok)
Fev 07, 2013 6:16:56 PM org.apache.catalina.core.ApplicationContext log
INFO: Initializing Spring FrameworkServlet 'Spring Surf Dispatcher Servlet'
Fev 07, 2013 6:16:57 PM org.apache.catalina.core.ApplicationContext log
INFO: ContextListener: contextInitialized()
Fev 07, 2013 6:16:57 PM org.apache.catalina.core.ApplicationContext log
INFO: SessionListener: contextInitialized()
Fev 07, 2013 6:49:33 PM org.apache.catalina.core.ApplicationContext log
INFO: Destroying Spring FrameworkServlet 'Spring Surf Dispatcher Servlet'
Fev 07, 2013 6:49:33 PM org.apache.catalina.core.ApplicationContext log
INFO: org.tuckey.web.filters.urlrewrite.UrlRewriteFilter INFO: destroy called
Fev 07, 2013 6:49:33 PM org.apache.catalina.core.ApplicationContext log
INFO: Closing Spring root WebApplicationContext
Fev 07, 2013 6:49:33 PM org.apache.catalina.core.ApplicationContext log
INFO: SessionListener: contextDestroyed()
Fev 07, 2013 6:49:33 PM org.apache.catalina.core.ApplicationContext log
INFO: ContextListener: contextDestroyed()
Fev 07, 2013 6:50:38 PM org.apache.catalina.core.ApplicationContext log
INFO: Initializing Spring root WebApplicationContext
Fev 07, 2013 6:50:43 PM org.apache.catalina.core.ApplicationContext log
INFO: org.tuckey.web.filters.urlrewrite.UrlRewriteFilter INFO: loaded (conf ok)
Fev 07, 2013 6:50:43 PM org.apache.catalina.core.ApplicationContext log
INFO: Initializing Spring FrameworkServlet 'Spring Surf Dispatcher Servlet'
Fev 07, 2013 6:50:43 PM org.apache.catalina.core.ApplicationContext log
INFO: ContextListener: contextInitialized()
Fev 07, 2013 6:50:43 PM org.apache.catalina.core.ApplicationContext log
INFO: SessionListener: contextInitialized()
Fev 07, 2013 6:52:41 PM org.apache.catalina.core.ApplicationContext log
INFO: Destroying Spring FrameworkServlet 'Spring Surf Dispatcher Servlet'
Fev 07, 2013 6:52:41 PM org.apache.catalina.core.ApplicationContext log
INFO: org.tuckey.web.filters.urlrewrite.UrlRewriteFilter INFO: destroy called
Fev 07, 2013 6:52:41 PM org.apache.catalina.core.ApplicationContext log
INFO: Closing Spring root WebApplicationContext
Fev 07, 2013 6:52:41 PM org.apache.catalina.core.ApplicationContext log
INFO: SessionListener: contextDestroyed()
Fev 07, 2013 6:52:41 PM org.apache.catalina.core.ApplicationContext log
INFO: ContextListener: contextDestroyed()
Fev 07, 2013 6:53:42 PM org.apache.catalina.core.ApplicationContext log
INFO: Initializing Spring root WebApplicationContext
Fev 07, 2013 6:53:47 PM org.apache.catalina.core.ApplicationContext log
INFO: org.tuckey.web.filters.urlrewrite.UrlRewriteFilter INFO: loaded (conf ok)
Fev 07, 2013 6:53:47 PM org.apache.catalina.core.ApplicationContext log
INFO: Initializing Spring FrameworkServlet 'Spring Surf Dispatcher Servlet'
Fev 07, 2013 6:53:47 PM org.apache.catalina.core.ApplicationContext log
INFO: ContextListener: contextInitialized()
Fev 07, 2013 6:53:47 PM org.apache.catalina.core.ApplicationContext log
INFO: SessionListener: contextInitialized()
Fev 07, 2013 6:58:39 PM org.apache.catalina.core.ApplicationContext log
INFO: Destroying Spring FrameworkServlet 'Spring Surf Dispatcher Servlet'
Fev 07, 2013 6:58:39 PM org.apache.catalina.core.ApplicationContext log
INFO: org.tuckey.web.filters.urlrewrite.UrlRewriteFilter INFO: destroy called
Fev 07, 2013 6:58:39 PM org.apache.catalina.core.ApplicationContext log
INFO: Closing Spring root WebApplicationContext
Fev 07, 2013 6:58:39 PM org.apache.catalina.core.ApplicationContext log
INFO: SessionListener: contextDestroyed()
Fev 07, 2013 6:58:39 PM org.apache.catalina.core.ApplicationContext log
INFO: ContextListener: contextDestroyed()
Fev 07, 2013 6:59:43 PM org.apache.catalina.core.ApplicationContext log
INFO: Initializing Spring root WebApplicationContext
Fev 07, 2013 6:59:49 PM org.apache.catalina.core.ApplicationContext log
INFO: org.tuckey.web.filters.urlrewrite.UrlRewriteFilter INFO: loaded (conf ok)
Fev 07, 2013 6:59:49 PM org.apache.catalina.core.ApplicationContext log
INFO: Initializing Spring FrameworkServlet 'Spring Surf Dispatcher Servlet'
Fev 07, 2013 6:59:49 PM org.apache.catalina.core.ApplicationContext log
INFO: ContextListener: contextInitialized()
Fev 07, 2013 6:59:49 PM org.apache.catalina.core.ApplicationContext log
INFO: SessionListener: contextInitialized()
Fev 07, 2013 7:04:53 PM org.apache.catalina.core.ApplicationContext log
INFO: Destroying Spring FrameworkServlet 'Spring Surf Dispatcher Servlet'
Fev 07, 2013 7:04:53 PM org.apache.catalina.core.ApplicationContext log
INFO: org.tuckey.web.filters.urlrewrite.UrlRewriteFilter INFO: destroy called
Fev 07, 2013 7:04:53 PM org.apache.catalina.core.ApplicationContext log
INFO: Closing Spring root WebApplicationContext
Fev 07, 2013 7:04:53 PM org.apache.catalina.core.ApplicationContext log
INFO: SessionListener: contextDestroyed()
Fev 07, 2013 7:04:53 PM org.apache.catalina.core.ApplicationContext log
INFO: ContextListener: contextDestroyed()
Fev 07, 2013 7:05:54 PM org.apache.catalina.core.ApplicationContext log
INFO: Initializing Spring root WebApplicationContext
Fev 07, 2013 7:05:59 PM org.apache.catalina.core.ApplicationContext log
INFO: org.tuckey.web.filters.urlrewrite.UrlRewriteFilter INFO: loaded (conf ok)
Fev 07, 2013 7:05:59 PM org.apache.catalina.core.ApplicationContext log
INFO: Initializing Spring FrameworkServlet 'Spring Surf Dispatcher Servlet'
Fev 07, 2013 7:05:59 PM org.apache.catalina.core.ApplicationContext log
INFO: ContextListener: contextInitialized()
Fev 07, 2013 7:05:59 PM org.apache.catalina.core.ApplicationContext log
INFO: SessionListener: contextInitialized()
Fev 07, 2013 7:23:09 PM org.apache.catalina.core.ApplicationContext log
INFO: Destroying Spring FrameworkServlet 'Spring Surf Dispatcher Servlet'
Fev 07, 2013 7:23:09 PM org.apache.catalina.core.ApplicationContext log
INFO: org.tuckey.web.filters.urlrewrite.UrlRewriteFilter INFO: destroy called
Fev 07, 2013 7:23:09 PM org.apache.catalina.core.ApplicationContext log
INFO: Closing Spring root WebApplicationContext
Fev 07, 2013 7:23:09 PM org.apache.catalina.core.ApplicationContext log
INFO: SessionListener: contextDestroyed()
Fev 07, 2013 7:23:09 PM org.apache.catalina.core.ApplicationContext log
INFO: ContextListener: contextDestroyed()
Fev 07, 2013 7:24:14 PM org.apache.catalina.core.ApplicationContext log
INFO: Initializing Spring root WebApplicationContext
Fev 07, 2013 7:24:20 PM org.apache.catalina.core.ApplicationContext log
INFO: org.tuckey.web.filters.urlrewrite.UrlRewriteFilter INFO: loaded (conf ok)
Fev 07, 2013 7:24:20 PM org.apache.catalina.core.ApplicationContext log
INFO: Initializing Spring FrameworkServlet 'Spring Surf Dispatcher Servlet'
Fev 07, 2013 7:24:20 PM org.apache.catalina.core.ApplicationContext log
INFO: ContextListener: contextInitialized()
Fev 07, 2013 7:24:20 PM org.apache.catalina.core.ApplicationContext log
INFO: SessionListener: contextInitialized()
Fev 07, 2013 7:34:26 PM org.apache.catalina.core.ApplicationContext log
INFO: Destroying Spring FrameworkServlet 'Spring Surf Dispatcher Servlet'
Fev 07, 2013 7:34:26 PM org.apache.catalina.core.ApplicationContext log
INFO: org.tuckey.web.filters.urlrewrite.UrlRewriteFilter INFO: destroy called
Fev 07, 2013 7:34:26 PM org.apache.catalina.core.ApplicationContext log
INFO: Closing Spring root WebApplicationContext
Fev 07, 2013 7:34:26 PM org.apache.catalina.core.ApplicationContext log
INFO: SessionListener: contextDestroyed()
Fev 07, 2013 7:34:26 PM org.apache.catalina.core.ApplicationContext log
INFO: ContextListener: contextDestroyed()
Fev 07, 2013 7:35:30 PM org.apache.catalina.core.ApplicationContext log
INFO: Initializing Spring root WebApplicationContext
Fev 07, 2013 7:35:36 PM org.apache.catalina.core.ApplicationContext log
INFO: org.tuckey.web.filters.urlrewrite.UrlRewriteFilter INFO: loaded (conf ok)
Fev 07, 2013 7:35:36 PM org.apache.catalina.core.ApplicationContext log
INFO: Initializing Spring FrameworkServlet 'Spring Surf Dispatcher Servlet'
Fev 07, 2013 7:35:36 PM org.apache.catalina.core.ApplicationContext log
INFO: ContextListener: contextInitialized()
Fev 07, 2013 7:35:36 PM org.apache.catalina.core.ApplicationContext log
INFO: SessionListener: contextInitialized()
Fev 07, 2013 7:45:51 PM org.apache.catalina.core.ApplicationContext log
INFO: Destroying Spring FrameworkServlet 'Spring Surf Dispatcher Servlet'
Fev 07, 2013 7:45:51 PM org.apache.catalina.core.ApplicationContext log
INFO: org.tuckey.web.filters.urlrewrite.UrlRewriteFilter INFO: destroy called
Fev 07, 2013 7:45:51 PM org.apache.catalina.core.ApplicationContext log
INFO: Closing Spring root WebApplicationContext
Fev 07, 2013 7:45:51 PM org.apache.catalina.core.ApplicationContext log
INFO: SessionListener: contextDestroyed()
Fev 07, 2013 7:45:51 PM org.apache.catalina.core.ApplicationContext log
INFO: ContextListener: contextDestroyed()
Fev 07, 2013 7:46:56 PM org.apache.catalina.core.ApplicationContext log
INFO: Initializing Spring root WebApplicationContext
Fev 07, 2013 7:47:02 PM org.apache.catalina.core.ApplicationContext log
INFO: org.tuckey.web.filters.urlrewrite.UrlRewriteFilter INFO: loaded (conf ok)
Fev 07, 2013 7:47:02 PM org.apache.catalina.core.ApplicationContext log
INFO: Initializing Spring FrameworkServlet 'Spring Surf Dispatcher Servlet'
Fev 07, 2013 7:47:02 PM org.apache.catalina.core.ApplicationContext log
INFO: ContextListener: contextInitialized()
Fev 07, 2013 7:47:02 PM org.apache.catalina.core.ApplicationContext log
INFO: SessionListener: contextInitialized()
Fev 07, 2013 7:51:02 PM org.apache.catalina.core.ApplicationContext log
INFO: Destroying Spring FrameworkServlet 'Spring Surf Dispatcher Servlet'
Fev 07, 2013 7:51:02 PM org.apache.catalina.core.ApplicationContext log
INFO: org.tuckey.web.filters.urlrewrite.UrlRewriteFilter INFO: destroy called
Fev 07, 2013 7:51:02 PM org.apache.catalina.core.ApplicationContext log
INFO: Closing Spring root WebApplicationContext
Fev 07, 2013 7:51:02 PM org.apache.catalina.core.ApplicationContext log
INFO: SessionListener: contextDestroyed()
Fev 07, 2013 7:51:02 PM org.apache.catalina.core.ApplicationContext log
INFO: ContextListener: contextDestroyed()
Fev 07, 2013 7:52:05 PM org.apache.catalina.core.ApplicationContext log
INFO: Initializing Spring root WebApplicationContext
Fev 07, 2013 7:52:11 PM org.apache.catalina.core.ApplicationContext log
INFO: org.tuckey.web.filters.urlrewrite.UrlRewriteFilter INFO: loaded (conf ok)
Fev 07, 2013 7:52:11 PM org.apache.catalina.core.ApplicationContext log
INFO: Initializing Spring FrameworkServlet 'Spring Surf Dispatcher Servlet'
Fev 07, 2013 7:52:11 PM org.apache.catalina.core.ApplicationContext log
INFO: ContextListener: contextInitialized()
Fev 07, 2013 7:52:11 PM org.apache.catalina.core.ApplicationContext log
INFO: SessionListener: contextInitialized()
Fev 07, 2013 7:53:41 PM org.apache.catalina.core.ApplicationContext log
INFO: Destroying Spring FrameworkServlet 'Spring Surf Dispatcher Servlet'
Fev 07, 2013 7:53:41 PM org.apache.catalina.core.ApplicationContext log
INFO: org.tuckey.web.filters.urlrewrite.UrlRewriteFilter INFO: destroy called
Fev 07, 2013 7:53:41 PM org.apache.catalina.core.ApplicationContext log
INFO: Closing Spring root WebApplicationContext
Fev 07, 2013 7:53:41 PM org.apache.catalina.core.ApplicationContext log
INFO: SessionListener: contextDestroyed()
Fev 07, 2013 7:53:41 PM org.apache.catalina.core.ApplicationContext log
INFO: ContextListener: contextDestroyed()
Fev 07, 2013 7:54:42 PM org.apache.catalina.core.ApplicationContext log
INFO: Initializing Spring root WebApplicationContext
Fev 07, 2013 7:54:47 PM org.apache.catalina.core.ApplicationContext log
INFO: org.tuckey.web.filters.urlrewrite.UrlRewriteFilter INFO: loaded (conf ok)
Fev 07, 2013 7:54:47 PM org.apache.catalina.core.ApplicationContext log
INFO: Initializing Spring FrameworkServlet 'Spring Surf Dispatcher Servlet'
Fev 07, 2013 7:54:47 PM org.apache.catalina.core.ApplicationContext log
INFO: ContextListener: contextInitialized()
Fev 07, 2013 7:54:47 PM org.apache.catalina.core.ApplicationContext log
INFO: SessionListener: contextInitialized()
Fev 07, 2013 8:08:57 PM org.apache.catalina.core.ApplicationContext log
INFO: Destroying Spring FrameworkServlet 'Spring Surf Dispatcher Servlet'
Fev 07, 2013 8:08:57 PM org.apache.catalina.core.ApplicationContext log
INFO: org.tuckey.web.filters.urlrewrite.UrlRewriteFilter INFO: destroy called
Fev 07, 2013 8:08:57 PM org.apache.catalina.core.ApplicationContext log
INFO: Closing Spring root WebApplicationContext
Fev 07, 2013 8:08:57 PM org.apache.catalina.core.ApplicationContext log
INFO: SessionListener: contextDestroyed()
Fev 07, 2013 8:08:57 PM org.apache.catalina.core.ApplicationContext log
INFO: ContextListener: contextDestroyed()
Fev 07, 2013 8:09:59 PM org.apache.catalina.core.ApplicationContext log
INFO: Initializing Spring root WebApplicationContext
Fev 07, 2013 8:10:05 PM org.apache.catalina.core.ApplicationContext log
INFO: org.tuckey.web.filters.urlrewrite.UrlRewriteFilter INFO: loaded (conf ok)
Fev 07, 2013 8:10:05 PM org.apache.catalina.core.ApplicationContext log
INFO: Initializing Spring FrameworkServlet 'Spring Surf Dispatcher Servlet'
Fev 07, 2013 8:10:05 PM org.apache.catalina.core.ApplicationContext log
INFO: ContextListener: contextInitialized()
Fev 07, 2013 8:10:05 PM org.apache.catalina.core.ApplicationContext log
INFO: SessionListener: contextInitialized()
Fev 07, 2013 8:16:56 PM org.apache.catalina.core.ApplicationContext log
INFO: Destroying Spring FrameworkServlet 'Spring Surf Dispatcher Servlet'
Fev 07, 2013 8:16:56 PM org.apache.catalina.core.ApplicationContext log
INFO: org.tuckey.web.filters.urlrewrite.UrlRewriteFilter INFO: destroy called
Fev 07, 2013 8:16:56 PM org.apache.catalina.core.ApplicationContext log
INFO: Closing Spring root WebApplicationContext
Fev 07, 2013 8:16:57 PM org.apache.catalina.core.ApplicationContext log
INFO: SessionListener: contextDestroyed()
Fev 07, 2013 8:16:57 PM org.apache.catalina.core.ApplicationContext log
INFO: ContextListener: contextDestroyed()
Fev 07, 2013 8:17:59 PM org.apache.catalina.core.ApplicationContext log
INFO: Initializing Spring root WebApplicationContext
Fev 07, 2013 8:18:05 PM org.apache.catalina.core.ApplicationContext log
INFO: org.tuckey.web.filters.urlrewrite.UrlRewriteFilter INFO: loaded (conf ok)
Fev 07, 2013 8:18:05 PM org.apache.catalina.core.ApplicationContext log
INFO: Initializing Spring FrameworkServlet 'Spring Surf Dispatcher Servlet'
Fev 07, 2013 8:18:05 PM org.apache.catalina.core.ApplicationContext log
INFO: ContextListener: contextInitialized()
Fev 07, 2013 8:18:05 PM org.apache.catalina.core.ApplicationContext log
INFO: SessionListener: contextInitialized()
Fev 07, 2013 8:20:59 PM org.apache.catalina.core.ApplicationContext log
INFO: Destroying Spring FrameworkServlet 'Spring Surf Dispatcher Servlet'
Fev 07, 2013 8:20:59 PM org.apache.catalina.core.ApplicationContext log
INFO: org.tuckey.web.filters.urlrewrite.UrlRewriteFilter INFO: destroy called
Fev 07, 2013 8:20:59 PM org.apache.catalina.core.ApplicationContext log
INFO: Closing Spring root WebApplicationContext
Fev 07, 2013 8:20:59 PM org.apache.catalina.core.ApplicationContext log
INFO: SessionListener: contextDestroyed()
Fev 07, 2013 8:20:59 PM org.apache.catalina.core.ApplicationContext log
INFO: ContextListener: contextDestroyed()
Fev 07, 2013 8:22:01 PM org.apache.catalina.core.ApplicationContext log
INFO: Initializing Spring root WebApplicationContext
Fev 07, 2013 8:22:07 PM org.apache.catalina.core.ApplicationContext log
INFO: org.tuckey.web.filters.urlrewrite.UrlRewriteFilter INFO: loaded (conf ok)
Fev 07, 2013 8:22:07 PM org.apache.catalina.core.ApplicationContext log
INFO: Initializing Spring FrameworkServlet 'Spring Surf Dispatcher Servlet'
Fev 07, 2013 8:22:07 PM org.apache.catalina.core.ApplicationContext log
INFO: ContextListener: contextInitialized()
Fev 07, 2013 8:22:07 PM org.apache.catalina.core.ApplicationContext log
INFO: SessionListener: contextInitialized()
Fev 07, 2013 9:58:35 PM org.apache.catalina.core.ApplicationContext log
INFO: Destroying Spring FrameworkServlet 'Spring Surf Dispatcher Servlet'
Fev 07, 2013 9:58:35 PM org.apache.catalina.core.ApplicationContext log
INFO: org.tuckey.web.filters.urlrewrite.UrlRewriteFilter INFO: destroy called
Fev 07, 2013 9:58:35 PM org.apache.catalina.core.ApplicationContext log
INFO: Closing Spring root WebApplicationContext
Fev 07, 2013 9:58:36 PM org.apache.catalina.core.ApplicationContext log
INFO: SessionListener: contextDestroyed()
Fev 07, 2013 9:58:36 PM org.apache.catalina.core.ApplicationContext log
INFO: ContextListener: contextDestroyed()
Fev 07, 2013 9:59:40 PM org.apache.catalina.core.ApplicationContext log
INFO: Initializing Spring root WebApplicationContext
Fev 07, 2013 9:59:46 PM org.apache.catalina.core.ApplicationContext log
INFO: org.tuckey.web.filters.urlrewrite.UrlRewriteFilter INFO: loaded (conf ok)
Fev 07, 2013 9:59:46 PM org.apache.catalina.core.ApplicationContext log
INFO: Initializing Spring FrameworkServlet 'Spring Surf Dispatcher Servlet'
Fev 07, 2013 9:59:46 PM org.apache.catalina.core.ApplicationContext log
INFO: ContextListener: contextInitialized()
Fev 07, 2013 9:59:46 PM org.apache.catalina.core.ApplicationContext log
INFO: SessionListener: contextInitialized()
Fev 07, 2013 10:04:33 PM org.apache.catalina.core.ApplicationContext log
INFO: Destroying Spring FrameworkServlet 'Spring Surf Dispatcher Servlet'
Fev 07, 2013 10:04:33 PM org.apache.catalina.core.ApplicationContext log
INFO: org.tuckey.web.filters.urlrewrite.UrlRewriteFilter INFO: destroy called
Fev 07, 2013 10:04:33 PM org.apache.catalina.core.ApplicationContext log
INFO: Closing Spring root WebApplicationContext
Fev 07, 2013 10:04:33 PM org.apache.catalina.core.ApplicationContext log
INFO: SessionListener: contextDestroyed()
Fev 07, 2013 10:04:33 PM org.apache.catalina.core.ApplicationContext log
INFO: ContextListener: contextDestroyed()
Fev 07, 2013 10:05:37 PM org.apache.catalina.core.ApplicationContext log
INFO: Initializing Spring root WebApplicationContext
Fev 07, 2013 10:05:43 PM org.apache.catalina.core.ApplicationContext log
INFO: org.tuckey.web.filters.urlrewrite.UrlRewriteFilter INFO: loaded (conf ok)
Fev 07, 2013 10:05:43 PM org.apache.catalina.core.ApplicationContext log
INFO: Initializing Spring FrameworkServlet 'Spring Surf Dispatcher Servlet'
Fev 07, 2013 10:05:43 PM org.apache.catalina.core.ApplicationContext log
INFO: ContextListener: contextInitialized()
Fev 07, 2013 10:05:43 PM org.apache.catalina.core.ApplicationContext log
INFO: SessionListener: contextInitialized()
Fev 07, 2013 10:20:51 PM org.apache.catalina.core.ApplicationContext log
INFO: Destroying Spring FrameworkServlet 'Spring Surf Dispatcher Servlet'
Fev 07, 2013 10:20:51 PM org.apache.catalina.core.ApplicationContext log
INFO: org.tuckey.web.filters.urlrewrite.UrlRewriteFilter INFO: destroy called
Fev 07, 2013 10:20:51 PM org.apache.catalina.core.ApplicationContext log
INFO: Closing Spring root WebApplicationContext
Fev 07, 2013 10:20:52 PM org.apache.catalina.core.ApplicationContext log
INFO: SessionListener: contextDestroyed()
Fev 07, 2013 10:20:52 PM org.apache.catalina.core.ApplicationContext log
INFO: ContextListener: contextDestroyed()
Fev 07, 2013 10:21:55 PM org.apache.catalina.core.ApplicationContext log
INFO: Initializing Spring root WebApplicationContext
Fev 07, 2013 10:22:00 PM org.apache.catalina.core.ApplicationContext log
INFO: org.tuckey.web.filters.urlrewrite.UrlRewriteFilter INFO: loaded (conf ok)
Fev 07, 2013 10:22:00 PM org.apache.catalina.core.ApplicationContext log
INFO: Initializing Spring FrameworkServlet 'Spring Surf Dispatcher Servlet'
Fev 07, 2013 10:22:01 PM org.apache.catalina.core.ApplicationContext log
INFO: ContextListener: contextInitialized()
Fev 07, 2013 10:22:01 PM org.apache.catalina.core.ApplicationContext log
INFO: SessionListener: contextInitialized()
Fev 07, 2013 10:31:20 PM org.apache.catalina.core.ApplicationContext log
INFO: Destroying Spring FrameworkServlet 'Spring Surf Dispatcher Servlet'
Fev 07, 2013 10:31:20 PM org.apache.catalina.core.ApplicationContext log
INFO: org.tuckey.web.filters.urlrewrite.UrlRewriteFilter INFO: destroy called
Fev 07, 2013 10:31:20 PM org.apache.catalina.core.ApplicationContext log
INFO: Closing Spring root WebApplicationContext
Fev 07, 2013 10:31:21 PM org.apache.catalina.core.ApplicationContext log
INFO: SessionListener: contextDestroyed()
Fev 07, 2013 10:31:21 PM org.apache.catalina.core.ApplicationContext log
INFO: ContextListener: contextDestroyed()
Fev 07, 2013 10:32:22 PM org.apache.catalina.core.ApplicationContext log
INFO: Initializing Spring root WebApplicationContext
Fev 07, 2013 10:32:27 PM org.apache.catalina.core.ApplicationContext log
INFO: org.tuckey.web.filters.urlrewrite.UrlRewriteFilter INFO: loaded (conf ok)
Fev 07, 2013 10:32:27 PM org.apache.catalina.core.ApplicationContext log
INFO: Initializing Spring FrameworkServlet 'Spring Surf Dispatcher Servlet'
Fev 07, 2013 10:32:27 PM org.apache.catalina.core.ApplicationContext log
INFO: ContextListener: contextInitialized()
Fev 07, 2013 10:32:27 PM org.apache.catalina.core.ApplicationContext log
INFO: SessionListener: contextInitialized()
