19:46:28,488 WARN  [org.alfresco.util.AbstractTriggerBean] Job ehCacheTracerJob is not active
19:46:31,179 INFO  [org.springframework.extensions.webscripts.TemplateProcessorRegistry] Registered template processor Repository Template Processor for extension ftl
19:46:31,181 INFO  [org.springframework.extensions.webscripts.ScriptProcessorRegistry] Registered script processor Repository Script Processor for extension js
19:46:35,796 INFO  [org.alfresco.repo.domain.schema.SchemaBootstrap] Connecting to database: jdbc:mysql://localhost:3306/alfresco1?useUnicode=yes&characterEncoding=UTF-8, UserName=alfresco1@localhost, MySQL-AB JDBC Driver
19:46:35,796 INFO  [org.alfresco.repo.domain.schema.SchemaBootstrap] Schema managed by database dialect org.hibernate.dialect.MySQLInnoDBDialect.
19:46:36,369 INFO  [org.alfresco.repo.domain.schema.SchemaBootstrap] No changes were made to the schema.
19:46:36,498 INFO  [org.alfresco.repo.management.subsystems.ChildApplicationContextFactory] Stopping 'sysAdmin' subsystem, ID: [sysAdmin, default]
19:46:36,498 INFO  [org.alfresco.repo.management.subsystems.ChildApplicationContextFactory] Stopped 'sysAdmin' subsystem, ID: [sysAdmin, default]
19:46:36,603 DEBUG [org.alfresco.repo.module] preRegister called. Server=com.sun.jmx.mbeanserver.JmxMBeanServer@1a57e030, name=log4j:logger=org.alfresco.repo.module
19:46:36,610 DEBUG [org.alfresco.repo.module.ModuleComponentHelper] preRegister called. Server=com.sun.jmx.mbeanserver.JmxMBeanServer@1a57e030, name=log4j:logger=org.alfresco.repo.module.ModuleComponentHelper
19:46:36,659 INFO  [org.alfresco.repo.management.subsystems.ChildApplicationContextFactory] Starting 'sysAdmin' subsystem, ID: [sysAdmin, default]
19:46:36,664 INFO  [org.alfresco.repo.management.subsystems.ChildApplicationContextFactory] Startup of 'sysAdmin' subsystem, ID: [sysAdmin, default] complete
19:46:37,174 INFO  [org.alfresco.repo.management.subsystems.ChildApplicationContextFactory] Starting 'Search' subsystem, ID: [Search, managed, lucene]
19:46:37,413 INFO  [org.alfresco.repo.management.subsystems.ChildApplicationContextFactory] Startup of 'Search' subsystem, ID: [Search, managed, lucene] complete
19:46:37,990 INFO  [org.alfresco.enterprise.repo.sync.SyncAdminServiceImpl] There is no key for cloud sync, cloud sync turned off
19:46:38,000 INFO  [org.alfresco.repo.management.subsystems.ChildApplicationContextFactory] Starting 'thirdparty' subsystem, ID: [thirdparty, default]
19:46:38,132 INFO  [org.alfresco.repo.management.subsystems.ChildApplicationContextFactory] Startup of 'thirdparty' subsystem, ID: [thirdparty, default] complete
19:46:38,132 INFO  [org.alfresco.repo.management.subsystems.ChildApplicationContextFactory] Starting 'OOoDirect' subsystem, ID: [OOoDirect, default]
19:46:38,198 WARN  [org.alfresco.util.AbstractTriggerBean] Job openOfficeConnectionTesterTrigger is not enabled
19:46:38,375 INFO  [org.alfresco.repo.management.subsystems.ChildApplicationContextFactory] Startup of 'OOoDirect' subsystem, ID: [OOoDirect, default] complete
19:46:38,376 INFO  [org.alfresco.repo.management.subsystems.ChildApplicationContextFactory] Starting 'OOoJodconverter' subsystem, ID: [OOoJodconverter, default]
19:46:40,084 INFO  [org.alfresco.repo.management.subsystems.ChildApplicationContextFactory] Startup of 'OOoJodconverter' subsystem, ID: [OOoJodconverter, default] complete
19:46:40,494 INFO  [org.alfresco.repo.admin.ConfigurationChecker] The Alfresco root data directory ('dir.root') is: /Users/lcabaceira/Alfresco/Training/ACA/Hands_on_Experience/alfresco1/alf_data
19:46:40,524 INFO  [org.alfresco.repo.admin.patch.PatchExecuter] Checking for patches to apply ...
19:46:41,303 INFO  [org.alfresco.repo.admin.patch.PatchExecuter] No patches were required.
19:46:41,310 INFO  [org.alfresco.repo.module.ModuleServiceImpl] Found 0 module(s).
19:46:41,318 INFO  [org.alfresco.repo.management.subsystems.ChildApplicationContextFactory] Starting 'fileServers' subsystem, ID: [fileServers, default]
19:46:41,737 INFO  [org.alfresco.repo.management.subsystems.ChildApplicationContextFactory] Starting 'Authentication' subsystem, ID: [Authentication, managed, alfrescoNtlm1]
19:46:41,844 INFO  [org.alfresco.repo.management.subsystems.ChildApplicationContextFactory] Startup of 'Authentication' subsystem, ID: [Authentication, managed, alfrescoNtlm1] complete
19:46:46,858 WARN  [org.alfresco.fileserver] CIFS, Unable to get local domain/workgroup name, using default of WORKGROUP. This may be due to firewall settings or incorrect <broadcast> setting)
19:46:46,884 ERROR [org.alfresco.fileserver] [SMB] Server error : org.alfresco.jlan.server.config.InvalidConfigurationException: Error initializing TCP-IP SMB session handler, Permission denied
19:46:46,886 ERROR [org.alfresco.fileserver] Error from JLAN
org.alfresco.jlan.server.config.InvalidConfigurationException: Error initializing TCP-IP SMB session handler, Permission denied
	at org.alfresco.jlan.smb.server.nio.NIOCifsConnectionsHandler.initializeHandler(NIOCifsConnectionsHandler.java:259)
	at org.alfresco.jlan.smb.server.SMBServer.run(SMBServer.java:479)
	at java.lang.Thread.run(Thread.java:722)
19:46:46,888 INFO  [org.alfresco.repo.management.subsystems.ChildApplicationContextFactory] Startup of 'fileServers' subsystem, ID: [fileServers, default] complete
19:46:46,888 INFO  [org.alfresco.repo.management.subsystems.ChildApplicationContextFactory] Starting 'imap' subsystem, ID: [imap, default]
19:46:46,888 ERROR [org.alfresco.fileserver] [FTP] FTP Socket error : java.net.BindException: Permission denied
19:46:46,888 ERROR [org.alfresco.fileserver] Error from JLAN
java.net.BindException: Permission denied
	at java.net.PlainSocketImpl.socketBind(Native Method)
	at java.net.AbstractPlainSocketImpl.bind(AbstractPlainSocketImpl.java:376)
	at java.net.ServerSocket.bind(ServerSocket.java:376)
	at java.net.ServerSocket.<init>(ServerSocket.java:237)
	at java.net.ServerSocket.<init>(ServerSocket.java:181)
	at org.alfresco.jlan.ftp.FTPServer.run(FTPServer.java:554)
	at java.lang.Thread.run(Thread.java:722)
19:46:46,986 INFO  [org.alfresco.repo.management.subsystems.ChildApplicationContextFactory] Startup of 'imap' subsystem, ID: [imap, default] complete
19:46:46,986 INFO  [org.alfresco.repo.management.subsystems.ChildApplicationContextFactory] Starting 'email' subsystem, ID: [email, outbound]
19:46:47,021 INFO  [org.alfresco.repo.management.subsystems.ChildApplicationContextFactory] Startup of 'email' subsystem, ID: [email, outbound] complete
19:46:47,021 INFO  [org.alfresco.repo.management.subsystems.ChildApplicationContextFactory] Starting 'email' subsystem, ID: [email, inbound]
19:46:47,085 INFO  [org.alfresco.repo.management.subsystems.ChildApplicationContextFactory] Startup of 'email' subsystem, ID: [email, inbound] complete
19:46:47,085 INFO  [org.alfresco.repo.management.subsystems.ChildApplicationContextFactory] Starting 'googledocs' subsystem, ID: [googledocs, default]
19:46:47,144 INFO  [org.alfresco.repo.management.subsystems.ChildApplicationContextFactory] Startup of 'googledocs' subsystem, ID: [googledocs, default] complete
19:46:47,144 INFO  [org.alfresco.repo.management.subsystems.ChildApplicationContextFactory] Starting 'Subscriptions' subsystem, ID: [Subscriptions, default]
19:46:47,155 INFO  [org.alfresco.repo.management.subsystems.ChildApplicationContextFactory] Startup of 'Subscriptions' subsystem, ID: [Subscriptions, default] complete
19:46:47,156 INFO  [org.alfresco.repo.usage.UserUsageTrackingComponent] Disabled - clear non-missing user usages ...
19:46:47,162 INFO  [org.alfresco.repo.usage.UserUsageTrackingComponent] Found 0 users to clear
19:46:47,162 INFO  [org.alfresco.repo.usage.UserUsageTrackingComponent] ... cleared non-missing usages for 0 users
19:46:47,162 INFO  [org.alfresco.repo.management.subsystems.ChildApplicationContextFactory] Starting 'Synchronization' subsystem, ID: [Synchronization, default]
19:46:47,199 INFO  [org.alfresco.repo.management.subsystems.ChildApplicationContextFactory] Startup of 'Synchronization' subsystem, ID: [Synchronization, default] complete
19:46:47,266 INFO  [org.alfresco.service.descriptor.DescriptorService] Alfresco JVM - v1.7.0_12-ea-b08; maximum heap size 1820,500MB
19:46:47,349 INFO  [org.alfresco.service.descriptor.DescriptorService] Alfresco license: Mode ENTERPRISE granted to Trial User limited to 30 days expiring Thu Mar 07 00:00:00 GMT 2013 (28 days remaining).
19:46:47,353 INFO  [org.alfresco.service.descriptor.DescriptorService] Alfresco started (Enterprise). Current version: 4.1.2 (372) schema 5.118. Originally installed version: 4.1.2 (372) schema 5.118.
19:46:47,354 INFO  [org.alfresco.repo.management.subsystems.ChildApplicationContextFactory] Starting 'ActivitiesFeed' subsystem, ID: [ActivitiesFeed, default]
19:46:47,435 INFO  [org.alfresco.repo.management.subsystems.ChildApplicationContextFactory] Startup of 'ActivitiesFeed' subsystem, ID: [ActivitiesFeed, default] complete
19:46:47,435 INFO  [org.alfresco.repo.management.subsystems.ChildApplicationContextFactory] Starting 'Replication' subsystem, ID: [Replication, default]
19:46:47,444 INFO  [org.alfresco.repo.management.subsystems.ChildApplicationContextFactory] Startup of 'Replication' subsystem, ID: [Replication, default] complete
19:46:53,764 INFO  [org.springframework.extensions.webscripts.DeclarativeRegistry] Registered 510 Web Scripts (+0 failed), 793 URLs
19:46:53,764 INFO  [org.springframework.extensions.webscripts.DeclarativeRegistry] Registered 2 Package Description Documents (+0 failed) 
19:46:53,764 INFO  [org.springframework.extensions.webscripts.DeclarativeRegistry] Registered 1 Schema Description Documents (+0 failed) 
19:46:53,765 INFO  [org.springframework.extensions.webscripts.AbstractRuntimeContainer] Initialised Repository Web Script Container (in 4874.157ms)
19:46:53,778 INFO  [org.springframework.extensions.webscripts.TemplateProcessorRegistry] Registered template processor freemarker for extension ftl
19:46:53,779 INFO  [org.springframework.extensions.webscripts.ScriptProcessorRegistry] Registered script processor javascript for extension js
19:48:17,675 DEBUG [org.alfresco.repo.search.impl.lucene.index.IndexInfo] Index cleaner running ... 
19:48:17,766 DEBUG [org.alfresco.repo.search.impl.lucene.index.IndexInfo] Index cleaner running ... 
19:48:20,137 DEBUG [org.alfresco.repo.search.impl.lucene.index.IndexInfo] Index cleaner running ... 
19:48:20,217 DEBUG [org.alfresco.repo.search.impl.lucene.index.IndexInfo] Index cleaner running ... 
19:48:20,506 DEBUG [org.alfresco.repo.search.impl.lucene.index.IndexInfo] Index cleaner running ... 
19:48:20,514 DEBUG [org.alfresco.repo.search.impl.lucene.index.IndexInfo] Index cleaner running ... 
19:48:37,676 DEBUG [org.alfresco.repo.search.impl.lucene.index.IndexInfo] Index cleaner running ... 
19:48:37,767 DEBUG [org.alfresco.repo.search.impl.lucene.index.IndexInfo] Index cleaner running ... 
19:48:40,138 DEBUG [org.alfresco.repo.search.impl.lucene.index.IndexInfo] Index cleaner running ... 
19:48:40,218 DEBUG [org.alfresco.repo.search.impl.lucene.index.IndexInfo] Index cleaner running ... 
19:48:40,507 DEBUG [org.alfresco.repo.search.impl.lucene.index.IndexInfo] Index cleaner running ... 
19:48:40,515 DEBUG [org.alfresco.repo.search.impl.lucene.index.IndexInfo] Index cleaner running ... 
19:48:57,677 DEBUG [org.alfresco.repo.search.impl.lucene.index.IndexInfo] Index cleaner running ... 
19:48:57,768 DEBUG [org.alfresco.repo.search.impl.lucene.index.IndexInfo] Index cleaner running ... 
19:49:00,139 DEBUG [org.alfresco.repo.search.impl.lucene.index.IndexInfo] Index cleaner running ... 
19:49:00,218 DEBUG [org.alfresco.repo.search.impl.lucene.index.IndexInfo] Index cleaner running ... 
19:49:00,508 DEBUG [org.alfresco.repo.search.impl.lucene.index.IndexInfo] Index cleaner running ... 
19:49:00,516 DEBUG [org.alfresco.repo.search.impl.lucene.index.IndexInfo] Index cleaner running ... 
19:49:17,677 DEBUG [org.alfresco.repo.search.impl.lucene.index.IndexInfo] Index cleaner running ... 
19:49:17,769 DEBUG [org.alfresco.repo.search.impl.lucene.index.IndexInfo] Index cleaner running ... 
19:49:20,141 DEBUG [org.alfresco.repo.search.impl.lucene.index.IndexInfo] Index cleaner running ... 
19:49:20,220 DEBUG [org.alfresco.repo.search.impl.lucene.index.IndexInfo] Index cleaner running ... 
19:49:20,509 DEBUG [org.alfresco.repo.search.impl.lucene.index.IndexInfo] Index cleaner running ... 
19:49:20,515 DEBUG [org.alfresco.repo.search.impl.lucene.index.IndexInfo] Index cleaner running ... 
19:49:37,679 DEBUG [org.alfresco.repo.search.impl.lucene.index.IndexInfo] Index cleaner running ... 
19:49:37,771 DEBUG [org.alfresco.repo.search.impl.lucene.index.IndexInfo] Index cleaner running ... 
19:49:40,140 DEBUG [org.alfresco.repo.search.impl.lucene.index.IndexInfo] Index cleaner running ... 
19:49:40,220 DEBUG [org.alfresco.repo.search.impl.lucene.index.IndexInfo] Index cleaner running ... 
19:49:40,510 DEBUG [org.alfresco.repo.search.impl.lucene.index.IndexInfo] Index cleaner running ... 
19:49:40,516 DEBUG [org.alfresco.repo.search.impl.lucene.index.IndexInfo] Index cleaner running ... 
19:49:57,678 DEBUG [org.alfresco.repo.search.impl.lucene.index.IndexInfo] Index cleaner running ... 
19:49:57,772 DEBUG [org.alfresco.repo.search.impl.lucene.index.IndexInfo] Index cleaner running ... 
19:50:00,141 DEBUG [org.alfresco.repo.search.impl.lucene.index.IndexInfo] Index cleaner running ... 
19:50:00,221 DEBUG [org.alfresco.repo.search.impl.lucene.index.IndexInfo] Index cleaner running ... 
19:50:00,511 DEBUG [org.alfresco.repo.search.impl.lucene.index.IndexInfo] Index cleaner running ... 
19:50:00,517 DEBUG [org.alfresco.repo.search.impl.lucene.index.IndexInfo] Index cleaner running ... 
19:50:17,678 DEBUG [org.alfresco.repo.search.impl.lucene.index.IndexInfo] Index cleaner running ... 
19:50:17,772 DEBUG [org.alfresco.repo.search.impl.lucene.index.IndexInfo] Index cleaner running ... 
19:50:20,143 DEBUG [org.alfresco.repo.search.impl.lucene.index.IndexInfo] Index cleaner running ... 
19:50:20,222 DEBUG [org.alfresco.repo.search.impl.lucene.index.IndexInfo] Index cleaner running ... 
19:50:20,512 DEBUG [org.alfresco.repo.search.impl.lucene.index.IndexInfo] Index cleaner running ... 
19:50:20,517 DEBUG [org.alfresco.repo.search.impl.lucene.index.IndexInfo] Index cleaner running ... 
19:50:37,679 DEBUG [org.alfresco.repo.search.impl.lucene.index.IndexInfo] Index cleaner running ... 
19:50:37,773 DEBUG [org.alfresco.repo.search.impl.lucene.index.IndexInfo] Index cleaner running ... 
19:50:40,144 DEBUG [org.alfresco.repo.search.impl.lucene.index.IndexInfo] Index cleaner running ... 
19:50:40,223 DEBUG [org.alfresco.repo.search.impl.lucene.index.IndexInfo] Index cleaner running ... 
19:50:40,513 DEBUG [org.alfresco.repo.search.impl.lucene.index.IndexInfo] Index cleaner running ... 
19:50:40,516 DEBUG [org.alfresco.repo.search.impl.lucene.index.IndexInfo] Index cleaner running ... 
19:50:57,680 DEBUG [org.alfresco.repo.search.impl.lucene.index.IndexInfo] Index cleaner running ... 
19:50:57,775 DEBUG [org.alfresco.repo.search.impl.lucene.index.IndexInfo] Index cleaner running ... 
19:51:00,144 DEBUG [org.alfresco.repo.search.impl.lucene.index.IndexInfo] Index cleaner running ... 
19:51:00,223 DEBUG [org.alfresco.repo.search.impl.lucene.index.IndexInfo] Index cleaner running ... 
19:51:00,513 DEBUG [org.alfresco.repo.search.impl.lucene.index.IndexInfo] Index cleaner running ... 
19:51:00,517 DEBUG [org.alfresco.repo.search.impl.lucene.index.IndexInfo] Index cleaner running ... 
19:51:02,940 INFO  [org.alfresco.repo.management.subsystems.ChildApplicationContextFactory] Stopping 'Replication' subsystem, ID: [Replication, default]
19:51:02,940 INFO  [org.alfresco.repo.management.subsystems.ChildApplicationContextFactory] Stopped 'Replication' subsystem, ID: [Replication, default]
19:51:02,973 INFO  [org.alfresco.repo.management.subsystems.ChildApplicationContextFactory] Stopping 'Subscriptions' subsystem, ID: [Subscriptions, default]
19:51:02,973 INFO  [org.alfresco.repo.management.subsystems.ChildApplicationContextFactory] Stopped 'Subscriptions' subsystem, ID: [Subscriptions, default]
19:51:02,973 INFO  [org.alfresco.repo.management.subsystems.ChildApplicationContextFactory] Stopping 'googledocs' subsystem, ID: [googledocs, default]
19:51:02,974 INFO  [org.alfresco.repo.management.subsystems.ChildApplicationContextFactory] Stopped 'googledocs' subsystem, ID: [googledocs, default]
19:51:02,974 INFO  [org.alfresco.repo.management.subsystems.ChildApplicationContextFactory] Stopping 'email' subsystem, ID: [email, inbound]
19:51:02,974 INFO  [org.alfresco.repo.management.subsystems.ChildApplicationContextFactory] Stopped 'email' subsystem, ID: [email, inbound]
19:51:02,975 INFO  [org.alfresco.repo.management.subsystems.ChildApplicationContextFactory] Stopping 'OOoJodconverter' subsystem, ID: [OOoJodconverter, default]
19:51:03,245 INFO  [org.alfresco.repo.management.subsystems.ChildApplicationContextFactory] Stopped 'OOoJodconverter' subsystem, ID: [OOoJodconverter, default]
19:51:03,245 INFO  [org.alfresco.repo.management.subsystems.ChildApplicationContextFactory] Stopping 'fileServers' subsystem, ID: [fileServers, default]
19:51:03,247 INFO  [org.alfresco.repo.management.subsystems.ChildApplicationContextFactory] Stopped 'fileServers' subsystem, ID: [fileServers, default]
19:51:03,252 INFO  [org.alfresco.repo.management.subsystems.ChildApplicationContextFactory] Stopping 'ActivitiesFeed' subsystem, ID: [ActivitiesFeed, default]
19:51:03,252 INFO  [org.alfresco.repo.management.subsystems.ChildApplicationContextFactory] Stopped 'ActivitiesFeed' subsystem, ID: [ActivitiesFeed, default]
19:51:03,252 INFO  [org.alfresco.repo.management.subsystems.ChildApplicationContextFactory] Stopping 'OOoDirect' subsystem, ID: [OOoDirect, default]
19:51:03,252 INFO  [org.alfresco.repo.management.subsystems.ChildApplicationContextFactory] Stopped 'OOoDirect' subsystem, ID: [OOoDirect, default]
19:51:03,253 INFO  [org.alfresco.repo.management.subsystems.ChildApplicationContextFactory] Stopping 'Synchronization' subsystem, ID: [Synchronization, default]
19:51:03,253 INFO  [org.alfresco.repo.management.subsystems.ChildApplicationContextFactory] Stopped 'Synchronization' subsystem, ID: [Synchronization, default]
19:51:03,253 INFO  [org.alfresco.repo.management.subsystems.ChildApplicationContextFactory] Stopping 'email' subsystem, ID: [email, outbound]
19:51:03,254 INFO  [org.alfresco.repo.management.subsystems.ChildApplicationContextFactory] Stopped 'email' subsystem, ID: [email, outbound]
19:51:03,254 INFO  [org.alfresco.repo.management.subsystems.ChildApplicationContextFactory] Stopping 'imap' subsystem, ID: [imap, default]
19:51:03,254 INFO  [org.alfresco.repo.management.subsystems.ChildApplicationContextFactory] Stopped 'imap' subsystem, ID: [imap, default]
19:51:03,523 INFO  [org.alfresco.repo.management.subsystems.ChildApplicationContextFactory] Stopping 'Search' subsystem, ID: [Search, managed, lucene]
19:51:03,524 DEBUG [org.alfresco.repo.search.impl.lucene.index.IndexInfo] Waiting for WRITE lock  - main
19:51:03,524 DEBUG [org.alfresco.repo.search.impl.lucene.index.IndexInfo] ...GOT WRITE LOCK  - main -  in 3.0E-4 ms
19:51:03,524 DEBUG [org.alfresco.repo.search.impl.lucene.index.IndexInfo] RELEASED WRITE LOCK  - main
19:51:03,524 DEBUG [org.alfresco.repo.search.impl.lucene.index.IndexInfo] Waiting for WRITE lock  - main
19:51:03,524 DEBUG [org.alfresco.repo.search.impl.lucene.index.IndexInfo] ...GOT WRITE LOCK  - main -  in 2.0E-4 ms
19:51:03,524 DEBUG [org.alfresco.repo.search.impl.lucene.index.IndexInfo] RELEASED WRITE LOCK  - main
19:51:03,524 DEBUG [org.alfresco.repo.search.impl.lucene.index.IndexInfo] Waiting for WRITE lock  - main
19:51:03,524 DEBUG [org.alfresco.repo.search.impl.lucene.index.IndexInfo] ...GOT WRITE LOCK  - main -  in 2.0E-4 ms
19:51:03,524 DEBUG [org.alfresco.repo.search.impl.lucene.index.IndexInfo] RELEASED WRITE LOCK  - main
19:51:03,524 DEBUG [org.alfresco.repo.search.impl.lucene.index.IndexInfo] Waiting for WRITE lock  - main
19:51:03,524 DEBUG [org.alfresco.repo.search.impl.lucene.index.IndexInfo] ...GOT WRITE LOCK  - main -  in 2.0E-4 ms
19:51:03,524 DEBUG [org.alfresco.repo.search.impl.lucene.index.IndexInfo] RELEASED WRITE LOCK  - main
19:51:03,524 DEBUG [org.alfresco.repo.search.impl.lucene.index.IndexInfo] Waiting for WRITE lock  - main
19:51:03,524 DEBUG [org.alfresco.repo.search.impl.lucene.index.IndexInfo] ...GOT WRITE LOCK  - main -  in 2.0E-4 ms
19:51:03,524 DEBUG [org.alfresco.repo.search.impl.lucene.index.IndexInfo] RELEASED WRITE LOCK  - main
19:51:03,524 DEBUG [org.alfresco.repo.search.impl.lucene.index.IndexInfo] Waiting for WRITE lock  - main
19:51:03,524 DEBUG [org.alfresco.repo.search.impl.lucene.index.IndexInfo] ...GOT WRITE LOCK  - main -  in 2.0E-4 ms
19:51:03,524 DEBUG [org.alfresco.repo.search.impl.lucene.index.IndexInfo] RELEASED WRITE LOCK  - main
19:51:03,525 INFO  [org.alfresco.repo.management.subsystems.ChildApplicationContextFactory] Stopped 'Search' subsystem, ID: [Search, managed, lucene]
19:51:03,553 INFO  [org.alfresco.repo.management.subsystems.ChildApplicationContextFactory] Stopping 'thirdparty' subsystem, ID: [thirdparty, default]
19:51:03,553 INFO  [org.alfresco.repo.management.subsystems.ChildApplicationContextFactory] Stopped 'thirdparty' subsystem, ID: [thirdparty, default]
19:51:03,554 INFO  [org.alfresco.repo.management.subsystems.ChildApplicationContextFactory] Stopping 'Authentication' subsystem, ID: [Authentication, managed, alfrescoNtlm1]
19:51:03,554 INFO  [org.alfresco.repo.management.subsystems.ChildApplicationContextFactory] Stopped 'Authentication' subsystem, ID: [Authentication, managed, alfrescoNtlm1]
19:51:03,558 INFO  [org.alfresco.repo.management.subsystems.ChildApplicationContextFactory] Stopping 'sysAdmin' subsystem, ID: [sysAdmin, default]
19:51:03,558 INFO  [org.alfresco.repo.management.subsystems.ChildApplicationContextFactory] Stopped 'sysAdmin' subsystem, ID: [sysAdmin, default]
19:54:16,343 WARN  [org.alfresco.util.AbstractTriggerBean] Job ehCacheTracerJob is not active
19:54:18,748 INFO  [org.springframework.extensions.webscripts.TemplateProcessorRegistry] Registered template processor Repository Template Processor for extension ftl
19:54:18,750 INFO  [org.springframework.extensions.webscripts.ScriptProcessorRegistry] Registered script processor Repository Script Processor for extension js
19:54:23,262 INFO  [org.alfresco.repo.domain.schema.SchemaBootstrap] Connecting to database: jdbc:mysql://localhost:3306/alfresco1?useUnicode=yes&characterEncoding=UTF-8, UserName=alfresco1@localhost, MySQL-AB JDBC Driver
19:54:23,262 INFO  [org.alfresco.repo.domain.schema.SchemaBootstrap] Schema managed by database dialect org.hibernate.dialect.MySQLInnoDBDialect.
19:54:23,862 INFO  [org.alfresco.repo.domain.schema.SchemaBootstrap] No changes were made to the schema.
19:54:24,055 INFO  [org.alfresco.repo.management.subsystems.ChildApplicationContextFactory] Stopping 'sysAdmin' subsystem, ID: [sysAdmin, default]
19:54:24,055 INFO  [org.alfresco.repo.management.subsystems.ChildApplicationContextFactory] Stopped 'sysAdmin' subsystem, ID: [sysAdmin, default]
19:54:24,185 DEBUG [org.alfresco.repo.module] preRegister called. Server=com.sun.jmx.mbeanserver.JmxMBeanServer@211c0042, name=log4j:logger=org.alfresco.repo.module
19:54:24,194 DEBUG [org.alfresco.repo.module.ModuleComponentHelper] preRegister called. Server=com.sun.jmx.mbeanserver.JmxMBeanServer@211c0042, name=log4j:logger=org.alfresco.repo.module.ModuleComponentHelper
19:54:24,247 INFO  [org.alfresco.repo.management.subsystems.ChildApplicationContextFactory] Starting 'sysAdmin' subsystem, ID: [sysAdmin, default]
19:54:24,252 INFO  [org.alfresco.repo.management.subsystems.ChildApplicationContextFactory] Startup of 'sysAdmin' subsystem, ID: [sysAdmin, default] complete
19:54:24,746 INFO  [org.alfresco.repo.management.subsystems.ChildApplicationContextFactory] Starting 'Search' subsystem, ID: [Search, managed, lucene]
19:54:25,024 INFO  [org.alfresco.repo.management.subsystems.ChildApplicationContextFactory] Startup of 'Search' subsystem, ID: [Search, managed, lucene] complete
19:54:25,430 INFO  [org.alfresco.enterprise.repo.sync.SyncAdminServiceImpl] There is no key for cloud sync, cloud sync turned off
19:54:25,440 INFO  [org.alfresco.repo.management.subsystems.ChildApplicationContextFactory] Starting 'thirdparty' subsystem, ID: [thirdparty, default]
19:54:25,535 INFO  [org.alfresco.repo.management.subsystems.ChildApplicationContextFactory] Startup of 'thirdparty' subsystem, ID: [thirdparty, default] complete
19:54:25,535 INFO  [org.alfresco.repo.management.subsystems.ChildApplicationContextFactory] Starting 'OOoDirect' subsystem, ID: [OOoDirect, default]
19:54:25,592 WARN  [org.alfresco.util.AbstractTriggerBean] Job openOfficeConnectionTesterTrigger is not enabled
19:54:25,747 INFO  [org.alfresco.repo.management.subsystems.ChildApplicationContextFactory] Startup of 'OOoDirect' subsystem, ID: [OOoDirect, default] complete
19:54:25,747 INFO  [org.alfresco.repo.management.subsystems.ChildApplicationContextFactory] Starting 'OOoJodconverter' subsystem, ID: [OOoJodconverter, default]
19:54:26,912 INFO  [org.alfresco.repo.management.subsystems.ChildApplicationContextFactory] Startup of 'OOoJodconverter' subsystem, ID: [OOoJodconverter, default] complete
19:54:27,296 INFO  [org.alfresco.repo.admin.ConfigurationChecker] The Alfresco root data directory ('dir.root') is: /Users/lcabaceira/Alfresco/Training/ACA/Hands_on_Experience/alfresco1/alf_data
19:54:27,323 INFO  [org.alfresco.repo.admin.patch.PatchExecuter] Checking for patches to apply ...
19:54:28,096 INFO  [org.alfresco.repo.admin.patch.PatchExecuter] No patches were required.
19:54:28,101 INFO  [org.alfresco.repo.module.ModuleServiceImpl] Found 0 module(s).
19:54:28,108 INFO  [org.alfresco.repo.management.subsystems.ChildApplicationContextFactory] Starting 'fileServers' subsystem, ID: [fileServers, default]
19:54:28,465 INFO  [org.alfresco.repo.management.subsystems.ChildApplicationContextFactory] Starting 'Authentication' subsystem, ID: [Authentication, managed, alfrescoNtlm1]
19:54:28,567 INFO  [org.alfresco.repo.management.subsystems.ChildApplicationContextFactory] Startup of 'Authentication' subsystem, ID: [Authentication, managed, alfrescoNtlm1] complete
19:54:33,579 WARN  [org.alfresco.fileserver] CIFS, Unable to get local domain/workgroup name, using default of WORKGROUP. This may be due to firewall settings or incorrect <broadcast> setting)
19:54:33,601 ERROR [org.alfresco.fileserver] [SMB] Server error : org.alfresco.jlan.server.config.InvalidConfigurationException: Error initializing TCP-IP SMB session handler, Permission denied
19:54:33,602 ERROR [org.alfresco.fileserver] Error from JLAN
org.alfresco.jlan.server.config.InvalidConfigurationException: Error initializing TCP-IP SMB session handler, Permission denied
	at org.alfresco.jlan.smb.server.nio.NIOCifsConnectionsHandler.initializeHandler(NIOCifsConnectionsHandler.java:259)
	at org.alfresco.jlan.smb.server.SMBServer.run(SMBServer.java:479)
	at java.lang.Thread.run(Thread.java:722)
19:54:33,605 INFO  [org.alfresco.repo.management.subsystems.ChildApplicationContextFactory] Startup of 'fileServers' subsystem, ID: [fileServers, default] complete
19:54:33,605 INFO  [org.alfresco.repo.management.subsystems.ChildApplicationContextFactory] Starting 'imap' subsystem, ID: [imap, default]
19:54:33,605 ERROR [org.alfresco.fileserver] [FTP] FTP Socket error : java.net.BindException: Permission denied
19:54:33,605 ERROR [org.alfresco.fileserver] Error from JLAN
java.net.BindException: Permission denied
	at java.net.PlainSocketImpl.socketBind(Native Method)
	at java.net.AbstractPlainSocketImpl.bind(AbstractPlainSocketImpl.java:376)
	at java.net.ServerSocket.bind(ServerSocket.java:376)
	at java.net.ServerSocket.<init>(ServerSocket.java:237)
	at java.net.ServerSocket.<init>(ServerSocket.java:181)
	at org.alfresco.jlan.ftp.FTPServer.run(FTPServer.java:554)
	at java.lang.Thread.run(Thread.java:722)
19:54:33,691 INFO  [org.alfresco.repo.management.subsystems.ChildApplicationContextFactory] Startup of 'imap' subsystem, ID: [imap, default] complete
19:54:33,691 INFO  [org.alfresco.repo.management.subsystems.ChildApplicationContextFactory] Starting 'email' subsystem, ID: [email, outbound]
19:54:33,722 INFO  [org.alfresco.repo.management.subsystems.ChildApplicationContextFactory] Startup of 'email' subsystem, ID: [email, outbound] complete
19:54:33,722 INFO  [org.alfresco.repo.management.subsystems.ChildApplicationContextFactory] Starting 'email' subsystem, ID: [email, inbound]
19:54:33,777 INFO  [org.alfresco.repo.management.subsystems.ChildApplicationContextFactory] Startup of 'email' subsystem, ID: [email, inbound] complete
19:54:33,777 INFO  [org.alfresco.repo.management.subsystems.ChildApplicationContextFactory] Starting 'googledocs' subsystem, ID: [googledocs, default]
19:54:33,819 INFO  [org.alfresco.repo.management.subsystems.ChildApplicationContextFactory] Startup of 'googledocs' subsystem, ID: [googledocs, default] complete
19:54:33,819 INFO  [org.alfresco.repo.management.subsystems.ChildApplicationContextFactory] Starting 'Subscriptions' subsystem, ID: [Subscriptions, default]
19:54:33,828 INFO  [org.alfresco.repo.management.subsystems.ChildApplicationContextFactory] Startup of 'Subscriptions' subsystem, ID: [Subscriptions, default] complete
19:54:33,828 INFO  [org.alfresco.repo.usage.UserUsageTrackingComponent] Disabled - clear non-missing user usages ...
19:54:33,833 INFO  [org.alfresco.repo.usage.UserUsageTrackingComponent] Found 0 users to clear
19:54:33,833 INFO  [org.alfresco.repo.usage.UserUsageTrackingComponent] ... cleared non-missing usages for 0 users
19:54:33,834 INFO  [org.alfresco.repo.management.subsystems.ChildApplicationContextFactory] Starting 'Synchronization' subsystem, ID: [Synchronization, default]
19:54:33,865 INFO  [org.alfresco.repo.management.subsystems.ChildApplicationContextFactory] Startup of 'Synchronization' subsystem, ID: [Synchronization, default] complete
19:54:33,923 INFO  [org.alfresco.service.descriptor.DescriptorService] Alfresco JVM - v1.7.0_12-ea-b08; maximum heap size 1820,500MB
19:54:33,986 INFO  [org.alfresco.service.descriptor.DescriptorService] Alfresco license: Mode ENTERPRISE granted to Trial User limited to 30 days expiring Thu Mar 07 00:00:00 GMT 2013 (28 days remaining).
19:54:33,989 INFO  [org.alfresco.service.descriptor.DescriptorService] Alfresco started (Enterprise). Current version: 4.1.2 (372) schema 5.118. Originally installed version: 4.1.2 (372) schema 5.118.
19:54:33,990 INFO  [org.alfresco.repo.management.subsystems.ChildApplicationContextFactory] Starting 'ActivitiesFeed' subsystem, ID: [ActivitiesFeed, default]
19:54:34,057 INFO  [org.alfresco.repo.management.subsystems.ChildApplicationContextFactory] Startup of 'ActivitiesFeed' subsystem, ID: [ActivitiesFeed, default] complete
19:54:34,057 INFO  [org.alfresco.repo.management.subsystems.ChildApplicationContextFactory] Starting 'Replication' subsystem, ID: [Replication, default]
19:54:34,066 INFO  [org.alfresco.repo.management.subsystems.ChildApplicationContextFactory] Startup of 'Replication' subsystem, ID: [Replication, default] complete
19:54:40,028 INFO  [org.springframework.extensions.webscripts.DeclarativeRegistry] Registered 510 Web Scripts (+0 failed), 793 URLs
19:54:40,028 INFO  [org.springframework.extensions.webscripts.DeclarativeRegistry] Registered 2 Package Description Documents (+0 failed) 
19:54:40,028 INFO  [org.springframework.extensions.webscripts.DeclarativeRegistry] Registered 1 Schema Description Documents (+0 failed) 
19:54:40,030 INFO  [org.springframework.extensions.webscripts.AbstractRuntimeContainer] Initialised Repository Web Script Container (in 4608.192ms)
19:54:40,043 INFO  [org.springframework.extensions.webscripts.TemplateProcessorRegistry] Registered template processor freemarker for extension ftl
19:54:40,044 INFO  [org.springframework.extensions.webscripts.ScriptProcessorRegistry] Registered script processor javascript for extension js
Index cleaner running ... 
Index cleaner running ... 
Index cleaner running ... 
Index cleaner running ... 
Index cleaner running ... 
Index cleaner running ... 
Index cleaner running ... 
Index cleaner running ... 
Index cleaner running ... 
Index cleaner running ... 
Index cleaner running ... 
Index cleaner running ... 
Index cleaner running ... 
Index cleaner running ... 
Index cleaner running ... 
Index cleaner running ... 
Index cleaner running ... 
Index cleaner running ... 
Index cleaner running ... 
Index cleaner running ... 
Index cleaner running ... 
Index cleaner running ... 
Index cleaner running ... 
Index cleaner running ... 
Index cleaner running ... 
Index cleaner running ... 
Index cleaner running ... 
Index cleaner running ... 
Index cleaner running ... 
Index cleaner running ... 
Index cleaner running ... 
Index cleaner running ... 
Index cleaner running ... 
Index cleaner running ... 
Index cleaner running ... 
Index cleaner running ... 
Index cleaner running ... 
Index cleaner running ... 
Index cleaner running ... 
Index cleaner running ... 
Index cleaner running ... 
Index cleaner running ... 
Index cleaner running ... 
Index cleaner running ... 
Index cleaner running ... 
Index cleaner running ... 
Index cleaner running ... 
Index cleaner running ... 
Index cleaner running ... 
Index cleaner running ... 
Index cleaner running ... 
Index cleaner running ... 
Index cleaner running ... 
Index cleaner running ... 
Index cleaner running ... 
Index cleaner running ... 
Index cleaner running ... 
Index cleaner running ... 
Index cleaner running ... 
Index cleaner running ... 
Index cleaner running ... 
Index cleaner running ... 
Index cleaner running ... 
Index cleaner running ... 
Index cleaner running ... 
Index cleaner running ... 
Index cleaner running ... 
Index cleaner running ... 
Index cleaner running ... 
Index cleaner running ... 
Index cleaner running ... 
Index cleaner running ... 
Index cleaner running ... 
Index cleaner running ... 
Index cleaner running ... 
Index cleaner running ... 
Index cleaner running ... 
Index cleaner running ... 
Index cleaner running ... 
Index cleaner running ... 
Index cleaner running ... 
Index cleaner running ... 
Index cleaner running ... 
Index cleaner running ... 
Index cleaner running ... 
Index cleaner running ... 
Index cleaner running ... 
Index cleaner running ... 
Index cleaner running ... 
Index cleaner running ... 
Index cleaner running ... 
Index cleaner running ... 
Index cleaner running ... 
Index cleaner running ... 
Index cleaner running ... 
Index cleaner running ... 
Index cleaner running ... 
Index cleaner running ... 
Index cleaner running ... 
Index cleaner running ... 
Index cleaner running ... 
Index cleaner running ... 
Index cleaner running ... 
Index cleaner running ... 
Index cleaner running ... 
Index cleaner running ... 
Index cleaner running ... 
Index cleaner running ... 
Index cleaner running ... 
Index cleaner running ... 
Index cleaner running ... 
Index cleaner running ... 
Index cleaner running ... 
Index cleaner running ... 
Index cleaner running ... 
Index cleaner running ... 
Index cleaner running ... 
Index cleaner running ... 
Index cleaner running ... 
Index cleaner running ... 
Index cleaner running ... 
Index cleaner running ... 
Index cleaner running ... 
Index cleaner running ... 
Index cleaner running ... 
Index cleaner running ... 
Index cleaner running ... 
Index cleaner running ... 
Index cleaner running ... 
Index cleaner running ... 
Index cleaner running ... 
Index cleaner running ... 
Index cleaner running ... 
Index cleaner running ... 
Index cleaner running ... 
Index cleaner running ... 
Index cleaner running ... 
Index cleaner running ... 
Index cleaner running ... 
Index cleaner running ... 
Index cleaner running ... 
Index cleaner running ... 
Index cleaner running ... 
Index cleaner running ... 
Index cleaner running ... 
Index cleaner running ... 
Index cleaner running ... 
Index cleaner running ... 
Index cleaner running ... 
Index cleaner running ... 
Stopping 'Replication' subsystem, ID: [Replication, default]
Stopped 'Replication' subsystem, ID: [Replication, default]
Stopping 'Subscriptions' subsystem, ID: [Subscriptions, default]
Stopped 'Subscriptions' subsystem, ID: [Subscriptions, default]
Stopping 'googledocs' subsystem, ID: [googledocs, default]
Stopped 'googledocs' subsystem, ID: [googledocs, default]
Stopping 'email' subsystem, ID: [email, inbound]
Stopped 'email' subsystem, ID: [email, inbound]
Stopping 'OOoJodconverter' subsystem, ID: [OOoJodconverter, default]
Stopped 'OOoJodconverter' subsystem, ID: [OOoJodconverter, default]
Stopping 'fileServers' subsystem, ID: [fileServers, default]
Stopped 'fileServers' subsystem, ID: [fileServers, default]
Stopping 'ActivitiesFeed' subsystem, ID: [ActivitiesFeed, default]
Stopped 'ActivitiesFeed' subsystem, ID: [ActivitiesFeed, default]
Stopping 'OOoDirect' subsystem, ID: [OOoDirect, default]
Stopped 'OOoDirect' subsystem, ID: [OOoDirect, default]
Stopping 'Synchronization' subsystem, ID: [Synchronization, default]
Stopped 'Synchronization' subsystem, ID: [Synchronization, default]
Stopping 'email' subsystem, ID: [email, outbound]
Stopped 'email' subsystem, ID: [email, outbound]
Stopping 'imap' subsystem, ID: [imap, default]
Stopped 'imap' subsystem, ID: [imap, default]
Stopping 'Search' subsystem, ID: [Search, managed, lucene]
Waiting for WRITE lock  - main
...GOT WRITE LOCK  - main -  in 4.0E-4 ms
RELEASED WRITE LOCK  - main
Waiting for WRITE lock  - main
...GOT WRITE LOCK  - main -  in 1.0E-4 ms
RELEASED WRITE LOCK  - main
Waiting for WRITE lock  - main
...GOT WRITE LOCK  - main -  in 2.0E-4 ms
RELEASED WRITE LOCK  - main
Waiting for WRITE lock  - main
...GOT WRITE LOCK  - main -  in 1.0E-4 ms
RELEASED WRITE LOCK  - main
Waiting for WRITE lock  - main
...GOT WRITE LOCK  - main -  in 3.0E-4 ms
RELEASED WRITE LOCK  - main
Waiting for WRITE lock  - main
...GOT WRITE LOCK  - main -  in 2.0E-4 ms
RELEASED WRITE LOCK  - main
Stopped 'Search' subsystem, ID: [Search, managed, lucene]
Stopping 'thirdparty' subsystem, ID: [thirdparty, default]
Stopped 'thirdparty' subsystem, ID: [thirdparty, default]
Stopping 'Authentication' subsystem, ID: [Authentication, managed, alfrescoNtlm1]
Stopped 'Authentication' subsystem, ID: [Authentication, managed, alfrescoNtlm1]
Stopping 'sysAdmin' subsystem, ID: [sysAdmin, default]
Stopped 'sysAdmin' subsystem, ID: [sysAdmin, default]
