14:57:02,218 INFO  [org.springframework.extensions.webscripts.TemplateProcessorRegistry] Registered template processor freemarker for extension ftl
14:57:02,274 INFO  [org.springframework.extensions.webscripts.ScriptProcessorRegistry] Registered script processor javascript for extension js
14:57:02,274 INFO  [org.springframework.extensions.webscripts.TemplateProcessorRegistry] Registered template processor freemarker for extension ftl
14:57:02,277 INFO  [org.springframework.extensions.webscripts.ScriptProcessorRegistry] Registered script processor javascript for extension js
14:57:03,275 INFO  [org.springframework.extensions.webscripts.DeclarativeRegistry] Registered 325 Web Scripts (+0 failed), 337 URLs
14:57:03,275 INFO  [org.springframework.extensions.webscripts.DeclarativeRegistry] Registered 8 Package Description Documents (+0 failed) 
14:57:03,275 INFO  [org.springframework.extensions.webscripts.DeclarativeRegistry] Registered 0 Schema Description Documents (+0 failed) 
14:57:03,433 INFO  [org.springframework.extensions.webscripts.AbstractRuntimeContainer] Initialised Spring Surf Container Web Script Container (in 1152.424ms)
14:57:03,436 INFO  [org.springframework.extensions.webscripts.TemplateProcessorRegistry] Registered template processor freemarker for extension ftl
14:57:03,439 INFO  [org.springframework.extensions.webscripts.ScriptProcessorRegistry] Registered script processor javascript for extension js
14:57:21,733 INFO  [org.alfresco.web.site.EditionInterceptor] Successfully retrieved license information from Alfresco.
14:57:24,020 INFO  [org.alfresco.web.scripts.SyncModeConfig] Successfully retrieved Sync Mode configuration from Alfresco.
14:57:27,912 INFO  [org.alfresco.web.scripts.DictionaryQuery] Successfully retrieved dictionary information from Alfresco.
15:01:02,392 INFO  [org.springframework.extensions.webscripts.TemplateProcessorRegistry] Registered template processor freemarker for extension ftl
15:01:02,448 INFO  [org.springframework.extensions.webscripts.ScriptProcessorRegistry] Registered script processor javascript for extension js
15:01:02,449 INFO  [org.springframework.extensions.webscripts.TemplateProcessorRegistry] Registered template processor freemarker for extension ftl
15:01:02,452 INFO  [org.springframework.extensions.webscripts.ScriptProcessorRegistry] Registered script processor javascript for extension js
15:01:03,399 INFO  [org.springframework.extensions.webscripts.DeclarativeRegistry] Registered 325 Web Scripts (+0 failed), 337 URLs
15:01:03,399 INFO  [org.springframework.extensions.webscripts.DeclarativeRegistry] Registered 8 Package Description Documents (+0 failed) 
15:01:03,399 INFO  [org.springframework.extensions.webscripts.DeclarativeRegistry] Registered 0 Schema Description Documents (+0 failed) 
15:01:03,550 INFO  [org.springframework.extensions.webscripts.AbstractRuntimeContainer] Initialised Spring Surf Container Web Script Container (in 1094.8259ms)
15:01:03,554 INFO  [org.springframework.extensions.webscripts.TemplateProcessorRegistry] Registered template processor freemarker for extension ftl
15:01:03,557 INFO  [org.springframework.extensions.webscripts.ScriptProcessorRegistry] Registered script processor javascript for extension js
15:02:16,697 INFO  [org.alfresco.web.site.EditionInterceptor] Successfully retrieved license information from Alfresco.
15:02:18,814 INFO  [org.alfresco.web.scripts.SyncModeConfig] Successfully retrieved Sync Mode configuration from Alfresco.
15:02:20,685 INFO  [org.alfresco.web.scripts.DictionaryQuery] Successfully retrieved dictionary information from Alfresco.
18:16:55,233 INFO  [org.springframework.extensions.webscripts.TemplateProcessorRegistry] Registered template processor freemarker for extension ftl
18:16:55,287 INFO  [org.springframework.extensions.webscripts.ScriptProcessorRegistry] Registered script processor javascript for extension js
18:16:55,287 INFO  [org.springframework.extensions.webscripts.TemplateProcessorRegistry] Registered template processor freemarker for extension ftl
18:16:55,290 INFO  [org.springframework.extensions.webscripts.ScriptProcessorRegistry] Registered script processor javascript for extension js
18:16:56,648 INFO  [org.springframework.extensions.webscripts.DeclarativeRegistry] Registered 325 Web Scripts (+0 failed), 337 URLs
18:16:56,648 INFO  [org.springframework.extensions.webscripts.DeclarativeRegistry] Registered 8 Package Description Documents (+0 failed) 
18:16:56,648 INFO  [org.springframework.extensions.webscripts.DeclarativeRegistry] Registered 0 Schema Description Documents (+0 failed) 
18:16:56,793 INFO  [org.springframework.extensions.webscripts.AbstractRuntimeContainer] Initialised Spring Surf Container Web Script Container (in 1499.454ms)
18:16:56,797 INFO  [org.springframework.extensions.webscripts.TemplateProcessorRegistry] Registered template processor freemarker for extension ftl
18:16:56,800 INFO  [org.springframework.extensions.webscripts.ScriptProcessorRegistry] Registered script processor javascript for extension js
18:17:43,881 INFO  [org.alfresco.web.site.EditionInterceptor] Successfully retrieved license information from Alfresco.
18:17:48,279 INFO  [org.alfresco.web.scripts.SyncModeConfig] Successfully retrieved Sync Mode configuration from Alfresco.
18:17:49,536 INFO  [org.alfresco.web.scripts.DictionaryQuery] Successfully retrieved dictionary information from Alfresco.
18:50:41,945 INFO  [org.springframework.extensions.webscripts.TemplateProcessorRegistry] Registered template processor freemarker for extension ftl
18:50:42,045 INFO  [org.springframework.extensions.webscripts.ScriptProcessorRegistry] Registered script processor javascript for extension js
18:50:42,045 INFO  [org.springframework.extensions.webscripts.TemplateProcessorRegistry] Registered template processor freemarker for extension ftl
18:50:42,048 INFO  [org.springframework.extensions.webscripts.ScriptProcessorRegistry] Registered script processor javascript for extension js
18:50:43,384 INFO  [org.springframework.extensions.webscripts.DeclarativeRegistry] Registered 325 Web Scripts (+0 failed), 337 URLs
18:50:43,384 INFO  [org.springframework.extensions.webscripts.DeclarativeRegistry] Registered 8 Package Description Documents (+0 failed) 
18:50:43,384 INFO  [org.springframework.extensions.webscripts.DeclarativeRegistry] Registered 0 Schema Description Documents (+0 failed) 
18:50:43,548 INFO  [org.springframework.extensions.webscripts.AbstractRuntimeContainer] Initialised Spring Surf Container Web Script Container (in 1495.8269ms)
18:50:43,552 INFO  [org.springframework.extensions.webscripts.TemplateProcessorRegistry] Registered template processor freemarker for extension ftl
18:50:43,555 INFO  [org.springframework.extensions.webscripts.ScriptProcessorRegistry] Registered script processor javascript for extension js
18:53:46,438 INFO  [org.springframework.extensions.webscripts.TemplateProcessorRegistry] Registered template processor freemarker for extension ftl
18:53:46,497 INFO  [org.springframework.extensions.webscripts.ScriptProcessorRegistry] Registered script processor javascript for extension js
18:53:46,497 INFO  [org.springframework.extensions.webscripts.TemplateProcessorRegistry] Registered template processor freemarker for extension ftl
18:53:46,500 INFO  [org.springframework.extensions.webscripts.ScriptProcessorRegistry] Registered script processor javascript for extension js
18:53:47,433 INFO  [org.springframework.extensions.webscripts.DeclarativeRegistry] Registered 325 Web Scripts (+0 failed), 337 URLs
18:53:47,433 INFO  [org.springframework.extensions.webscripts.DeclarativeRegistry] Registered 8 Package Description Documents (+0 failed) 
18:53:47,433 INFO  [org.springframework.extensions.webscripts.DeclarativeRegistry] Registered 0 Schema Description Documents (+0 failed) 
18:53:47,583 INFO  [org.springframework.extensions.webscripts.AbstractRuntimeContainer] Initialised Spring Surf Container Web Script Container (in 1079.12ms)
18:53:47,586 INFO  [org.springframework.extensions.webscripts.TemplateProcessorRegistry] Registered template processor freemarker for extension ftl
18:53:47,589 INFO  [org.springframework.extensions.webscripts.ScriptProcessorRegistry] Registered script processor javascript for extension js
18:59:47,284 INFO  [org.springframework.extensions.webscripts.TemplateProcessorRegistry] Registered template processor freemarker for extension ftl
18:59:47,347 INFO  [org.springframework.extensions.webscripts.ScriptProcessorRegistry] Registered script processor javascript for extension js
18:59:47,347 INFO  [org.springframework.extensions.webscripts.TemplateProcessorRegistry] Registered template processor freemarker for extension ftl
18:59:47,350 INFO  [org.springframework.extensions.webscripts.ScriptProcessorRegistry] Registered script processor javascript for extension js
18:59:48,681 INFO  [org.springframework.extensions.webscripts.DeclarativeRegistry] Registered 325 Web Scripts (+0 failed), 337 URLs
18:59:48,681 INFO  [org.springframework.extensions.webscripts.DeclarativeRegistry] Registered 8 Package Description Documents (+0 failed) 
18:59:48,681 INFO  [org.springframework.extensions.webscripts.DeclarativeRegistry] Registered 0 Schema Description Documents (+0 failed) 
18:59:48,834 INFO  [org.springframework.extensions.webscripts.AbstractRuntimeContainer] Initialised Spring Surf Container Web Script Container (in 1480.526ms)
18:59:48,837 INFO  [org.springframework.extensions.webscripts.TemplateProcessorRegistry] Registered template processor freemarker for extension ftl
18:59:48,840 INFO  [org.springframework.extensions.webscripts.ScriptProcessorRegistry] Registered script processor javascript for extension js
19:00:31,920 INFO  [org.alfresco.web.site.EditionInterceptor] Successfully retrieved license information from Alfresco.
19:00:34,114 INFO  [org.alfresco.web.scripts.SyncModeConfig] Successfully retrieved Sync Mode configuration from Alfresco.
19:00:35,859 INFO  [org.alfresco.web.scripts.DictionaryQuery] Successfully retrieved dictionary information from Alfresco.
19:05:58,102 INFO  [org.springframework.extensions.webscripts.TemplateProcessorRegistry] Registered template processor freemarker for extension ftl
19:05:58,154 INFO  [org.springframework.extensions.webscripts.ScriptProcessorRegistry] Registered script processor javascript for extension js
19:05:58,155 INFO  [org.springframework.extensions.webscripts.TemplateProcessorRegistry] Registered template processor freemarker for extension ftl
19:05:58,157 INFO  [org.springframework.extensions.webscripts.ScriptProcessorRegistry] Registered script processor javascript for extension js
19:05:59,088 INFO  [org.springframework.extensions.webscripts.DeclarativeRegistry] Registered 325 Web Scripts (+0 failed), 337 URLs
19:05:59,088 INFO  [org.springframework.extensions.webscripts.DeclarativeRegistry] Registered 8 Package Description Documents (+0 failed) 
19:05:59,088 INFO  [org.springframework.extensions.webscripts.DeclarativeRegistry] Registered 0 Schema Description Documents (+0 failed) 
19:05:59,243 INFO  [org.springframework.extensions.webscripts.AbstractRuntimeContainer] Initialised Spring Surf Container Web Script Container (in 1081.847ms)
19:05:59,247 INFO  [org.springframework.extensions.webscripts.TemplateProcessorRegistry] Registered template processor freemarker for extension ftl
19:05:59,250 INFO  [org.springframework.extensions.webscripts.ScriptProcessorRegistry] Registered script processor javascript for extension js
19:24:18,287 INFO  [org.springframework.extensions.webscripts.TemplateProcessorRegistry] Registered template processor freemarker for extension ftl
19:24:18,395 INFO  [org.springframework.extensions.webscripts.ScriptProcessorRegistry] Registered script processor javascript for extension js
19:24:18,395 INFO  [org.springframework.extensions.webscripts.TemplateProcessorRegistry] Registered template processor freemarker for extension ftl
19:24:18,399 INFO  [org.springframework.extensions.webscripts.ScriptProcessorRegistry] Registered script processor javascript for extension js
19:24:19,763 INFO  [org.springframework.extensions.webscripts.DeclarativeRegistry] Registered 325 Web Scripts (+0 failed), 337 URLs
19:24:19,763 INFO  [org.springframework.extensions.webscripts.DeclarativeRegistry] Registered 8 Package Description Documents (+0 failed) 
19:24:19,763 INFO  [org.springframework.extensions.webscripts.DeclarativeRegistry] Registered 0 Schema Description Documents (+0 failed) 
19:24:19,917 INFO  [org.springframework.extensions.webscripts.AbstractRuntimeContainer] Initialised Spring Surf Container Web Script Container (in 1514.828ms)
19:24:19,921 INFO  [org.springframework.extensions.webscripts.TemplateProcessorRegistry] Registered template processor freemarker for extension ftl
19:24:19,925 INFO  [org.springframework.extensions.webscripts.ScriptProcessorRegistry] Registered script processor javascript for extension js
19:35:34,816 INFO  [org.springframework.extensions.webscripts.TemplateProcessorRegistry] Registered template processor freemarker for extension ftl
19:35:34,882 INFO  [org.springframework.extensions.webscripts.ScriptProcessorRegistry] Registered script processor javascript for extension js
19:35:34,883 INFO  [org.springframework.extensions.webscripts.TemplateProcessorRegistry] Registered template processor freemarker for extension ftl
19:35:34,885 INFO  [org.springframework.extensions.webscripts.ScriptProcessorRegistry] Registered script processor javascript for extension js
19:35:36,313 INFO  [org.springframework.extensions.webscripts.DeclarativeRegistry] Registered 325 Web Scripts (+0 failed), 337 URLs
19:35:36,314 INFO  [org.springframework.extensions.webscripts.DeclarativeRegistry] Registered 8 Package Description Documents (+0 failed) 
19:35:36,314 INFO  [org.springframework.extensions.webscripts.DeclarativeRegistry] Registered 0 Schema Description Documents (+0 failed) 
19:35:36,457 INFO  [org.springframework.extensions.webscripts.AbstractRuntimeContainer] Initialised Spring Surf Container Web Script Container (in 1568.749ms)
19:35:36,461 INFO  [org.springframework.extensions.webscripts.TemplateProcessorRegistry] Registered template processor freemarker for extension ftl
19:35:36,464 INFO  [org.springframework.extensions.webscripts.ScriptProcessorRegistry] Registered script processor javascript for extension js
19:35:55,285 INFO  [org.alfresco.web.site.EditionInterceptor] Successfully retrieved license information from Alfresco.
19:35:57,556 INFO  [org.alfresco.web.scripts.SyncModeConfig] Successfully retrieved Sync Mode configuration from Alfresco.
19:35:59,410 INFO  [org.alfresco.web.scripts.DictionaryQuery] Successfully retrieved dictionary information from Alfresco.
19:47:00,963 INFO  [org.springframework.extensions.webscripts.TemplateProcessorRegistry] Registered template processor freemarker for extension ftl
19:47:01,028 INFO  [org.springframework.extensions.webscripts.ScriptProcessorRegistry] Registered script processor javascript for extension js
19:47:01,028 INFO  [org.springframework.extensions.webscripts.TemplateProcessorRegistry] Registered template processor freemarker for extension ftl
19:47:01,031 INFO  [org.springframework.extensions.webscripts.ScriptProcessorRegistry] Registered script processor javascript for extension js
19:47:02,391 INFO  [org.springframework.extensions.webscripts.DeclarativeRegistry] Registered 325 Web Scripts (+0 failed), 337 URLs
19:47:02,391 INFO  [org.springframework.extensions.webscripts.DeclarativeRegistry] Registered 8 Package Description Documents (+0 failed) 
19:47:02,391 INFO  [org.springframework.extensions.webscripts.DeclarativeRegistry] Registered 0 Schema Description Documents (+0 failed) 
19:47:02,556 INFO  [org.springframework.extensions.webscripts.AbstractRuntimeContainer] Initialised Spring Surf Container Web Script Container (in 1520.535ms)
19:47:02,560 INFO  [org.springframework.extensions.webscripts.TemplateProcessorRegistry] Registered template processor freemarker for extension ftl
19:47:02,563 INFO  [org.springframework.extensions.webscripts.ScriptProcessorRegistry] Registered script processor javascript for extension js
19:52:09,622 INFO  [org.springframework.extensions.webscripts.TemplateProcessorRegistry] Registered template processor freemarker for extension ftl
19:52:09,685 INFO  [org.springframework.extensions.webscripts.ScriptProcessorRegistry] Registered script processor javascript for extension js
19:52:09,686 INFO  [org.springframework.extensions.webscripts.TemplateProcessorRegistry] Registered template processor freemarker for extension ftl
19:52:09,689 INFO  [org.springframework.extensions.webscripts.ScriptProcessorRegistry] Registered script processor javascript for extension js
19:52:11,058 INFO  [org.springframework.extensions.webscripts.DeclarativeRegistry] Registered 325 Web Scripts (+0 failed), 337 URLs
19:52:11,058 INFO  [org.springframework.extensions.webscripts.DeclarativeRegistry] Registered 8 Package Description Documents (+0 failed) 
19:52:11,058 INFO  [org.springframework.extensions.webscripts.DeclarativeRegistry] Registered 0 Schema Description Documents (+0 failed) 
19:52:11,216 INFO  [org.springframework.extensions.webscripts.AbstractRuntimeContainer] Initialised Spring Surf Container Web Script Container (in 1523.87ms)
19:52:11,220 INFO  [org.springframework.extensions.webscripts.TemplateProcessorRegistry] Registered template processor freemarker for extension ftl
19:52:11,223 INFO  [org.springframework.extensions.webscripts.ScriptProcessorRegistry] Registered script processor javascript for extension js
19:54:46,053 INFO  [org.springframework.extensions.webscripts.TemplateProcessorRegistry] Registered template processor freemarker for extension ftl
19:54:46,107 INFO  [org.springframework.extensions.webscripts.ScriptProcessorRegistry] Registered script processor javascript for extension js
19:54:46,107 INFO  [org.springframework.extensions.webscripts.TemplateProcessorRegistry] Registered template processor freemarker for extension ftl
19:54:46,110 INFO  [org.springframework.extensions.webscripts.ScriptProcessorRegistry] Registered script processor javascript for extension js
19:54:47,089 INFO  [org.springframework.extensions.webscripts.DeclarativeRegistry] Registered 325 Web Scripts (+0 failed), 337 URLs
19:54:47,089 INFO  [org.springframework.extensions.webscripts.DeclarativeRegistry] Registered 8 Package Description Documents (+0 failed) 
19:54:47,089 INFO  [org.springframework.extensions.webscripts.DeclarativeRegistry] Registered 0 Schema Description Documents (+0 failed) 
19:54:47,239 INFO  [org.springframework.extensions.webscripts.AbstractRuntimeContainer] Initialised Spring Surf Container Web Script Container (in 1126.022ms)
19:54:47,243 INFO  [org.springframework.extensions.webscripts.TemplateProcessorRegistry] Registered template processor freemarker for extension ftl
19:54:47,246 INFO  [org.springframework.extensions.webscripts.ScriptProcessorRegistry] Registered script processor javascript for extension js
20:10:04,035 INFO  [org.springframework.extensions.webscripts.TemplateProcessorRegistry] Registered template processor freemarker for extension ftl
20:10:04,099 INFO  [org.springframework.extensions.webscripts.ScriptProcessorRegistry] Registered script processor javascript for extension js
20:10:04,100 INFO  [org.springframework.extensions.webscripts.TemplateProcessorRegistry] Registered template processor freemarker for extension ftl
20:10:04,102 INFO  [org.springframework.extensions.webscripts.ScriptProcessorRegistry] Registered script processor javascript for extension js
20:10:05,464 INFO  [org.springframework.extensions.webscripts.DeclarativeRegistry] Registered 325 Web Scripts (+0 failed), 337 URLs
20:10:05,464 INFO  [org.springframework.extensions.webscripts.DeclarativeRegistry] Registered 8 Package Description Documents (+0 failed) 
20:10:05,464 INFO  [org.springframework.extensions.webscripts.DeclarativeRegistry] Registered 0 Schema Description Documents (+0 failed) 
20:10:05,620 INFO  [org.springframework.extensions.webscripts.AbstractRuntimeContainer] Initialised Spring Surf Container Web Script Container (in 1514.524ms)
20:10:05,624 INFO  [org.springframework.extensions.webscripts.TemplateProcessorRegistry] Registered template processor freemarker for extension ftl
20:10:05,627 INFO  [org.springframework.extensions.webscripts.ScriptProcessorRegistry] Registered script processor javascript for extension js
20:18:03,933 INFO  [org.springframework.extensions.webscripts.TemplateProcessorRegistry] Registered template processor freemarker for extension ftl
20:18:04,000 INFO  [org.springframework.extensions.webscripts.ScriptProcessorRegistry] Registered script processor javascript for extension js
20:18:04,000 INFO  [org.springframework.extensions.webscripts.TemplateProcessorRegistry] Registered template processor freemarker for extension ftl
20:18:04,003 INFO  [org.springframework.extensions.webscripts.ScriptProcessorRegistry] Registered script processor javascript for extension js
20:18:05,426 INFO  [org.springframework.extensions.webscripts.DeclarativeRegistry] Registered 325 Web Scripts (+0 failed), 337 URLs
20:18:05,426 INFO  [org.springframework.extensions.webscripts.DeclarativeRegistry] Registered 8 Package Description Documents (+0 failed) 
20:18:05,426 INFO  [org.springframework.extensions.webscripts.DeclarativeRegistry] Registered 0 Schema Description Documents (+0 failed) 
20:18:05,583 INFO  [org.springframework.extensions.webscripts.AbstractRuntimeContainer] Initialised Spring Surf Container Web Script Container (in 1576.533ms)
20:18:05,587 INFO  [org.springframework.extensions.webscripts.TemplateProcessorRegistry] Registered template processor freemarker for extension ftl
20:18:05,590 INFO  [org.springframework.extensions.webscripts.ScriptProcessorRegistry] Registered script processor javascript for extension js
20:22:05,813 INFO  [org.springframework.extensions.webscripts.TemplateProcessorRegistry] Registered template processor freemarker for extension ftl
20:22:05,865 INFO  [org.springframework.extensions.webscripts.ScriptProcessorRegistry] Registered script processor javascript for extension js
20:22:05,865 INFO  [org.springframework.extensions.webscripts.TemplateProcessorRegistry] Registered template processor freemarker for extension ftl
20:22:05,868 INFO  [org.springframework.extensions.webscripts.ScriptProcessorRegistry] Registered script processor javascript for extension js
20:22:06,835 INFO  [org.springframework.extensions.webscripts.DeclarativeRegistry] Registered 325 Web Scripts (+0 failed), 337 URLs
20:22:06,835 INFO  [org.springframework.extensions.webscripts.DeclarativeRegistry] Registered 8 Package Description Documents (+0 failed) 
20:22:06,835 INFO  [org.springframework.extensions.webscripts.DeclarativeRegistry] Registered 0 Schema Description Documents (+0 failed) 
20:22:06,981 INFO  [org.springframework.extensions.webscripts.AbstractRuntimeContainer] Initialised Spring Surf Container Web Script Container (in 1108.895ms)
20:22:06,987 INFO  [org.springframework.extensions.webscripts.TemplateProcessorRegistry] Registered template processor freemarker for extension ftl
20:22:06,990 INFO  [org.springframework.extensions.webscripts.ScriptProcessorRegistry] Registered script processor javascript for extension js
21:59:44,493 INFO  [org.springframework.extensions.webscripts.TemplateProcessorRegistry] Registered template processor freemarker for extension ftl
21:59:44,555 INFO  [org.springframework.extensions.webscripts.ScriptProcessorRegistry] Registered script processor javascript for extension js
21:59:44,555 INFO  [org.springframework.extensions.webscripts.TemplateProcessorRegistry] Registered template processor freemarker for extension ftl
21:59:44,558 INFO  [org.springframework.extensions.webscripts.ScriptProcessorRegistry] Registered script processor javascript for extension js
21:59:45,946 INFO  [org.springframework.extensions.webscripts.DeclarativeRegistry] Registered 325 Web Scripts (+0 failed), 337 URLs
21:59:45,946 INFO  [org.springframework.extensions.webscripts.DeclarativeRegistry] Registered 8 Package Description Documents (+0 failed) 
21:59:45,946 INFO  [org.springframework.extensions.webscripts.DeclarativeRegistry] Registered 0 Schema Description Documents (+0 failed) 
21:59:46,097 INFO  [org.springframework.extensions.webscripts.AbstractRuntimeContainer] Initialised Spring Surf Container Web Script Container (in 1500.993ms)
21:59:46,101 INFO  [org.springframework.extensions.webscripts.TemplateProcessorRegistry] Registered template processor freemarker for extension ftl
21:59:46,103 INFO  [org.springframework.extensions.webscripts.ScriptProcessorRegistry] Registered script processor javascript for extension js
22:05:41,753 INFO  [org.springframework.extensions.webscripts.TemplateProcessorRegistry] Registered template processor freemarker for extension ftl
22:05:41,815 INFO  [org.springframework.extensions.webscripts.ScriptProcessorRegistry] Registered script processor javascript for extension js
22:05:41,815 INFO  [org.springframework.extensions.webscripts.TemplateProcessorRegistry] Registered template processor freemarker for extension ftl
22:05:41,818 INFO  [org.springframework.extensions.webscripts.ScriptProcessorRegistry] Registered script processor javascript for extension js
22:05:43,192 INFO  [org.springframework.extensions.webscripts.DeclarativeRegistry] Registered 325 Web Scripts (+0 failed), 337 URLs
22:05:43,192 INFO  [org.springframework.extensions.webscripts.DeclarativeRegistry] Registered 8 Package Description Documents (+0 failed) 
22:05:43,192 INFO  [org.springframework.extensions.webscripts.DeclarativeRegistry] Registered 0 Schema Description Documents (+0 failed) 
22:05:43,345 INFO  [org.springframework.extensions.webscripts.AbstractRuntimeContainer] Initialised Spring Surf Container Web Script Container (in 1523.627ms)
22:05:43,349 INFO  [org.springframework.extensions.webscripts.TemplateProcessorRegistry] Registered template processor freemarker for extension ftl
22:05:43,352 INFO  [org.springframework.extensions.webscripts.ScriptProcessorRegistry] Registered script processor javascript for extension js
22:21:59,176 INFO  [org.springframework.extensions.webscripts.TemplateProcessorRegistry] Registered template processor freemarker for extension ftl
22:21:59,228 INFO  [org.springframework.extensions.webscripts.ScriptProcessorRegistry] Registered script processor javascript for extension js
22:21:59,228 INFO  [org.springframework.extensions.webscripts.TemplateProcessorRegistry] Registered template processor freemarker for extension ftl
22:21:59,231 INFO  [org.springframework.extensions.webscripts.ScriptProcessorRegistry] Registered script processor javascript for extension js
22:22:00,537 INFO  [org.springframework.extensions.webscripts.DeclarativeRegistry] Registered 325 Web Scripts (+0 failed), 337 URLs
22:22:00,537 INFO  [org.springframework.extensions.webscripts.DeclarativeRegistry] Registered 8 Package Description Documents (+0 failed) 
22:22:00,537 INFO  [org.springframework.extensions.webscripts.DeclarativeRegistry] Registered 0 Schema Description Documents (+0 failed) 
22:22:00,690 INFO  [org.springframework.extensions.webscripts.AbstractRuntimeContainer] Initialised Spring Surf Container Web Script Container (in 1455.248ms)
22:22:00,694 INFO  [org.springframework.extensions.webscripts.TemplateProcessorRegistry] Registered template processor freemarker for extension ftl
22:22:00,697 INFO  [org.springframework.extensions.webscripts.ScriptProcessorRegistry] Registered script processor javascript for extension js
22:32:26,252 INFO  [org.springframework.extensions.webscripts.TemplateProcessorRegistry] Registered template processor freemarker for extension ftl
22:32:26,309 INFO  [org.springframework.extensions.webscripts.ScriptProcessorRegistry] Registered script processor javascript for extension js
22:32:26,309 INFO  [org.springframework.extensions.webscripts.TemplateProcessorRegistry] Registered template processor freemarker for extension ftl
22:32:26,312 INFO  [org.springframework.extensions.webscripts.ScriptProcessorRegistry] Registered script processor javascript for extension js
22:32:27,297 INFO  [org.springframework.extensions.webscripts.DeclarativeRegistry] Registered 325 Web Scripts (+0 failed), 337 URLs
22:32:27,297 INFO  [org.springframework.extensions.webscripts.DeclarativeRegistry] Registered 8 Package Description Documents (+0 failed) 
22:32:27,297 INFO  [org.springframework.extensions.webscripts.DeclarativeRegistry] Registered 0 Schema Description Documents (+0 failed) 
22:32:27,451 INFO  [org.springframework.extensions.webscripts.AbstractRuntimeContainer] Initialised Spring Surf Container Web Script Container (in 1135.9349ms)
22:32:27,455 INFO  [org.springframework.extensions.webscripts.TemplateProcessorRegistry] Registered template processor freemarker for extension ftl
22:32:27,458 INFO  [org.springframework.extensions.webscripts.ScriptProcessorRegistry] Registered script processor javascript for extension js
